2018-06-18 00:35:16,923:INFO: Loading the datasets...
2018-06-18 00:35:16,963:INFO: - done.
2018-06-18 00:35:20,583:INFO: Starting training for 100 epoch(s)
2018-06-18 00:35:20,584:INFO: Epoch 1/100
2018-06-18 00:35:47,847:INFO: - Train metrics: PSNR: 5.864 ; SSIM: -0.050 ; loss: 18620.229
2018-06-18 00:35:51,312:INFO: - Eval metrics : PSNR: 8.396 ; SSIM: 0.352 ; loss: 10520.122
2018-06-18 00:35:51,401:INFO: - Found new best accuracy
2018-06-18 00:35:51,401:INFO: Epoch 2/100
2018-06-18 00:36:17,948:INFO: - Train metrics: PSNR: 7.959 ; SSIM: 0.338 ; loss: 11607.006
2018-06-18 00:36:21,409:INFO: - Eval metrics : PSNR: 17.058 ; SSIM: 0.560 ; loss: 1395.806
2018-06-18 00:36:21,420:INFO: - Found new best accuracy
2018-06-18 00:36:21,421:INFO: Epoch 3/100
2018-06-18 00:36:48,226:INFO: - Train metrics: PSNR: 16.803 ; SSIM: 0.544 ; loss: 1482.334
2018-06-18 00:36:51,680:INFO: - Eval metrics : PSNR: 18.578 ; SSIM: 0.650 ; loss: 970.488
2018-06-18 00:36:51,692:INFO: - Found new best accuracy
2018-06-18 00:36:51,692:INFO: Epoch 4/100
2018-06-18 00:37:18,680:INFO: - Train metrics: PSNR: 18.458 ; SSIM: 0.647 ; loss: 1013.687
2018-06-18 00:37:22,123:INFO: - Eval metrics : PSNR: 19.220 ; SSIM: 0.700 ; loss: 844.082
2018-06-18 00:37:22,134:INFO: - Found new best accuracy
2018-06-18 00:37:22,135:INFO: Epoch 5/100
