2018-05-27 03:57:32,285:INFO: Loading the datasets...
2018-05-27 03:57:32,285:INFO: - done.
2018-05-27 03:57:37,827:INFO: Starting training for 100 epoch(s)
2018-05-27 03:57:37,827:INFO: Restoring parameters from experiments/des_shallow_model/best.pth.tar
2018-05-27 03:57:48,800:INFO: Loading the datasets...
2018-05-27 03:57:48,801:INFO: - done.
2018-05-27 03:57:54,097:INFO: Starting training for 100 epoch(s)
2018-05-27 03:57:54,098:INFO: Epoch 1/100
2018-05-27 03:58:29,773:INFO: Loading the datasets...
2018-05-27 03:58:29,774:INFO: - done.
2018-05-27 03:58:35,277:INFO: Starting training for 100 epoch(s)
2018-05-27 03:58:35,278:INFO: Epoch 1/100
2018-05-27 03:59:14,407:INFO: Loading the datasets...
2018-05-27 03:59:14,407:INFO: - done.
2018-05-27 03:59:19,305:INFO: Starting training for 100 epoch(s)
2018-05-27 03:59:19,306:INFO: Epoch 1/100
2018-05-27 03:59:19,609:INFO: - Train metrics: PSNR: -6.028 ; SSIM: -0.016 ; loss: 18239.686
2018-05-27 03:59:19,912:INFO: - Eval metrics : PSNR: -4.728 ; SSIM: 0.038 ; loss: 15792.826
2018-05-27 03:59:20,053:INFO: Epoch 2/100
2018-05-27 03:59:20,316:INFO: - Train metrics: PSNR: -4.562 ; SSIM: 0.037 ; loss: 16608.600
2018-05-27 03:59:20,670:INFO: - Eval metrics : PSNR: -3.254 ; SSIM: 0.066 ; loss: 14335.359
2018-05-27 03:59:20,764:INFO: Epoch 3/100
2018-05-27 03:59:21,068:INFO: - Train metrics: PSNR: -2.976 ; SSIM: 0.082 ; loss: 15073.752
2018-05-27 03:59:21,433:INFO: - Eval metrics : PSNR: -1.748 ; SSIM: 0.091 ; loss: 12916.232
2018-05-27 03:59:21,513:INFO: Epoch 4/100
2018-05-27 03:59:21,825:INFO: - Train metrics: PSNR: -1.447 ; SSIM: 0.116 ; loss: 13579.521
2018-05-27 03:59:22,203:INFO: - Eval metrics : PSNR: 0.135 ; SSIM: 0.115 ; loss: 11503.958
2018-05-27 03:59:22,301:INFO: - Found new best accuracy
2018-05-27 03:59:22,302:INFO: Epoch 5/100
2018-05-27 03:59:22,610:INFO: - Train metrics: PSNR: 0.279 ; SSIM: 0.144 ; loss: 12093.324
2018-05-27 03:59:22,976:INFO: - Eval metrics : PSNR: 2.226 ; SSIM: 0.138 ; loss: 10084.901
2018-05-27 03:59:23,156:INFO: - Found new best accuracy
2018-05-27 03:59:23,157:INFO: Epoch 6/100
2018-05-27 03:59:23,465:INFO: - Train metrics: PSNR: 2.463 ; SSIM: 0.170 ; loss: 10600.503
2018-05-27 03:59:23,832:INFO: - Eval metrics : PSNR: 4.542 ; SSIM: 0.161 ; loss: 8660.183
2018-05-27 03:59:24,001:INFO: - Found new best accuracy
2018-05-27 03:59:24,002:INFO: Epoch 7/100
2018-05-27 03:59:24,308:INFO: - Train metrics: PSNR: 4.779 ; SSIM: 0.193 ; loss: 9099.598
2018-05-27 03:59:24,687:INFO: - Eval metrics : PSNR: 7.025 ; SSIM: 0.184 ; loss: 7245.887
2018-05-27 03:59:24,848:INFO: - Found new best accuracy
2018-05-27 03:59:24,848:INFO: Epoch 8/100
2018-05-27 03:59:25,158:INFO: - Train metrics: PSNR: 7.102 ; SSIM: 0.214 ; loss: 7607.232
2018-05-27 03:59:25,524:INFO: - Eval metrics : PSNR: 9.545 ; SSIM: 0.205 ; loss: 5878.321
2018-05-27 03:59:25,686:INFO: - Found new best accuracy
2018-05-27 03:59:25,686:INFO: Epoch 9/100
2018-05-27 03:59:26,006:INFO: - Train metrics: PSNR: 9.507 ; SSIM: 0.233 ; loss: 6159.034
2018-05-27 03:59:30,501:INFO: Loading the datasets...
2018-05-27 03:59:30,501:INFO: - done.
2018-05-27 03:59:35,633:INFO: Starting training for 100 epoch(s)
2018-05-27 03:59:35,634:INFO: Epoch 1/100
2018-05-27 03:59:35,939:INFO: - Train metrics: PSNR: -6.028 ; SSIM: -0.016 ; loss: 18239.686
2018-05-27 03:59:36,233:INFO: - Eval metrics : PSNR: -4.728 ; SSIM: 0.038 ; loss: 15792.827
2018-05-27 03:59:36,409:INFO: Epoch 2/100
2018-05-27 03:59:36,667:INFO: - Train metrics: PSNR: -4.562 ; SSIM: 0.037 ; loss: 16608.600
2018-05-27 03:59:36,970:INFO: - Eval metrics : PSNR: -3.254 ; SSIM: 0.066 ; loss: 14335.359
2018-05-27 03:59:37,050:INFO: Epoch 3/100
2018-05-27 03:59:37,318:INFO: - Train metrics: PSNR: -2.976 ; SSIM: 0.082 ; loss: 15073.752
2018-05-27 03:59:37,626:INFO: - Eval metrics : PSNR: -1.748 ; SSIM: 0.091 ; loss: 12916.248
2018-05-27 03:59:37,706:INFO: Epoch 4/100
2018-05-27 03:59:37,964:INFO: - Train metrics: PSNR: -1.447 ; SSIM: 0.116 ; loss: 13579.526
2018-05-27 03:59:38,257:INFO: - Eval metrics : PSNR: 0.136 ; SSIM: 0.115 ; loss: 11503.976
2018-05-27 03:59:38,437:INFO: - Found new best accuracy
2018-05-27 03:59:38,437:INFO: Epoch 5/100
2018-05-27 03:59:38,699:INFO: - Train metrics: PSNR: 0.279 ; SSIM: 0.144 ; loss: 12093.335
2018-05-27 03:59:39,074:INFO: - Eval metrics : PSNR: 2.229 ; SSIM: 0.138 ; loss: 10084.924
2018-05-27 03:59:39,259:INFO: - Found new best accuracy
2018-05-27 03:59:39,289:INFO: Epoch 6/100
2018-05-27 03:59:39,548:INFO: - Train metrics: PSNR: 2.463 ; SSIM: 0.170 ; loss: 10600.524
2018-05-27 03:59:39,859:INFO: - Eval metrics : PSNR: 4.544 ; SSIM: 0.161 ; loss: 8660.214
2018-05-27 03:59:40,026:INFO: - Found new best accuracy
2018-05-27 03:59:40,027:INFO: Epoch 7/100
2018-05-27 03:59:40,289:INFO: - Train metrics: PSNR: 4.779 ; SSIM: 0.193 ; loss: 9099.626
2018-05-27 03:59:40,596:INFO: - Eval metrics : PSNR: 7.027 ; SSIM: 0.184 ; loss: 7245.929
2018-05-27 03:59:40,691:INFO: - Found new best accuracy
2018-05-27 03:59:40,692:INFO: Epoch 8/100
2018-05-27 03:59:40,963:INFO: - Train metrics: PSNR: 7.103 ; SSIM: 0.214 ; loss: 7607.247
2018-05-27 03:59:41,339:INFO: - Eval metrics : PSNR: 9.548 ; SSIM: 0.205 ; loss: 5878.308
2018-05-27 03:59:41,519:INFO: - Found new best accuracy
2018-05-27 03:59:41,520:INFO: Epoch 9/100
2018-05-27 03:59:41,780:INFO: - Train metrics: PSNR: 9.507 ; SSIM: 0.233 ; loss: 6159.028
2018-05-27 03:59:42,083:INFO: - Eval metrics : PSNR: 12.067 ; SSIM: 0.225 ; loss: 4616.811
2018-05-27 03:59:42,237:INFO: - Found new best accuracy
2018-05-27 03:59:42,238:INFO: Epoch 10/100
2018-05-27 03:59:42,497:INFO: - Train metrics: PSNR: 11.938 ; SSIM: 0.250 ; loss: 4808.457
2018-05-27 03:59:42,796:INFO: - Eval metrics : PSNR: 14.479 ; SSIM: 0.242 ; loss: 3540.916
2018-05-27 03:59:42,966:INFO: - Found new best accuracy
2018-05-27 03:59:42,967:INFO: Epoch 11/100
2018-05-27 03:59:43,237:INFO: - Train metrics: PSNR: 14.357 ; SSIM: 0.265 ; loss: 3635.740
2018-05-27 03:59:43,532:INFO: - Eval metrics : PSNR: 16.564 ; SSIM: 0.257 ; loss: 2752.356
2018-05-27 03:59:43,686:INFO: - Found new best accuracy
2018-05-27 03:59:43,686:INFO: Epoch 12/100
2018-05-27 03:59:43,945:INFO: - Train metrics: PSNR: 16.468 ; SSIM: 0.276 ; loss: 2746.588
2018-05-27 03:59:44,249:INFO: - Eval metrics : PSNR: 17.959 ; SSIM: 0.269 ; loss: 2361.917
2018-05-27 03:59:44,421:INFO: - Found new best accuracy
2018-05-27 03:59:44,421:INFO: Epoch 13/100
2018-05-27 03:59:44,684:INFO: - Train metrics: PSNR: 18.052 ; SSIM: 0.286 ; loss: 2261.482
2018-05-27 03:59:44,981:INFO: - Eval metrics : PSNR: 18.547 ; SSIM: 0.279 ; loss: 2432.671
2018-05-27 03:59:45,135:INFO: - Found new best accuracy
2018-05-27 03:59:45,136:INFO: Epoch 14/100
2018-05-27 03:59:45,405:INFO: - Train metrics: PSNR: 18.753 ; SSIM: 0.293 ; loss: 2253.560
2018-05-27 03:59:45,705:INFO: - Eval metrics : PSNR: 18.404 ; SSIM: 0.287 ; loss: 2864.298
2018-05-27 03:59:45,757:INFO: Epoch 15/100
2018-05-27 03:59:46,078:INFO: - Train metrics: PSNR: 18.634 ; SSIM: 0.300 ; loss: 2629.910
2018-05-27 03:59:46,389:INFO: - Eval metrics : PSNR: 17.938 ; SSIM: 0.295 ; loss: 3347.050
2018-05-27 03:59:46,449:INFO: Epoch 16/100
2018-05-27 03:59:46,717:INFO: - Train metrics: PSNR: 18.196 ; SSIM: 0.307 ; loss: 3079.663
2018-05-27 03:59:47,010:INFO: - Eval metrics : PSNR: 17.550 ; SSIM: 0.303 ; loss: 3575.253
2018-05-27 03:59:47,061:INFO: Epoch 17/100
2018-05-27 03:59:47,318:INFO: - Train metrics: PSNR: 17.861 ; SSIM: 0.314 ; loss: 3290.980
2018-05-27 03:59:47,657:INFO: - Eval metrics : PSNR: 17.419 ; SSIM: 0.310 ; loss: 3472.262
2018-05-27 03:59:47,722:INFO: Epoch 18/100
2018-05-27 03:59:47,977:INFO: - Train metrics: PSNR: 17.757 ; SSIM: 0.321 ; loss: 3182.008
2018-05-27 03:59:48,268:INFO: - Eval metrics : PSNR: 17.451 ; SSIM: 0.316 ; loss: 3141.616
2018-05-27 03:59:48,330:INFO: Epoch 19/100
2018-05-27 03:59:48,596:INFO: - Train metrics: PSNR: 17.841 ; SSIM: 0.328 ; loss: 2859.274
2018-05-27 03:59:48,889:INFO: - Eval metrics : PSNR: 17.567 ; SSIM: 0.322 ; loss: 2734.312
2018-05-27 03:59:48,940:INFO: Epoch 20/100
2018-05-27 03:59:49,267:INFO: - Train metrics: PSNR: 18.066 ; SSIM: 0.335 ; loss: 2475.559
2018-05-27 03:59:49,567:INFO: - Eval metrics : PSNR: 17.650 ; SSIM: 0.328 ; loss: 2366.261
2018-05-27 03:59:49,630:INFO: Epoch 21/100
2018-05-27 03:59:49,889:INFO: - Train metrics: PSNR: 18.212 ; SSIM: 0.341 ; loss: 2143.167
2018-05-27 03:59:50,188:INFO: - Eval metrics : PSNR: 17.667 ; SSIM: 0.335 ; loss: 2094.809
2018-05-27 03:59:50,247:INFO: Epoch 22/100
2018-05-27 03:59:50,509:INFO: - Train metrics: PSNR: 18.258 ; SSIM: 0.349 ; loss: 1910.775
2018-05-27 03:59:50,813:INFO: - Eval metrics : PSNR: 17.590 ; SSIM: 0.341 ; loss: 1928.073
2018-05-27 03:59:50,865:INFO: Epoch 23/100
2018-05-27 03:59:51,124:INFO: - Train metrics: PSNR: 18.161 ; SSIM: 0.357 ; loss: 1782.470
2018-05-27 03:59:51,420:INFO: - Eval metrics : PSNR: 17.453 ; SSIM: 0.347 ; loss: 1847.204
2018-05-27 03:59:51,479:INFO: Epoch 24/100
2018-05-27 03:59:51,735:INFO: - Train metrics: PSNR: 17.948 ; SSIM: 0.365 ; loss: 1734.939
2018-05-27 03:59:52,032:INFO: - Eval metrics : PSNR: 17.308 ; SSIM: 0.354 ; loss: 1822.616
2018-05-27 03:59:52,091:INFO: Epoch 25/100
2018-05-27 03:59:52,348:INFO: - Train metrics: PSNR: 17.727 ; SSIM: 0.375 ; loss: 1737.706
2018-05-27 03:59:52,645:INFO: - Eval metrics : PSNR: 17.205 ; SSIM: 0.360 ; loss: 1825.005
2018-05-27 03:59:52,695:INFO: Epoch 26/100
2018-05-27 03:59:52,958:INFO: - Train metrics: PSNR: 17.544 ; SSIM: 0.384 ; loss: 1762.025
2018-05-27 03:59:53,263:INFO: - Eval metrics : PSNR: 17.128 ; SSIM: 0.367 ; loss: 1832.167
2018-05-27 03:59:53,307:INFO: Epoch 27/100
2018-05-27 03:59:53,570:INFO: - Train metrics: PSNR: 17.451 ; SSIM: 0.393 ; loss: 1785.854
2018-05-27 03:59:53,950:INFO: - Eval metrics : PSNR: 17.117 ; SSIM: 0.374 ; loss: 1829.917
2018-05-27 03:59:54,014:INFO: Epoch 28/100
2018-05-27 03:59:54,270:INFO: - Train metrics: PSNR: 17.437 ; SSIM: 0.402 ; loss: 1795.072
2018-05-27 03:59:54,565:INFO: - Eval metrics : PSNR: 17.182 ; SSIM: 0.381 ; loss: 1810.839
2018-05-27 03:59:54,615:INFO: Epoch 29/100
2018-05-27 03:59:54,870:INFO: - Train metrics: PSNR: 17.540 ; SSIM: 0.410 ; loss: 1782.468
2018-05-27 03:59:55,170:INFO: - Eval metrics : PSNR: 17.343 ; SSIM: 0.387 ; loss: 1773.173
2018-05-27 03:59:55,265:INFO: Epoch 30/100
2018-05-27 03:59:55,523:INFO: - Train metrics: PSNR: 17.767 ; SSIM: 0.418 ; loss: 1746.805
2018-05-27 03:59:55,831:INFO: - Eval metrics : PSNR: 17.566 ; SSIM: 0.394 ; loss: 1719.961
2018-05-27 03:59:55,882:INFO: Epoch 31/100
2018-05-27 03:59:56,201:INFO: - Train metrics: PSNR: 18.068 ; SSIM: 0.425 ; loss: 1691.230
2018-05-27 03:59:56,567:INFO: - Eval metrics : PSNR: 17.821 ; SSIM: 0.400 ; loss: 1657.641
2018-05-27 03:59:56,636:INFO: Epoch 32/100
2018-05-27 03:59:56,891:INFO: - Train metrics: PSNR: 18.411 ; SSIM: 0.431 ; loss: 1622.560
2018-05-27 03:59:57,191:INFO: - Eval metrics : PSNR: 18.080 ; SSIM: 0.405 ; loss: 1593.916
2018-05-27 03:59:57,254:INFO: Epoch 33/100
2018-05-27 03:59:57,512:INFO: - Train metrics: PSNR: 18.766 ; SSIM: 0.437 ; loss: 1549.591
2018-05-27 03:59:57,815:INFO: - Eval metrics : PSNR: 18.339 ; SSIM: 0.410 ; loss: 1536.743
2018-05-27 03:59:57,865:INFO: Epoch 34/100
2018-05-27 03:59:58,131:INFO: - Train metrics: PSNR: 19.099 ; SSIM: 0.442 ; loss: 1481.261
2018-05-27 03:59:58,434:INFO: - Eval metrics : PSNR: 18.549 ; SSIM: 0.415 ; loss: 1492.601
2018-05-27 03:59:58,618:INFO: - Found new best accuracy
2018-05-27 03:59:58,619:INFO: Epoch 35/100
2018-05-27 03:59:58,874:INFO: - Train metrics: PSNR: 19.387 ; SSIM: 0.446 ; loss: 1424.594
2018-05-27 03:59:59,176:INFO: - Eval metrics : PSNR: 18.708 ; SSIM: 0.418 ; loss: 1464.674
2018-05-27 03:59:59,330:INFO: - Found new best accuracy
2018-05-27 03:59:59,331:INFO: Epoch 36/100
2018-05-27 03:59:59,595:INFO: - Train metrics: PSNR: 19.615 ; SSIM: 0.449 ; loss: 1383.535
2018-05-27 03:59:59,892:INFO: - Eval metrics : PSNR: 18.826 ; SSIM: 0.421 ; loss: 1452.155
2018-05-27 04:00:00,046:INFO: - Found new best accuracy
2018-05-27 04:00:00,047:INFO: Epoch 37/100
2018-05-27 04:00:00,308:INFO: - Train metrics: PSNR: 19.768 ; SSIM: 0.451 ; loss: 1357.914
2018-05-27 04:00:00,622:INFO: - Eval metrics : PSNR: 18.893 ; SSIM: 0.423 ; loss: 1450.434
2018-05-27 04:00:00,715:INFO: - Found new best accuracy
2018-05-27 04:00:00,716:INFO: Epoch 38/100
2018-05-27 04:00:00,986:INFO: - Train metrics: PSNR: 19.847 ; SSIM: 0.453 ; loss: 1343.566
2018-05-27 04:00:01,373:INFO: - Eval metrics : PSNR: 18.911 ; SSIM: 0.424 ; loss: 1452.504
2018-05-27 04:00:01,533:INFO: - Found new best accuracy
2018-05-27 04:00:01,533:INFO: Epoch 39/100
2018-05-27 04:00:01,792:INFO: - Train metrics: PSNR: 19.876 ; SSIM: 0.454 ; loss: 1334.070
2018-05-27 04:00:02,087:INFO: - Eval metrics : PSNR: 18.885 ; SSIM: 0.425 ; loss: 1451.405
2018-05-27 04:00:02,146:INFO: Epoch 40/100
2018-05-27 04:00:02,405:INFO: - Train metrics: PSNR: 19.875 ; SSIM: 0.455 ; loss: 1322.567
2018-05-27 04:00:02,709:INFO: - Eval metrics : PSNR: 18.820 ; SSIM: 0.426 ; loss: 1442.573
2018-05-27 04:00:02,768:INFO: Epoch 41/100
2018-05-27 04:00:03,021:INFO: - Train metrics: PSNR: 19.847 ; SSIM: 0.456 ; loss: 1304.746
2018-05-27 04:00:03,318:INFO: - Eval metrics : PSNR: 18.766 ; SSIM: 0.428 ; loss: 1425.004
2018-05-27 04:00:03,376:INFO: Epoch 42/100
2018-05-27 04:00:03,633:INFO: - Train metrics: PSNR: 19.804 ; SSIM: 0.457 ; loss: 1279.782
2018-05-27 04:00:03,929:INFO: - Eval metrics : PSNR: 18.695 ; SSIM: 0.429 ; loss: 1400.937
2018-05-27 04:00:03,980:INFO: Epoch 43/100
2018-05-27 04:00:04,302:INFO: - Train metrics: PSNR: 19.745 ; SSIM: 0.458 ; loss: 1249.998
2018-05-27 04:00:04,592:INFO: - Eval metrics : PSNR: 18.627 ; SSIM: 0.430 ; loss: 1374.322
2018-05-27 04:00:04,660:INFO: Epoch 44/100
2018-05-27 04:00:04,917:INFO: - Train metrics: PSNR: 19.678 ; SSIM: 0.459 ; loss: 1219.530
2018-05-27 04:00:05,214:INFO: - Eval metrics : PSNR: 18.569 ; SSIM: 0.431 ; loss: 1349.453
2018-05-27 04:00:05,273:INFO: Epoch 45/100
2018-05-27 04:00:05,530:INFO: - Train metrics: PSNR: 19.621 ; SSIM: 0.460 ; loss: 1192.145
2018-05-27 04:00:05,822:INFO: - Eval metrics : PSNR: 18.518 ; SSIM: 0.432 ; loss: 1328.819
2018-05-27 04:00:05,881:INFO: Epoch 46/100
2018-05-27 04:00:06,139:INFO: - Train metrics: PSNR: 19.562 ; SSIM: 0.462 ; loss: 1170.240
2018-05-27 04:00:06,430:INFO: - Eval metrics : PSNR: 18.463 ; SSIM: 0.433 ; loss: 1312.938
2018-05-27 04:00:06,480:INFO: Epoch 47/100
2018-05-27 04:00:06,814:INFO: - Train metrics: PSNR: 19.510 ; SSIM: 0.463 ; loss: 1153.564
2018-05-27 04:00:07,113:INFO: - Eval metrics : PSNR: 18.420 ; SSIM: 0.434 ; loss: 1300.404
2018-05-27 04:00:07,173:INFO: Epoch 48/100
2018-05-27 04:00:07,430:INFO: - Train metrics: PSNR: 19.470 ; SSIM: 0.466 ; loss: 1140.088
2018-05-27 04:00:07,746:INFO: - Eval metrics : PSNR: 18.415 ; SSIM: 0.436 ; loss: 1288.940
2018-05-27 04:00:07,808:INFO: Epoch 49/100
2018-05-27 04:00:08,080:INFO: - Train metrics: PSNR: 19.457 ; SSIM: 0.468 ; loss: 1127.132
2018-05-27 04:00:08,467:INFO: - Eval metrics : PSNR: 18.443 ; SSIM: 0.438 ; loss: 1276.476
2018-05-27 04:00:08,532:INFO: Epoch 50/100
2018-05-27 04:00:08,804:INFO: - Train metrics: PSNR: 19.488 ; SSIM: 0.471 ; loss: 1112.516
2018-05-27 04:00:09,123:INFO: - Eval metrics : PSNR: 18.509 ; SSIM: 0.440 ; loss: 1261.919
2018-05-27 04:00:09,183:INFO: Epoch 51/100
2018-05-27 04:00:09,447:INFO: - Train metrics: PSNR: 19.573 ; SSIM: 0.474 ; loss: 1095.154
2018-05-27 04:00:09,751:INFO: - Eval metrics : PSNR: 18.620 ; SSIM: 0.442 ; loss: 1245.316
2018-05-27 04:00:09,809:INFO: Epoch 52/100
2018-05-27 04:00:10,063:INFO: - Train metrics: PSNR: 19.707 ; SSIM: 0.477 ; loss: 1075.104
2018-05-27 04:00:10,360:INFO: - Eval metrics : PSNR: 18.756 ; SSIM: 0.444 ; loss: 1227.601
2018-05-27 04:00:10,410:INFO: Epoch 53/100
2018-05-27 04:00:10,669:INFO: - Train metrics: PSNR: 19.868 ; SSIM: 0.480 ; loss: 1053.480
2018-05-27 04:00:10,956:INFO: - Eval metrics : PSNR: 18.897 ; SSIM: 0.447 ; loss: 1210.291
2018-05-27 04:00:11,031:INFO: Epoch 54/100
2018-05-27 04:00:11,286:INFO: - Train metrics: PSNR: 20.032 ; SSIM: 0.483 ; loss: 1031.860
2018-05-27 04:00:11,591:INFO: - Eval metrics : PSNR: 19.026 ; SSIM: 0.449 ; loss: 1194.702
2018-05-27 04:00:11,745:INFO: - Found new best accuracy
2018-05-27 04:00:11,746:INFO: Epoch 55/100
2018-05-27 04:00:12,007:INFO: - Train metrics: PSNR: 20.188 ; SSIM: 0.486 ; loss: 1011.816
2018-05-27 04:00:12,299:INFO: - Eval metrics : PSNR: 19.134 ; SSIM: 0.451 ; loss: 1181.657
2018-05-27 04:00:12,451:INFO: - Found new best accuracy
2018-05-27 04:00:12,451:INFO: Epoch 56/100
2018-05-27 04:00:12,711:INFO: - Train metrics: PSNR: 20.333 ; SSIM: 0.489 ; loss: 994.501
2018-05-27 04:00:13,010:INFO: - Eval metrics : PSNR: 19.229 ; SSIM: 0.454 ; loss: 1171.090
2018-05-27 04:00:13,163:INFO: - Found new best accuracy
2018-05-27 04:00:13,164:INFO: Epoch 57/100
2018-05-27 04:00:13,423:INFO: - Train metrics: PSNR: 20.455 ; SSIM: 0.492 ; loss: 980.096
2018-05-27 04:00:13,727:INFO: - Eval metrics : PSNR: 19.302 ; SSIM: 0.456 ; loss: 1162.192
2018-05-27 04:00:13,881:INFO: - Found new best accuracy
2018-05-27 04:00:13,881:INFO: Epoch 58/100
2018-05-27 04:00:14,148:INFO: - Train metrics: PSNR: 20.542 ; SSIM: 0.494 ; loss: 967.874
2018-05-27 04:00:14,443:INFO: - Eval metrics : PSNR: 19.354 ; SSIM: 0.457 ; loss: 1153.555
2018-05-27 04:00:14,597:INFO: - Found new best accuracy
2018-05-27 04:00:14,597:INFO: Epoch 59/100
2018-05-27 04:00:14,856:INFO: - Train metrics: PSNR: 20.606 ; SSIM: 0.496 ; loss: 956.559
2018-05-27 04:00:15,158:INFO: - Eval metrics : PSNR: 19.388 ; SSIM: 0.459 ; loss: 1143.856
2018-05-27 04:00:15,255:INFO: - Found new best accuracy
2018-05-27 04:00:15,255:INFO: Epoch 60/100
2018-05-27 04:00:15,512:INFO: - Train metrics: PSNR: 20.647 ; SSIM: 0.498 ; loss: 944.712
2018-05-27 04:00:15,810:INFO: - Eval metrics : PSNR: 19.408 ; SSIM: 0.460 ; loss: 1132.221
2018-05-27 04:00:15,970:INFO: - Found new best accuracy
2018-05-27 04:00:15,971:INFO: Epoch 61/100
2018-05-27 04:00:16,230:INFO: - Train metrics: PSNR: 20.666 ; SSIM: 0.499 ; loss: 931.357
2018-05-27 04:00:16,536:INFO: - Eval metrics : PSNR: 19.415 ; SSIM: 0.462 ; loss: 1118.590
2018-05-27 04:00:16,691:INFO: - Found new best accuracy
2018-05-27 04:00:16,691:INFO: Epoch 62/100
2018-05-27 04:00:16,953:INFO: - Train metrics: PSNR: 20.671 ; SSIM: 0.501 ; loss: 916.342
2018-05-27 04:00:17,258:INFO: - Eval metrics : PSNR: 19.412 ; SSIM: 0.463 ; loss: 1103.714
2018-05-27 04:00:17,318:INFO: Epoch 63/100
2018-05-27 04:00:17,573:INFO: - Train metrics: PSNR: 20.658 ; SSIM: 0.502 ; loss: 900.235
2018-05-27 04:00:17,865:INFO: - Eval metrics : PSNR: 19.395 ; SSIM: 0.464 ; loss: 1088.754
2018-05-27 04:00:17,925:INFO: Epoch 64/100
2018-05-27 04:00:18,183:INFO: - Train metrics: PSNR: 20.628 ; SSIM: 0.503 ; loss: 884.076
2018-05-27 04:00:18,485:INFO: - Eval metrics : PSNR: 19.368 ; SSIM: 0.464 ; loss: 1074.939
2018-05-27 04:03:45,315:INFO: Loading the datasets...
2018-05-27 04:03:45,514:INFO: - done.
2018-05-27 04:03:50,310:INFO: Starting training for 100 epoch(s)
2018-05-27 04:04:02,637:INFO: Loading the datasets...
2018-05-27 04:04:02,836:INFO: - done.
2018-05-27 04:04:07,606:INFO: Starting training for 100 epoch(s)
2018-05-27 04:04:07,607:INFO: Epoch 1/100
2018-05-27 04:07:38,758:INFO: - Train metrics: PSNR: 17.855 ; SSIM: 0.552 ; loss: 4778.562
2018-05-27 04:07:39,376:INFO: - Eval metrics : PSNR: 25.913 ; SSIM: 0.754 ; loss: 183.795
2018-05-27 04:07:39,682:INFO: - Found new best accuracy
2018-05-27 04:07:39,682:INFO: Epoch 2/100
2018-05-27 04:11:10,258:INFO: - Train metrics: PSNR: 26.089 ; SSIM: 0.751 ; loss: 179.041
2018-05-27 04:11:10,791:INFO: - Eval metrics : PSNR: 26.072 ; SSIM: 0.768 ; loss: 172.159
2018-05-27 04:11:10,980:INFO: - Found new best accuracy
2018-05-27 04:11:10,981:INFO: Epoch 3/100
2018-05-27 04:14:42,401:INFO: - Train metrics: PSNR: 26.316 ; SSIM: 0.766 ; loss: 166.048
2018-05-27 04:14:42,946:INFO: - Eval metrics : PSNR: 26.213 ; SSIM: 0.774 ; loss: 166.329
2018-05-27 04:14:43,125:INFO: - Found new best accuracy
2018-05-27 04:14:43,125:INFO: Epoch 4/100
2018-05-27 04:18:14,928:INFO: - Train metrics: PSNR: 26.456 ; SSIM: 0.780 ; loss: 170.830
2018-05-27 04:18:15,496:INFO: - Eval metrics : PSNR: 26.261 ; SSIM: 0.777 ; loss: 163.883
2018-05-27 04:18:15,682:INFO: - Found new best accuracy
2018-05-27 04:18:15,682:INFO: Epoch 5/100
2018-05-27 04:21:48,288:INFO: - Train metrics: PSNR: 26.772 ; SSIM: 0.777 ; loss: 152.434
2018-05-27 04:21:48,898:INFO: - Eval metrics : PSNR: 26.324 ; SSIM: 0.780 ; loss: 161.528
2018-05-27 04:21:49,088:INFO: - Found new best accuracy
2018-05-27 04:21:49,089:INFO: Epoch 6/100
2018-05-27 04:25:21,667:INFO: - Train metrics: PSNR: 26.634 ; SSIM: 0.785 ; loss: 150.713
2018-05-27 04:25:22,293:INFO: - Eval metrics : PSNR: 26.396 ; SSIM: 0.782 ; loss: 159.577
2018-05-27 04:25:22,475:INFO: - Found new best accuracy
2018-05-27 04:25:22,476:INFO: Epoch 7/100
2018-05-27 04:28:53,921:INFO: - Train metrics: PSNR: 26.762 ; SSIM: 0.786 ; loss: 145.823
2018-05-27 04:28:54,536:INFO: - Eval metrics : PSNR: 26.343 ; SSIM: 0.782 ; loss: 158.412
2018-05-27 04:28:54,649:INFO: Epoch 8/100
2018-05-27 04:32:26,104:INFO: - Train metrics: PSNR: 26.328 ; SSIM: 0.779 ; loss: 160.560
2018-05-27 04:32:26,731:INFO: - Eval metrics : PSNR: 26.430 ; SSIM: 0.783 ; loss: 157.286
2018-05-27 04:32:26,920:INFO: - Found new best accuracy
2018-05-27 04:32:26,921:INFO: Epoch 9/100
2018-05-27 04:35:59,469:INFO: - Train metrics: PSNR: 25.973 ; SSIM: 0.762 ; loss: 179.151
2018-05-27 04:36:00,036:INFO: - Eval metrics : PSNR: 26.397 ; SSIM: 0.784 ; loss: 157.131
2018-05-27 04:36:00,110:INFO: Epoch 10/100
2018-05-27 04:39:31,677:INFO: - Train metrics: PSNR: 26.493 ; SSIM: 0.780 ; loss: 160.204
2018-05-27 04:39:32,236:INFO: - Eval metrics : PSNR: 26.401 ; SSIM: 0.785 ; loss: 156.131
2018-05-27 04:39:32,359:INFO: Epoch 11/100
2018-05-27 04:43:04,409:INFO: - Train metrics: PSNR: 26.368 ; SSIM: 0.775 ; loss: 156.368
2018-05-27 04:43:04,986:INFO: - Eval metrics : PSNR: 26.381 ; SSIM: 0.785 ; loss: 155.924
2018-05-27 04:43:05,082:INFO: Epoch 12/100
2018-05-27 04:46:36,532:INFO: - Train metrics: PSNR: 26.132 ; SSIM: 0.773 ; loss: 161.396
2018-05-27 04:46:37,148:INFO: - Eval metrics : PSNR: 26.453 ; SSIM: 0.786 ; loss: 155.498
2018-05-27 04:46:37,345:INFO: - Found new best accuracy
2018-05-27 04:46:37,346:INFO: Epoch 13/100
2018-05-27 04:50:08,346:INFO: - Train metrics: PSNR: 26.849 ; SSIM: 0.784 ; loss: 142.073
2018-05-27 04:50:08,962:INFO: - Eval metrics : PSNR: 26.494 ; SSIM: 0.787 ; loss: 154.644
2018-05-27 04:50:09,147:INFO: - Found new best accuracy
2018-05-27 04:50:09,148:INFO: Epoch 14/100
2018-05-27 04:53:42,067:INFO: - Train metrics: PSNR: 26.508 ; SSIM: 0.789 ; loss: 155.861
2018-05-27 04:53:42,708:INFO: - Eval metrics : PSNR: 26.442 ; SSIM: 0.787 ; loss: 153.790
2018-05-27 04:53:42,815:INFO: Epoch 15/100
2018-05-27 04:57:15,001:INFO: - Train metrics: PSNR: 26.806 ; SSIM: 0.786 ; loss: 148.268
2018-05-27 04:57:15,570:INFO: - Eval metrics : PSNR: 26.511 ; SSIM: 0.787 ; loss: 153.752
2018-05-27 04:57:15,751:INFO: - Found new best accuracy
2018-05-27 04:57:15,752:INFO: Epoch 16/100
2018-05-27 05:00:49,109:INFO: - Train metrics: PSNR: 26.324 ; SSIM: 0.772 ; loss: 172.734
2018-05-27 05:00:49,728:INFO: - Eval metrics : PSNR: 26.513 ; SSIM: 0.788 ; loss: 153.305
2018-05-27 05:00:49,912:INFO: - Found new best accuracy
2018-05-27 05:00:49,927:INFO: Epoch 17/100
2018-05-27 05:04:20,205:INFO: - Train metrics: PSNR: 26.517 ; SSIM: 0.780 ; loss: 154.938
2018-05-27 05:04:20,817:INFO: - Eval metrics : PSNR: 26.498 ; SSIM: 0.788 ; loss: 153.498
2018-05-27 05:04:20,921:INFO: Epoch 18/100
2018-05-27 05:07:52,149:INFO: - Train metrics: PSNR: 26.530 ; SSIM: 0.783 ; loss: 160.391
2018-05-27 05:07:52,814:INFO: - Eval metrics : PSNR: 26.541 ; SSIM: 0.788 ; loss: 152.758
2018-05-27 05:07:53,108:INFO: - Found new best accuracy
2018-05-27 05:07:53,124:INFO: Epoch 19/100
2018-05-27 05:11:23,253:INFO: - Train metrics: PSNR: 26.616 ; SSIM: 0.788 ; loss: 149.335
2018-05-27 05:11:23,813:INFO: - Eval metrics : PSNR: 26.521 ; SSIM: 0.788 ; loss: 152.544
2018-05-27 05:11:23,911:INFO: Epoch 20/100
2018-05-27 05:14:55,122:INFO: - Train metrics: PSNR: 26.735 ; SSIM: 0.779 ; loss: 154.145
2018-05-27 05:14:55,681:INFO: - Eval metrics : PSNR: 26.483 ; SSIM: 0.789 ; loss: 153.065
2018-05-27 05:14:55,764:INFO: Epoch 21/100
2018-05-27 05:18:27,986:INFO: - Train metrics: PSNR: 26.733 ; SSIM: 0.793 ; loss: 151.101
2018-05-27 05:18:28,629:INFO: - Eval metrics : PSNR: 26.561 ; SSIM: 0.789 ; loss: 152.463
2018-05-27 05:18:28,827:INFO: - Found new best accuracy
2018-05-27 05:18:28,834:INFO: Epoch 22/100
2018-05-27 05:21:59,877:INFO: - Train metrics: PSNR: 26.988 ; SSIM: 0.785 ; loss: 141.443
2018-05-27 05:22:00,432:INFO: - Eval metrics : PSNR: 26.500 ; SSIM: 0.789 ; loss: 151.973
2018-05-27 05:22:00,525:INFO: Epoch 23/100
2018-05-27 05:25:33,187:INFO: - Train metrics: PSNR: 26.505 ; SSIM: 0.782 ; loss: 148.040
2018-05-27 05:25:33,742:INFO: - Eval metrics : PSNR: 26.560 ; SSIM: 0.789 ; loss: 151.703
2018-05-27 05:25:33,847:INFO: Epoch 24/100
2018-05-27 05:29:06,005:INFO: - Train metrics: PSNR: 26.375 ; SSIM: 0.770 ; loss: 167.209
2018-05-27 05:29:06,555:INFO: - Eval metrics : PSNR: 26.515 ; SSIM: 0.790 ; loss: 152.009
2018-05-27 05:29:06,655:INFO: Epoch 25/100
2018-05-27 05:32:39,110:INFO: - Train metrics: PSNR: 26.582 ; SSIM: 0.782 ; loss: 157.450
2018-05-27 05:32:39,737:INFO: - Eval metrics : PSNR: 26.545 ; SSIM: 0.789 ; loss: 151.379
2018-05-27 05:32:39,832:INFO: Epoch 26/100
2018-05-27 05:36:12,416:INFO: - Train metrics: PSNR: 26.562 ; SSIM: 0.786 ; loss: 156.853
2018-05-27 05:36:13,048:INFO: - Eval metrics : PSNR: 26.494 ; SSIM: 0.789 ; loss: 151.030
2018-05-27 05:36:13,159:INFO: Epoch 27/100
2018-05-27 05:39:44,436:INFO: - Train metrics: PSNR: 26.826 ; SSIM: 0.788 ; loss: 146.104
2018-05-27 05:39:45,074:INFO: - Eval metrics : PSNR: 26.529 ; SSIM: 0.790 ; loss: 151.630
2018-05-27 05:39:45,181:INFO: Epoch 28/100
2018-05-27 05:43:15,719:INFO: - Train metrics: PSNR: 27.040 ; SSIM: 0.791 ; loss: 134.697
2018-05-27 05:43:16,344:INFO: - Eval metrics : PSNR: 26.531 ; SSIM: 0.790 ; loss: 151.216
2018-05-27 05:43:16,462:INFO: Epoch 29/100
2018-05-27 05:46:48,427:INFO: - Train metrics: PSNR: 26.832 ; SSIM: 0.786 ; loss: 142.644
2018-05-27 05:46:49,005:INFO: - Eval metrics : PSNR: 26.582 ; SSIM: 0.790 ; loss: 150.897
2018-05-27 05:46:49,183:INFO: - Found new best accuracy
2018-05-27 05:46:49,198:INFO: Epoch 30/100
2018-05-27 05:50:22,550:INFO: - Train metrics: PSNR: 26.613 ; SSIM: 0.782 ; loss: 150.213
2018-05-27 05:50:23,200:INFO: - Eval metrics : PSNR: 26.525 ; SSIM: 0.790 ; loss: 150.649
2018-05-27 05:50:23,308:INFO: Epoch 31/100
2018-05-27 05:53:55,671:INFO: - Train metrics: PSNR: 26.151 ; SSIM: 0.770 ; loss: 171.113
2018-05-27 05:53:56,317:INFO: - Eval metrics : PSNR: 26.580 ; SSIM: 0.790 ; loss: 150.880
2018-05-27 05:53:56,416:INFO: Epoch 32/100
2018-05-27 05:57:27,557:INFO: - Train metrics: PSNR: 26.446 ; SSIM: 0.778 ; loss: 164.136
2018-05-27 05:57:28,207:INFO: - Eval metrics : PSNR: 26.576 ; SSIM: 0.790 ; loss: 150.307
2018-05-27 05:57:28,329:INFO: Epoch 33/100
2018-05-27 06:00:59,649:INFO: - Train metrics: PSNR: 27.097 ; SSIM: 0.797 ; loss: 132.939
2018-05-27 06:01:00,278:INFO: - Eval metrics : PSNR: 26.538 ; SSIM: 0.791 ; loss: 150.845
2018-05-27 06:01:00,369:INFO: Epoch 34/100
2018-05-27 06:04:31,586:INFO: - Train metrics: PSNR: 26.741 ; SSIM: 0.786 ; loss: 144.133
2018-05-27 06:04:32,245:INFO: - Eval metrics : PSNR: 26.519 ; SSIM: 0.790 ; loss: 150.283
2018-05-27 06:04:32,348:INFO: Epoch 35/100
2018-05-27 06:08:04,048:INFO: - Train metrics: PSNR: 26.808 ; SSIM: 0.788 ; loss: 141.524
2018-05-27 06:08:04,695:INFO: - Eval metrics : PSNR: 26.564 ; SSIM: 0.791 ; loss: 150.157
2018-05-27 06:08:04,812:INFO: Epoch 36/100
2018-05-27 06:11:37,309:INFO: - Train metrics: PSNR: 26.812 ; SSIM: 0.790 ; loss: 146.731
2018-05-27 06:11:37,936:INFO: - Eval metrics : PSNR: 26.588 ; SSIM: 0.791 ; loss: 150.309
2018-05-27 06:11:38,142:INFO: - Found new best accuracy
2018-05-27 06:11:38,143:INFO: Epoch 37/100
2018-05-27 06:15:11,109:INFO: - Train metrics: PSNR: 26.300 ; SSIM: 0.782 ; loss: 171.452
2018-05-27 06:15:11,751:INFO: - Eval metrics : PSNR: 26.550 ; SSIM: 0.791 ; loss: 150.198
2018-05-27 06:15:11,847:INFO: Epoch 38/100
2018-05-27 06:18:44,519:INFO: - Train metrics: PSNR: 26.499 ; SSIM: 0.782 ; loss: 150.979
2018-05-27 06:18:45,166:INFO: - Eval metrics : PSNR: 26.512 ; SSIM: 0.790 ; loss: 150.379
2018-05-27 06:18:45,271:INFO: Epoch 39/100
2018-05-27 06:19:06,414:INFO: Loading the datasets...
2018-05-27 06:19:06,609:INFO: - done.
2018-05-27 06:19:11,427:INFO: Starting training for 100 epoch(s)
2018-05-27 06:19:11,427:INFO: Restoring parameters from experiments/des_shallow_model/best.pth.tar
2018-05-27 06:19:11,569:INFO: Epoch 1/100
2018-05-27 06:22:43,665:INFO: - Train metrics: PSNR: 26.865 ; SSIM: 0.790 ; loss: 145.503
2018-05-27 06:22:44,303:INFO: - Eval metrics : PSNR: 26.538 ; SSIM: 0.791 ; loss: 150.517
2018-05-27 06:22:44,490:INFO: - Found new best accuracy
2018-05-27 06:22:44,491:INFO: Epoch 2/100
2018-05-27 06:26:16,600:INFO: - Train metrics: PSNR: 26.694 ; SSIM: 0.781 ; loss: 150.467
2018-05-27 06:26:17,248:INFO: - Eval metrics : PSNR: 26.557 ; SSIM: 0.791 ; loss: 150.067
2018-05-27 06:26:17,418:INFO: - Found new best accuracy
2018-05-27 06:26:17,419:INFO: Epoch 3/100
2018-05-27 06:29:48,884:INFO: - Train metrics: PSNR: 26.796 ; SSIM: 0.788 ; loss: 145.290
2018-05-27 06:29:49,533:INFO: - Eval metrics : PSNR: 26.560 ; SSIM: 0.791 ; loss: 150.076
2018-05-27 06:29:49,724:INFO: - Found new best accuracy
2018-05-27 06:29:49,724:INFO: Epoch 4/100
2018-05-27 06:33:21,064:INFO: - Train metrics: PSNR: 26.905 ; SSIM: 0.799 ; loss: 149.867
2018-05-27 06:33:21,694:INFO: - Eval metrics : PSNR: 26.543 ; SSIM: 0.791 ; loss: 149.954
2018-05-27 06:33:21,806:INFO: Epoch 5/100
2018-05-27 06:36:53,045:INFO: - Train metrics: PSNR: 27.122 ; SSIM: 0.792 ; loss: 137.979
2018-05-27 06:36:53,659:INFO: - Eval metrics : PSNR: 26.562 ; SSIM: 0.791 ; loss: 149.876
2018-05-27 06:36:53,866:INFO: - Found new best accuracy
2018-05-27 06:36:53,867:INFO: Epoch 6/100
2018-05-27 06:40:25,588:INFO: - Train metrics: PSNR: 27.001 ; SSIM: 0.798 ; loss: 137.016
2018-05-27 06:40:26,232:INFO: - Eval metrics : PSNR: 26.569 ; SSIM: 0.791 ; loss: 149.519
2018-05-27 06:40:26,420:INFO: - Found new best accuracy
2018-05-27 06:40:26,420:INFO: Epoch 7/100
2018-05-27 06:43:57,460:INFO: - Train metrics: PSNR: 27.076 ; SSIM: 0.798 ; loss: 134.319
2018-05-27 06:43:58,047:INFO: - Eval metrics : PSNR: 26.562 ; SSIM: 0.791 ; loss: 150.036
2018-05-27 06:43:58,145:INFO: Epoch 8/100
2018-05-27 06:47:29,658:INFO: - Train metrics: PSNR: 26.579 ; SSIM: 0.789 ; loss: 150.002
2018-05-27 06:47:30,281:INFO: - Eval metrics : PSNR: 26.559 ; SSIM: 0.791 ; loss: 149.573
2018-05-27 06:47:30,378:INFO: Epoch 9/100
2018-05-27 06:51:01,084:INFO: - Train metrics: PSNR: 26.206 ; SSIM: 0.771 ; loss: 169.467
2018-05-27 06:51:01,739:INFO: - Eval metrics : PSNR: 26.495 ; SSIM: 0.791 ; loss: 150.406
2018-05-27 06:51:01,830:INFO: Epoch 10/100
2018-05-27 06:54:33,519:INFO: - Train metrics: PSNR: 26.684 ; SSIM: 0.788 ; loss: 151.248
2018-05-27 06:54:34,098:INFO: - Eval metrics : PSNR: 26.551 ; SSIM: 0.791 ; loss: 149.883
2018-05-27 06:54:34,205:INFO: Epoch 11/100
2018-05-27 09:03:22,856:INFO: Loading the datasets...
2018-05-27 09:03:23,061:INFO: - done.
2018-05-27 09:03:28,619:INFO: Starting training for 100 epoch(s)
2018-05-27 09:03:28,620:INFO: Epoch 1/100
2018-05-27 09:08:41,992:INFO: - Train metrics: PSNR: 17.794 ; SSIM: 0.558 ; loss: 4112.339
2018-05-27 09:08:42,750:INFO: - Eval metrics : PSNR: 26.003 ; SSIM: 0.757 ; loss: 180.143
2018-05-27 09:08:43,667:INFO: - Found new best accuracy
2018-05-27 09:08:43,668:INFO: Epoch 2/100
2018-05-27 09:13:57,666:INFO: - Train metrics: PSNR: 26.180 ; SSIM: 0.760 ; loss: 181.942
2018-05-27 09:13:58,310:INFO: - Eval metrics : PSNR: 26.259 ; SSIM: 0.769 ; loss: 170.401
2018-05-27 09:13:59,129:INFO: - Found new best accuracy
2018-05-27 09:13:59,130:INFO: Epoch 3/100
2018-05-27 09:19:12,217:INFO: - Train metrics: PSNR: 25.771 ; SSIM: 0.749 ; loss: 193.451
2018-05-27 09:19:12,870:INFO: - Eval metrics : PSNR: 26.208 ; SSIM: 0.774 ; loss: 164.352
2018-05-27 09:19:13,284:INFO: Epoch 4/100
2018-05-27 09:24:28,044:INFO: - Train metrics: PSNR: 26.259 ; SSIM: 0.765 ; loss: 166.452
2018-05-27 09:24:28,795:INFO: - Eval metrics : PSNR: 26.339 ; SSIM: 0.779 ; loss: 160.511
2018-05-27 09:24:29,543:INFO: - Found new best accuracy
2018-05-27 09:24:29,544:INFO: Epoch 5/100
2018-05-27 09:29:43,250:INFO: - Train metrics: PSNR: 26.566 ; SSIM: 0.762 ; loss: 151.494
2018-05-27 09:29:43,895:INFO: - Eval metrics : PSNR: 26.349 ; SSIM: 0.781 ; loss: 158.276
2018-05-27 09:29:44,720:INFO: - Found new best accuracy
2018-05-27 09:29:44,721:INFO: Epoch 6/100
2018-05-27 09:34:58,565:INFO: - Train metrics: PSNR: 26.645 ; SSIM: 0.773 ; loss: 150.356
2018-05-27 09:34:59,304:INFO: - Eval metrics : PSNR: 26.402 ; SSIM: 0.783 ; loss: 156.169
2018-05-27 09:35:00,127:INFO: - Found new best accuracy
2018-05-27 09:35:00,127:INFO: Epoch 7/100
2018-05-27 09:39:43,975:INFO: Loading the datasets...
2018-05-27 09:39:44,169:INFO: - done.
2018-05-27 09:39:49,139:INFO: Starting training for 100 epoch(s)
2018-05-27 09:39:49,139:INFO: Epoch 1/100
2018-05-27 09:45:15,500:INFO: Loading the datasets...
2018-05-27 09:45:15,759:INFO: - done.
2018-05-27 09:45:25,684:INFO: Starting training for 100 epoch(s)
2018-05-27 09:45:25,685:INFO: Restoring parameters from experiments/des_shallow_model/best.pth.tar
2018-05-27 09:46:13,540:INFO: Loading the datasets...
2018-05-27 09:46:13,846:INFO: - done.
2018-05-27 09:46:23,704:INFO: Starting training for 100 epoch(s)
2018-05-27 09:46:23,705:INFO: Epoch 1/100
2018-05-27 10:03:12,324:INFO: - Train metrics: PSNR: 17.269 ; SSIM: 0.539 ; loss: 4827.633
2018-05-27 10:03:13,593:INFO: - Eval metrics : PSNR: 25.957 ; SSIM: 0.753 ; loss: 182.081
2018-05-27 10:03:14,936:INFO: - Found new best accuracy
2018-05-27 10:03:14,937:INFO: Epoch 2/100
2018-05-27 10:20:06,296:INFO: - Train metrics: PSNR: 26.233 ; SSIM: 0.751 ; loss: 174.273
2018-05-27 10:20:07,569:INFO: - Eval metrics : PSNR: 26.133 ; SSIM: 0.765 ; loss: 171.851
2018-05-27 10:20:08,873:INFO: - Found new best accuracy
2018-05-27 10:20:08,873:INFO: Epoch 3/100
2018-05-27 10:36:57,852:INFO: - Train metrics: PSNR: 26.415 ; SSIM: 0.763 ; loss: 166.935
2018-05-27 10:36:59,159:INFO: - Eval metrics : PSNR: 26.141 ; SSIM: 0.772 ; loss: 166.405
2018-05-27 10:37:00,395:INFO: - Found new best accuracy
2018-05-27 10:37:00,396:INFO: Epoch 4/100
2018-05-27 10:53:50,504:INFO: - Train metrics: PSNR: 25.987 ; SSIM: 0.754 ; loss: 177.800
2018-05-27 10:53:51,715:INFO: - Eval metrics : PSNR: 26.288 ; SSIM: 0.777 ; loss: 161.670
2018-05-27 10:53:52,981:INFO: - Found new best accuracy
2018-05-27 10:53:52,982:INFO: Epoch 5/100
2018-05-27 11:10:42,699:INFO: - Train metrics: PSNR: 26.362 ; SSIM: 0.773 ; loss: 161.570
2018-05-27 11:10:43,953:INFO: - Eval metrics : PSNR: 26.359 ; SSIM: 0.780 ; loss: 159.849
2018-05-27 11:10:45,237:INFO: - Found new best accuracy
2018-05-27 11:10:45,238:INFO: Epoch 6/100
2018-05-27 11:27:34,068:INFO: - Train metrics: PSNR: 26.600 ; SSIM: 0.778 ; loss: 149.337
2018-05-27 11:27:35,293:INFO: - Eval metrics : PSNR: 26.334 ; SSIM: 0.782 ; loss: 157.496
2018-05-27 11:27:35,956:INFO: Epoch 7/100
2018-05-27 11:44:27,776:INFO: - Train metrics: PSNR: 26.409 ; SSIM: 0.775 ; loss: 157.441
2018-05-27 11:44:29,027:INFO: - Eval metrics : PSNR: 26.451 ; SSIM: 0.783 ; loss: 156.702
2018-05-27 11:44:30,262:INFO: - Found new best accuracy
2018-05-27 11:44:30,263:INFO: Epoch 8/100
2018-05-27 12:01:18,676:INFO: - Train metrics: PSNR: 26.943 ; SSIM: 0.792 ; loss: 147.713
2018-05-27 12:01:19,932:INFO: - Eval metrics : PSNR: 26.444 ; SSIM: 0.785 ; loss: 154.866
2018-05-27 12:01:20,615:INFO: Epoch 9/100
2018-05-27 12:17:00,486:INFO: - Train metrics: PSNR: 26.486 ; SSIM: 0.775 ; loss: 158.348
2018-05-27 12:17:01,466:INFO: - Eval metrics : PSNR: 26.447 ; SSIM: 0.785 ; loss: 153.837
2018-05-27 12:17:02,084:INFO: Epoch 10/100
2018-05-27 12:30:43,916:INFO: - Train metrics: PSNR: 26.813 ; SSIM: 0.796 ; loss: 140.876
2018-05-27 12:30:44,889:INFO: - Eval metrics : PSNR: 26.450 ; SSIM: 0.786 ; loss: 153.470
2018-05-27 12:30:45,503:INFO: Epoch 11/100
2018-05-27 12:44:26,539:INFO: - Train metrics: PSNR: 26.923 ; SSIM: 0.780 ; loss: 144.998
2018-05-27 12:44:27,547:INFO: - Eval metrics : PSNR: 26.567 ; SSIM: 0.788 ; loss: 152.694
2018-05-27 12:44:28,791:INFO: - Found new best accuracy
2018-05-27 12:44:28,791:INFO: Epoch 12/100
2018-05-27 12:58:12,986:INFO: - Train metrics: PSNR: 26.905 ; SSIM: 0.783 ; loss: 140.208
2018-05-27 12:58:14,051:INFO: - Eval metrics : PSNR: 26.532 ; SSIM: 0.788 ; loss: 151.586
2018-05-27 12:58:14,689:INFO: Epoch 13/100
2018-05-27 13:11:57,071:INFO: - Train metrics: PSNR: 26.449 ; SSIM: 0.778 ; loss: 163.895
2018-05-27 13:11:58,088:INFO: - Eval metrics : PSNR: 26.503 ; SSIM: 0.788 ; loss: 151.480
2018-05-27 13:11:58,723:INFO: Epoch 14/100
2018-05-27 13:25:38,882:INFO: - Train metrics: PSNR: 27.084 ; SSIM: 0.798 ; loss: 142.964
2018-05-27 13:25:39,908:INFO: - Eval metrics : PSNR: 26.540 ; SSIM: 0.788 ; loss: 151.373
2018-05-27 13:25:40,549:INFO: Epoch 15/100
2018-05-27 13:33:19,236:INFO: - Train metrics: PSNR: 27.071 ; SSIM: 0.789 ; loss: 134.975
2018-05-27 13:33:19,862:INFO: - Eval metrics : PSNR: 26.545 ; SSIM: 0.789 ; loss: 150.797
2018-05-27 13:33:20,493:INFO: Epoch 16/100
2018-05-27 13:39:25,869:INFO: - Train metrics: PSNR: 26.667 ; SSIM: 0.791 ; loss: 151.574
2018-05-27 13:39:26,482:INFO: - Eval metrics : PSNR: 26.548 ; SSIM: 0.788 ; loss: 151.256
2018-05-27 13:39:27,094:INFO: Epoch 17/100
2018-05-27 13:45:33,116:INFO: - Train metrics: PSNR: 26.727 ; SSIM: 0.791 ; loss: 145.195
2018-05-27 13:45:33,714:INFO: - Eval metrics : PSNR: 26.550 ; SSIM: 0.790 ; loss: 150.575
2018-05-27 13:45:34,327:INFO: Epoch 18/100
2018-05-27 13:51:39,825:INFO: - Train metrics: PSNR: 26.608 ; SSIM: 0.787 ; loss: 165.876
2018-05-27 13:51:40,558:INFO: - Eval metrics : PSNR: 26.486 ; SSIM: 0.789 ; loss: 150.586
2018-05-27 13:51:41,267:INFO: Epoch 19/100
2018-05-27 13:57:47,563:INFO: - Train metrics: PSNR: 26.241 ; SSIM: 0.768 ; loss: 160.834
2018-05-27 13:57:48,218:INFO: - Eval metrics : PSNR: 26.565 ; SSIM: 0.790 ; loss: 150.786
2018-05-27 13:57:48,826:INFO: Epoch 20/100
2018-05-27 14:03:54,518:INFO: - Train metrics: PSNR: 27.121 ; SSIM: 0.786 ; loss: 134.385
2018-05-27 14:03:55,193:INFO: - Eval metrics : PSNR: 26.558 ; SSIM: 0.790 ; loss: 149.812
2018-05-27 14:03:55,827:INFO: Epoch 21/100
2018-05-27 14:10:01,830:INFO: - Train metrics: PSNR: 26.785 ; SSIM: 0.788 ; loss: 140.698
2018-05-27 14:10:02,459:INFO: - Eval metrics : PSNR: 26.574 ; SSIM: 0.790 ; loss: 149.811
2018-05-27 14:10:03,700:INFO: - Found new best accuracy
2018-05-27 14:10:03,700:INFO: Epoch 22/100
2018-05-27 14:16:10,011:INFO: - Train metrics: PSNR: 26.741 ; SSIM: 0.790 ; loss: 148.801
2018-05-27 14:16:10,641:INFO: - Eval metrics : PSNR: 26.576 ; SSIM: 0.791 ; loss: 149.541
2018-05-27 14:16:11,900:INFO: - Found new best accuracy
2018-05-27 14:16:11,901:INFO: Epoch 23/100
2018-05-27 14:22:17,472:INFO: - Train metrics: PSNR: 26.638 ; SSIM: 0.778 ; loss: 155.237
2018-05-27 14:22:18,219:INFO: - Eval metrics : PSNR: 26.634 ; SSIM: 0.791 ; loss: 149.670
2018-05-27 14:22:19,487:INFO: - Found new best accuracy
2018-05-27 14:22:19,487:INFO: Epoch 24/100
2018-05-27 14:28:25,723:INFO: - Train metrics: PSNR: 26.453 ; SSIM: 0.776 ; loss: 162.812
2018-05-27 14:28:26,348:INFO: - Eval metrics : PSNR: 26.610 ; SSIM: 0.791 ; loss: 149.933
2018-05-27 14:28:26,963:INFO: Epoch 25/100
2018-05-27 14:34:32,338:INFO: - Train metrics: PSNR: 26.706 ; SSIM: 0.797 ; loss: 149.632
2018-05-27 14:34:32,963:INFO: - Eval metrics : PSNR: 26.619 ; SSIM: 0.791 ; loss: 149.301
2018-05-27 14:34:33,576:INFO: Epoch 26/100
2018-05-27 14:40:39,788:INFO: - Train metrics: PSNR: 27.241 ; SSIM: 0.797 ; loss: 132.112
2018-05-27 14:40:40,496:INFO: - Eval metrics : PSNR: 26.551 ; SSIM: 0.791 ; loss: 149.938
2018-05-27 14:40:41,129:INFO: Epoch 27/100
2018-05-27 14:46:47,208:INFO: - Train metrics: PSNR: 26.796 ; SSIM: 0.791 ; loss: 142.666
2018-05-27 14:46:47,891:INFO: - Eval metrics : PSNR: 26.601 ; SSIM: 0.792 ; loss: 150.286
2018-05-27 14:46:48,504:INFO: Epoch 28/100
2018-05-27 14:52:55,249:INFO: - Train metrics: PSNR: 26.975 ; SSIM: 0.793 ; loss: 139.197
2018-05-27 14:52:55,958:INFO: - Eval metrics : PSNR: 26.604 ; SSIM: 0.792 ; loss: 149.418
2018-05-27 14:52:56,593:INFO: Epoch 29/100
2018-05-27 14:59:02,787:INFO: - Train metrics: PSNR: 26.943 ; SSIM: 0.785 ; loss: 143.590
2018-05-27 14:59:03,469:INFO: - Eval metrics : PSNR: 26.631 ; SSIM: 0.791 ; loss: 149.094
2018-05-27 14:59:04,083:INFO: Epoch 30/100
2018-05-27 15:05:10,290:INFO: - Train metrics: PSNR: 27.055 ; SSIM: 0.794 ; loss: 137.590
2018-05-27 15:05:10,985:INFO: - Eval metrics : PSNR: 26.523 ; SSIM: 0.791 ; loss: 149.588
2018-05-27 15:05:11,619:INFO: Epoch 31/100
2018-05-27 15:11:17,965:INFO: - Train metrics: PSNR: 26.868 ; SSIM: 0.797 ; loss: 140.124
2018-05-27 15:11:18,600:INFO: - Eval metrics : PSNR: 26.524 ; SSIM: 0.792 ; loss: 149.514
2018-05-27 15:11:19,199:INFO: Epoch 32/100
2018-05-27 15:17:25,159:INFO: - Train metrics: PSNR: 26.890 ; SSIM: 0.793 ; loss: 143.280
2018-05-27 15:17:25,861:INFO: - Eval metrics : PSNR: 26.565 ; SSIM: 0.792 ; loss: 149.024
2018-05-27 15:17:26,496:INFO: Epoch 33/100
2018-05-27 15:23:32,471:INFO: - Train metrics: PSNR: 26.926 ; SSIM: 0.789 ; loss: 143.560
2018-05-27 15:23:33,110:INFO: - Eval metrics : PSNR: 26.619 ; SSIM: 0.791 ; loss: 149.399
2018-05-27 15:23:33,723:INFO: Epoch 34/100
2018-05-27 15:29:39,794:INFO: - Train metrics: PSNR: 26.793 ; SSIM: 0.787 ; loss: 149.532
2018-05-27 15:29:40,492:INFO: - Eval metrics : PSNR: 26.612 ; SSIM: 0.792 ; loss: 148.930
2018-05-27 15:29:41,124:INFO: Epoch 35/100
2018-05-27 15:35:47,534:INFO: - Train metrics: PSNR: 27.349 ; SSIM: 0.799 ; loss: 125.664
2018-05-27 15:35:48,236:INFO: - Eval metrics : PSNR: 26.605 ; SSIM: 0.792 ; loss: 149.115
2018-05-27 15:35:48,846:INFO: Epoch 36/100
2018-05-27 15:41:54,548:INFO: - Train metrics: PSNR: 27.162 ; SSIM: 0.799 ; loss: 134.700
2018-05-27 15:41:55,177:INFO: - Eval metrics : PSNR: 26.544 ; SSIM: 0.791 ; loss: 149.318
2018-05-27 15:41:55,790:INFO: Epoch 37/100
2018-05-27 15:48:02,670:INFO: - Train metrics: PSNR: 27.264 ; SSIM: 0.795 ; loss: 130.895
2018-05-27 15:48:03,396:INFO: - Eval metrics : PSNR: 26.625 ; SSIM: 0.792 ; loss: 150.980
2018-05-27 15:48:04,033:INFO: Epoch 38/100
2018-05-27 15:54:11,016:INFO: - Train metrics: PSNR: 26.704 ; SSIM: 0.779 ; loss: 155.399
2018-05-27 15:54:11,645:INFO: - Eval metrics : PSNR: 26.615 ; SSIM: 0.792 ; loss: 149.259
2018-05-27 15:54:12,215:INFO: Epoch 39/100
2018-05-27 16:00:18,326:INFO: - Train metrics: PSNR: 27.030 ; SSIM: 0.795 ; loss: 139.730
2018-05-27 16:00:18,943:INFO: - Eval metrics : PSNR: 26.586 ; SSIM: 0.792 ; loss: 149.030
2018-05-27 16:00:19,554:INFO: Epoch 40/100
2018-05-27 16:06:25,486:INFO: - Train metrics: PSNR: 27.409 ; SSIM: 0.795 ; loss: 120.641
2018-05-27 16:06:26,101:INFO: - Eval metrics : PSNR: 26.555 ; SSIM: 0.792 ; loss: 149.272
2018-05-27 16:06:26,714:INFO: Epoch 41/100
2018-05-27 16:12:32,466:INFO: - Train metrics: PSNR: 26.992 ; SSIM: 0.803 ; loss: 145.007
2018-05-27 16:12:33,181:INFO: - Eval metrics : PSNR: 26.594 ; SSIM: 0.792 ; loss: 148.973
2018-05-27 16:12:33,796:INFO: Epoch 42/100
2018-05-27 16:18:39,551:INFO: - Train metrics: PSNR: 27.416 ; SSIM: 0.801 ; loss: 125.367
2018-05-27 16:18:40,194:INFO: - Eval metrics : PSNR: 26.542 ; SSIM: 0.792 ; loss: 149.510
2018-05-27 16:18:40,806:INFO: Epoch 43/100
2018-05-27 16:24:46,606:INFO: - Train metrics: PSNR: 27.156 ; SSIM: 0.798 ; loss: 132.680
2018-05-27 16:24:47,294:INFO: - Eval metrics : PSNR: 26.624 ; SSIM: 0.792 ; loss: 149.693
2018-05-27 16:24:47,907:INFO: Epoch 44/100
2018-05-27 16:30:54,204:INFO: - Train metrics: PSNR: 26.980 ; SSIM: 0.786 ; loss: 137.722
2018-05-27 16:30:55,055:INFO: - Eval metrics : PSNR: 26.593 ; SSIM: 0.792 ; loss: 150.122
2018-05-27 16:30:55,688:INFO: Epoch 45/100
2018-05-27 16:37:02,431:INFO: - Train metrics: PSNR: 27.149 ; SSIM: 0.801 ; loss: 128.813
2018-05-27 16:37:03,148:INFO: - Eval metrics : PSNR: 26.591 ; SSIM: 0.792 ; loss: 150.278
2018-05-27 16:37:03,736:INFO: Epoch 46/100
2018-05-27 16:43:10,363:INFO: - Train metrics: PSNR: 27.162 ; SSIM: 0.789 ; loss: 131.088
2018-05-27 16:43:11,084:INFO: - Eval metrics : PSNR: 26.552 ; SSIM: 0.792 ; loss: 148.991
2018-05-27 16:43:11,698:INFO: Epoch 47/100
2018-05-27 16:49:17,777:INFO: - Train metrics: PSNR: 26.690 ; SSIM: 0.782 ; loss: 149.892
2018-05-27 16:49:18,490:INFO: - Eval metrics : PSNR: 26.608 ; SSIM: 0.792 ; loss: 149.807
2018-05-27 16:49:19,123:INFO: Epoch 48/100
2018-05-27 16:55:25,875:INFO: - Train metrics: PSNR: 27.198 ; SSIM: 0.798 ; loss: 132.710
2018-05-27 16:55:26,596:INFO: - Eval metrics : PSNR: 26.550 ; SSIM: 0.792 ; loss: 150.329
2018-05-27 16:55:27,186:INFO: Epoch 49/100
2018-05-27 17:01:32,629:INFO: - Train metrics: PSNR: 27.163 ; SSIM: 0.791 ; loss: 137.344
2018-05-27 17:01:33,278:INFO: - Eval metrics : PSNR: 26.606 ; SSIM: 0.792 ; loss: 149.764
2018-05-27 17:01:33,891:INFO: Epoch 50/100
2018-05-27 17:07:40,079:INFO: - Train metrics: PSNR: 27.003 ; SSIM: 0.792 ; loss: 134.007
2018-05-27 17:07:40,735:INFO: - Eval metrics : PSNR: 26.556 ; SSIM: 0.792 ; loss: 151.661
2018-05-27 17:07:41,349:INFO: Epoch 51/100
2018-05-27 17:13:47,109:INFO: - Train metrics: PSNR: 27.037 ; SSIM: 0.791 ; loss: 137.068
2018-05-27 17:13:47,743:INFO: - Eval metrics : PSNR: 26.594 ; SSIM: 0.792 ; loss: 150.930
2018-05-27 17:13:48,355:INFO: Epoch 52/100
2018-05-27 17:19:54,676:INFO: - Train metrics: PSNR: 26.827 ; SSIM: 0.796 ; loss: 152.837
2018-05-27 17:19:55,374:INFO: - Eval metrics : PSNR: 26.537 ; SSIM: 0.792 ; loss: 150.979
2018-05-27 17:19:55,987:INFO: Epoch 53/100
2018-05-27 17:26:02,194:INFO: - Train metrics: PSNR: 27.271 ; SSIM: 0.804 ; loss: 130.785
2018-05-27 17:26:02,924:INFO: - Eval metrics : PSNR: 26.570 ; SSIM: 0.792 ; loss: 150.566
2018-05-27 17:26:03,555:INFO: Epoch 54/100
2018-05-27 17:32:09,242:INFO: - Train metrics: PSNR: 26.989 ; SSIM: 0.798 ; loss: 144.273
2018-05-27 17:32:09,947:INFO: - Eval metrics : PSNR: 26.552 ; SSIM: 0.792 ; loss: 151.137
2018-05-27 17:32:10,562:INFO: Epoch 55/100
2018-05-27 17:38:17,157:INFO: - Train metrics: PSNR: 26.896 ; SSIM: 0.796 ; loss: 139.284
2018-05-27 17:38:17,884:INFO: - Eval metrics : PSNR: 26.552 ; SSIM: 0.792 ; loss: 149.696
2018-05-27 17:38:18,515:INFO: Epoch 56/100
2018-05-27 17:44:24,745:INFO: - Train metrics: PSNR: 26.876 ; SSIM: 0.790 ; loss: 145.319
2018-05-27 17:44:25,459:INFO: - Eval metrics : PSNR: 26.542 ; SSIM: 0.792 ; loss: 150.660
2018-05-27 17:44:26,056:INFO: Epoch 57/100
2018-05-27 17:50:32,449:INFO: - Train metrics: PSNR: 27.224 ; SSIM: 0.798 ; loss: 132.863
2018-05-27 17:50:33,117:INFO: - Eval metrics : PSNR: 26.579 ; SSIM: 0.792 ; loss: 150.095
2018-05-27 17:50:33,751:INFO: Epoch 58/100
2018-05-27 17:56:39,650:INFO: - Train metrics: PSNR: 27.366 ; SSIM: 0.801 ; loss: 122.299
2018-05-27 17:56:40,352:INFO: - Eval metrics : PSNR: 26.601 ; SSIM: 0.792 ; loss: 150.195
2018-05-27 17:56:40,983:INFO: Epoch 59/100
2018-05-27 18:02:47,491:INFO: - Train metrics: PSNR: 26.833 ; SSIM: 0.784 ; loss: 146.802
2018-05-27 18:02:48,150:INFO: - Eval metrics : PSNR: 26.532 ; SSIM: 0.791 ; loss: 150.913
2018-05-27 18:02:48,764:INFO: Epoch 60/100
2018-05-27 18:08:54,721:INFO: - Train metrics: PSNR: 27.462 ; SSIM: 0.794 ; loss: 132.969
2018-05-27 18:08:55,435:INFO: - Eval metrics : PSNR: 26.601 ; SSIM: 0.792 ; loss: 150.935
2018-05-27 18:08:56,067:INFO: Epoch 61/100
