2018-05-27 06:59:04,132:INFO: Loading the datasets...
2018-05-27 06:59:04,132:INFO: - done.
2018-05-27 06:59:09,647:INFO: Starting training for 100 epoch(s)
2018-05-27 06:59:09,648:INFO: Epoch 1/100
2018-05-27 07:00:25,818:INFO: Loading the datasets...
2018-05-27 07:00:25,818:INFO: - done.
2018-05-27 07:00:31,306:INFO: Starting training for 100 epoch(s)
2018-05-27 07:00:31,307:INFO: Epoch 1/100
2018-05-27 07:00:31,741:INFO: - Train metrics: accuracy: -22.490 ; loss: 17650.656
2018-05-27 07:00:32,075:INFO: - Eval metrics : accuracy: -21.648 ; loss: 16678.451
2018-05-27 07:01:22,541:INFO: Loading the datasets...
2018-05-27 07:01:22,541:INFO: - done.
2018-05-27 07:01:27,852:INFO: Starting training for 100 epoch(s)
2018-05-27 07:01:27,852:INFO: Epoch 1/100
2018-05-27 07:01:51,503:INFO: Loading the datasets...
2018-05-27 07:01:51,503:INFO: - done.
2018-05-27 07:01:56,943:INFO: Starting training for 100 epoch(s)
2018-05-27 07:01:56,944:INFO: Epoch 1/100
2018-05-27 07:01:57,259:INFO: - Train metrics: PSNR: -22.490 ; SSIM: -0.031 ; loss: 17650.656
2018-05-27 07:01:57,655:INFO: - Eval metrics : PSNR: -21.648 ; SSIM: 0.001 ; loss: 16678.451
2018-05-27 07:01:57,781:INFO: Epoch 2/100
2018-05-27 07:01:58,090:INFO: - Train metrics: PSNR: -21.730 ; SSIM: -0.017 ; loss: 17493.166
2018-05-27 07:01:58,488:INFO: - Eval metrics : PSNR: -20.900 ; SSIM: 0.015 ; loss: 16524.850
2018-05-27 07:01:58,493:INFO: Epoch 3/100
2018-05-27 07:01:58,900:INFO: - Train metrics: PSNR: -20.982 ; SSIM: -0.003 ; loss: 17336.887
2018-05-27 07:01:59,307:INFO: - Eval metrics : PSNR: -20.203 ; SSIM: 0.027 ; loss: 16372.311
2018-05-27 07:01:59,311:INFO: Epoch 4/100
2018-05-27 07:01:59,663:INFO: - Train metrics: PSNR: -20.286 ; SSIM: 0.010 ; loss: 17181.656
2018-05-27 07:02:00,017:INFO: - Eval metrics : PSNR: -19.552 ; SSIM: 0.038 ; loss: 16220.793
2018-05-27 07:02:00,021:INFO: Epoch 5/100
2018-05-27 07:02:00,416:INFO: - Train metrics: PSNR: -19.635 ; SSIM: 0.024 ; loss: 17027.438
2018-05-27 07:02:00,815:INFO: - Eval metrics : PSNR: -18.939 ; SSIM: 0.048 ; loss: 16070.261
2018-05-27 07:02:00,820:INFO: Epoch 6/100
2018-05-27 07:02:12,498:INFO: Loading the datasets...
2018-05-27 07:02:12,701:INFO: - done.
2018-05-27 07:02:18,165:INFO: Starting training for 100 epoch(s)
2018-05-27 07:02:18,166:INFO: Epoch 1/100
2018-05-27 07:02:37,601:INFO: - Train metrics: PSNR: -22.577 ; SSIM: -0.021 ; loss: 17683.111
2018-05-27 07:02:38,073:INFO: - Eval metrics : PSNR: 19.370 ; SSIM: 0.531 ; loss: 904.552
2018-05-27 07:02:38,198:INFO: - Found new best accuracy
2018-05-27 07:02:38,199:INFO: Epoch 2/100
2018-05-27 07:02:57,756:INFO: - Train metrics: PSNR: 19.319 ; SSIM: 0.524 ; loss: 971.322
2018-05-27 07:02:58,247:INFO: - Eval metrics : PSNR: 21.139 ; SSIM: 0.613 ; loss: 550.768
2018-05-27 07:02:58,256:INFO: - Found new best accuracy
2018-05-27 07:02:58,257:INFO: Epoch 3/100
2018-05-27 07:03:18,036:INFO: - Train metrics: PSNR: 21.349 ; SSIM: 0.618 ; loss: 553.853
2018-05-27 07:03:18,500:INFO: - Eval metrics : PSNR: 23.306 ; SSIM: 0.654 ; loss: 348.200
2018-05-27 07:03:18,513:INFO: - Found new best accuracy
2018-05-27 07:03:18,513:INFO: Epoch 4/100
2018-05-27 07:03:38,102:INFO: - Train metrics: PSNR: 23.662 ; SSIM: 0.662 ; loss: 317.719
2018-05-27 07:03:38,570:INFO: - Eval metrics : PSNR: 23.902 ; SSIM: 0.678 ; loss: 306.718
2018-05-27 07:03:38,580:INFO: - Found new best accuracy
2018-05-27 07:03:38,580:INFO: Epoch 5/100
2018-05-27 07:03:58,193:INFO: - Train metrics: PSNR: 23.715 ; SSIM: 0.672 ; loss: 327.329
2018-05-27 07:03:58,679:INFO: - Eval metrics : PSNR: 24.285 ; SSIM: 0.695 ; loss: 280.068
2018-05-27 07:03:58,685:INFO: - Found new best accuracy
2018-05-27 07:03:58,685:INFO: Epoch 6/100
2018-05-27 07:04:18,439:INFO: - Train metrics: PSNR: 24.411 ; SSIM: 0.688 ; loss: 268.894
2018-05-27 07:04:18,919:INFO: - Eval metrics : PSNR: 24.462 ; SSIM: 0.704 ; loss: 265.837
2018-05-27 07:04:18,929:INFO: - Found new best accuracy
2018-05-27 07:04:18,930:INFO: Epoch 7/100
2018-05-27 07:04:38,514:INFO: - Train metrics: PSNR: 24.752 ; SSIM: 0.712 ; loss: 243.924
2018-05-27 07:04:38,983:INFO: - Eval metrics : PSNR: 24.519 ; SSIM: 0.710 ; loss: 257.372
2018-05-27 07:04:38,988:INFO: - Found new best accuracy
2018-05-27 07:04:38,988:INFO: Epoch 8/100
2018-05-27 07:04:58,601:INFO: - Train metrics: PSNR: 24.575 ; SSIM: 0.712 ; loss: 257.839
2018-05-27 07:04:59,085:INFO: - Eval metrics : PSNR: 24.646 ; SSIM: 0.714 ; loss: 250.303
2018-05-27 07:04:59,096:INFO: - Found new best accuracy
2018-05-27 07:04:59,096:INFO: Epoch 9/100
2018-05-27 07:05:18,810:INFO: - Train metrics: PSNR: 24.832 ; SSIM: 0.723 ; loss: 250.521
2018-05-27 07:05:19,288:INFO: - Eval metrics : PSNR: 24.723 ; SSIM: 0.718 ; loss: 245.266
2018-05-27 07:05:19,294:INFO: - Found new best accuracy
2018-05-27 07:05:19,295:INFO: Epoch 10/100
2018-05-27 07:05:39,024:INFO: - Train metrics: PSNR: 25.031 ; SSIM: 0.718 ; loss: 222.626
2018-05-27 07:05:39,489:INFO: - Eval metrics : PSNR: 24.848 ; SSIM: 0.721 ; loss: 240.158
2018-05-27 07:05:39,497:INFO: - Found new best accuracy
2018-05-27 07:05:39,497:INFO: Epoch 11/100
2018-05-27 07:05:59,139:INFO: - Train metrics: PSNR: 24.739 ; SSIM: 0.714 ; loss: 245.255
2018-05-27 07:05:59,614:INFO: - Eval metrics : PSNR: 25.182 ; SSIM: 0.721 ; loss: 221.945
2018-05-27 07:05:59,623:INFO: - Found new best accuracy
2018-05-27 07:05:59,624:INFO: Epoch 12/100
2018-05-27 07:06:19,139:INFO: - Train metrics: PSNR: 25.578 ; SSIM: 0.730 ; loss: 201.816
2018-05-27 07:06:19,623:INFO: - Eval metrics : PSNR: 25.282 ; SSIM: 0.725 ; loss: 216.609
2018-05-27 07:06:19,629:INFO: - Found new best accuracy
2018-05-27 07:06:19,630:INFO: Epoch 13/100
2018-05-27 07:06:39,285:INFO: - Train metrics: PSNR: 25.635 ; SSIM: 0.731 ; loss: 195.269
2018-05-27 07:06:39,755:INFO: - Eval metrics : PSNR: 25.315 ; SSIM: 0.726 ; loss: 213.604
2018-05-27 07:06:39,762:INFO: - Found new best accuracy
2018-05-27 07:06:39,763:INFO: Epoch 14/100
2018-05-27 07:06:59,341:INFO: - Train metrics: PSNR: 25.289 ; SSIM: 0.719 ; loss: 221.483
2018-05-27 07:06:59,836:INFO: - Eval metrics : PSNR: 25.346 ; SSIM: 0.727 ; loss: 211.546
2018-05-27 07:06:59,842:INFO: - Found new best accuracy
2018-05-27 07:06:59,843:INFO: Epoch 15/100
2018-05-27 07:07:19,425:INFO: - Train metrics: PSNR: 25.313 ; SSIM: 0.721 ; loss: 218.616
2018-05-27 07:07:19,894:INFO: - Eval metrics : PSNR: 25.370 ; SSIM: 0.729 ; loss: 209.873
2018-05-27 07:07:19,899:INFO: - Found new best accuracy
2018-05-27 07:07:19,899:INFO: Epoch 16/100
2018-05-27 07:07:39,463:INFO: - Train metrics: PSNR: 25.330 ; SSIM: 0.724 ; loss: 214.842
2018-05-27 07:07:39,939:INFO: - Eval metrics : PSNR: 25.430 ; SSIM: 0.730 ; loss: 208.473
2018-05-27 07:07:39,945:INFO: - Found new best accuracy
2018-05-27 07:07:39,949:INFO: Epoch 17/100
2018-05-27 08:40:23,607:INFO: Loading the datasets...
2018-05-27 08:40:23,808:INFO: - done.
2018-05-27 08:40:28,839:INFO: Starting training for 100 epoch(s)
2018-05-27 08:40:28,840:INFO: Epoch 1/100
2018-05-27 08:40:48,740:INFO: - Train metrics: PSNR: 1.767 ; SSIM: -0.002 ; loss: 18414.967
2018-05-27 08:40:49,237:INFO: - Eval metrics : PSNR: 20.595 ; SSIM: 0.550 ; loss: 907.152
2018-05-27 08:40:49,320:INFO: - Found new best accuracy
2018-05-27 08:40:49,321:INFO: Epoch 2/100
2018-05-27 08:41:09,187:INFO: - Train metrics: PSNR: 20.331 ; SSIM: 0.550 ; loss: 988.028
2018-05-27 08:41:09,673:INFO: - Eval metrics : PSNR: 21.266 ; SSIM: 0.605 ; loss: 730.479
2018-05-27 08:41:09,680:INFO: - Found new best accuracy
2018-05-27 08:41:09,681:INFO: Epoch 3/100
2018-05-27 08:41:29,652:INFO: - Train metrics: PSNR: 21.477 ; SSIM: 0.612 ; loss: 718.229
2018-05-27 08:41:30,143:INFO: - Eval metrics : PSNR: 21.527 ; SSIM: 0.629 ; loss: 665.363
2018-05-27 08:41:30,149:INFO: - Found new best accuracy
2018-05-27 08:41:30,150:INFO: Epoch 4/100
2018-05-27 08:41:50,033:INFO: - Train metrics: PSNR: 22.049 ; SSIM: 0.640 ; loss: 576.920
2018-05-27 08:41:50,547:INFO: - Eval metrics : PSNR: 21.487 ; SSIM: 0.643 ; loss: 600.548
2018-05-27 08:41:50,556:INFO: Epoch 5/100
2018-05-27 08:42:10,515:INFO: - Train metrics: PSNR: 21.117 ; SSIM: 0.638 ; loss: 657.792
2018-05-27 08:42:10,996:INFO: - Eval metrics : PSNR: 21.918 ; SSIM: 0.654 ; loss: 569.800
2018-05-27 08:42:11,002:INFO: - Found new best accuracy
2018-05-27 08:42:11,003:INFO: Epoch 6/100
2018-05-27 08:42:30,935:INFO: - Train metrics: PSNR: 22.302 ; SSIM: 0.648 ; loss: 502.248
2018-05-27 08:42:31,438:INFO: - Eval metrics : PSNR: 21.843 ; SSIM: 0.661 ; loss: 545.036
2018-05-27 08:42:31,444:INFO: Epoch 7/100
2018-05-27 08:42:51,400:INFO: - Train metrics: PSNR: 22.245 ; SSIM: 0.669 ; loss: 499.745
2018-05-27 08:42:51,931:INFO: - Eval metrics : PSNR: 22.136 ; SSIM: 0.666 ; loss: 523.432
2018-05-27 08:42:51,937:INFO: - Found new best accuracy
2018-05-27 08:42:51,938:INFO: Epoch 8/100
2018-05-27 08:43:11,875:INFO: - Train metrics: PSNR: 22.035 ; SSIM: 0.669 ; loss: 514.009
2018-05-27 08:43:12,399:INFO: - Eval metrics : PSNR: 22.081 ; SSIM: 0.669 ; loss: 506.106
2018-05-27 08:43:12,405:INFO: Epoch 9/100
2018-05-27 08:43:32,339:INFO: - Train metrics: PSNR: 22.174 ; SSIM: 0.666 ; loss: 526.904
2018-05-27 08:43:32,841:INFO: - Eval metrics : PSNR: 22.229 ; SSIM: 0.671 ; loss: 490.353
2018-05-27 08:43:32,847:INFO: - Found new best accuracy
2018-05-27 08:43:32,848:INFO: Epoch 10/100
2018-05-27 08:43:52,780:INFO: - Train metrics: PSNR: 22.468 ; SSIM: 0.669 ; loss: 421.361
2018-05-27 08:43:53,297:INFO: - Eval metrics : PSNR: 22.472 ; SSIM: 0.671 ; loss: 489.752
2018-05-27 08:43:53,303:INFO: - Found new best accuracy
2018-05-27 08:43:53,304:INFO: Epoch 11/100
2018-05-27 08:44:13,275:INFO: - Train metrics: PSNR: 22.609 ; SSIM: 0.666 ; loss: 470.256
2018-05-27 08:44:13,770:INFO: - Eval metrics : PSNR: 22.569 ; SSIM: 0.672 ; loss: 467.535
2018-05-27 08:44:13,776:INFO: - Found new best accuracy
2018-05-27 08:44:13,776:INFO: Epoch 12/100
2018-05-27 08:44:33,630:INFO: - Train metrics: PSNR: 22.741 ; SSIM: 0.678 ; loss: 421.763
2018-05-27 08:44:34,138:INFO: - Eval metrics : PSNR: 22.643 ; SSIM: 0.672 ; loss: 467.789
2018-05-27 08:44:34,144:INFO: - Found new best accuracy
2018-05-27 08:44:34,144:INFO: Epoch 13/100
2018-05-27 08:44:54,144:INFO: - Train metrics: PSNR: 22.710 ; SSIM: 0.675 ; loss: 472.770
2018-05-27 08:44:54,655:INFO: - Eval metrics : PSNR: 22.628 ; SSIM: 0.676 ; loss: 445.662
2018-05-27 08:44:54,661:INFO: Epoch 14/100
2018-05-27 08:45:14,602:INFO: - Train metrics: PSNR: 22.645 ; SSIM: 0.669 ; loss: 444.517
2018-05-27 08:45:15,091:INFO: - Eval metrics : PSNR: 22.351 ; SSIM: 0.675 ; loss: 454.150
2018-05-27 08:45:15,097:INFO: Epoch 15/100
2018-05-27 08:45:35,068:INFO: - Train metrics: PSNR: 22.248 ; SSIM: 0.667 ; loss: 466.040
2018-05-27 08:45:35,584:INFO: - Eval metrics : PSNR: 22.907 ; SSIM: 0.677 ; loss: 444.103
2018-05-27 08:45:35,590:INFO: - Found new best accuracy
2018-05-27 08:45:35,591:INFO: Epoch 16/100
2018-05-27 08:45:55,504:INFO: - Train metrics: PSNR: 23.104 ; SSIM: 0.676 ; loss: 397.127
2018-05-27 08:45:56,007:INFO: - Eval metrics : PSNR: 22.957 ; SSIM: 0.678 ; loss: 436.511
2018-05-27 08:45:56,013:INFO: - Found new best accuracy
2018-05-27 08:45:56,013:INFO: Epoch 17/100
2018-05-27 08:46:16,004:INFO: - Train metrics: PSNR: 23.256 ; SSIM: 0.689 ; loss: 385.892
2018-05-27 08:46:16,496:INFO: - Eval metrics : PSNR: 22.932 ; SSIM: 0.680 ; loss: 426.504
2018-05-27 08:46:16,501:INFO: Epoch 18/100
2018-05-27 08:46:36,362:INFO: - Train metrics: PSNR: 23.136 ; SSIM: 0.684 ; loss: 399.664
2018-05-27 08:46:36,881:INFO: - Eval metrics : PSNR: 23.006 ; SSIM: 0.681 ; loss: 421.363
2018-05-27 08:46:36,887:INFO: - Found new best accuracy
2018-05-27 08:46:36,887:INFO: Epoch 19/100
2018-05-27 08:46:56,710:INFO: - Train metrics: PSNR: 22.985 ; SSIM: 0.660 ; loss: 411.004
2018-05-27 08:46:57,187:INFO: - Eval metrics : PSNR: 23.013 ; SSIM: 0.680 ; loss: 466.575
2018-05-27 08:46:57,192:INFO: - Found new best accuracy
2018-05-27 08:46:57,192:INFO: Epoch 20/100
2018-05-27 08:47:40,814:INFO: Loading the datasets...
2018-05-27 08:47:41,009:INFO: - done.
2018-05-27 08:47:45,685:INFO: Starting training for 100 epoch(s)
2018-05-27 08:47:45,686:INFO: Epoch 1/100
2018-05-27 08:48:04,770:INFO: - Train metrics: PSNR: -22.577 ; SSIM: -0.021 ; loss: 17683.111
2018-05-27 08:48:05,241:INFO: - Eval metrics : PSNR: 19.370 ; SSIM: 0.531 ; loss: 904.552
2018-05-27 08:48:05,338:INFO: - Found new best accuracy
2018-05-27 08:48:05,339:INFO: Epoch 2/100
2018-05-27 08:48:24,539:INFO: - Train metrics: PSNR: 19.319 ; SSIM: 0.524 ; loss: 971.322
2018-05-27 08:48:25,017:INFO: - Eval metrics : PSNR: 21.139 ; SSIM: 0.613 ; loss: 550.768
2018-05-27 08:48:25,023:INFO: - Found new best accuracy
2018-05-27 08:48:25,024:INFO: Epoch 3/100
2018-05-27 08:48:44,319:INFO: - Train metrics: PSNR: 21.349 ; SSIM: 0.618 ; loss: 553.853
2018-05-27 08:48:44,805:INFO: - Eval metrics : PSNR: 23.306 ; SSIM: 0.654 ; loss: 348.199
2018-05-27 08:48:44,811:INFO: - Found new best accuracy
2018-05-27 08:48:44,811:INFO: Epoch 4/100
2018-05-27 08:49:04,066:INFO: - Train metrics: PSNR: 23.662 ; SSIM: 0.662 ; loss: 317.719
2018-05-27 08:49:04,534:INFO: - Eval metrics : PSNR: 23.902 ; SSIM: 0.678 ; loss: 306.719
2018-05-27 08:49:04,540:INFO: - Found new best accuracy
2018-05-27 08:49:04,541:INFO: Epoch 5/100
2018-05-27 08:49:23,786:INFO: - Train metrics: PSNR: 23.715 ; SSIM: 0.672 ; loss: 327.330
2018-05-27 08:49:24,247:INFO: - Eval metrics : PSNR: 24.285 ; SSIM: 0.695 ; loss: 280.070
2018-05-27 08:49:24,254:INFO: - Found new best accuracy
2018-05-27 08:49:24,254:INFO: Epoch 6/100
2018-05-27 08:49:43,471:INFO: - Train metrics: PSNR: 24.411 ; SSIM: 0.688 ; loss: 268.896
2018-05-27 08:49:43,949:INFO: - Eval metrics : PSNR: 24.462 ; SSIM: 0.704 ; loss: 265.836
2018-05-27 08:49:43,955:INFO: - Found new best accuracy
2018-05-27 08:49:43,955:INFO: Epoch 7/100
2018-05-30 03:14:43,578:INFO: Loading the datasets...
2018-05-30 03:14:43,734:INFO: - done.
2018-05-30 03:15:06,341:INFO: Starting training for 100 epoch(s)
2018-05-30 03:15:06,341:INFO: Restoring parameters from experiments/fsrcnn_model/best.pth.tar
2018-05-30 03:15:07,892:INFO: Epoch 1/100
2018-05-30 03:15:09,043:INFO: - Train metrics: PSNR: 25.478 ; SSIM: 0.738 ; loss: 215.883
2018-05-30 03:15:09,332:INFO: - Eval metrics : PSNR: 24.526 ; SSIM: 0.727 ; loss: 231.821
2018-05-30 03:15:09,369:INFO: - Found new best accuracy
2018-05-30 03:15:09,369:INFO: Epoch 2/100
2018-05-30 03:15:09,603:INFO: - Train metrics: PSNR: 25.497 ; SSIM: 0.738 ; loss: 215.976
2018-05-30 03:15:09,878:INFO: - Eval metrics : PSNR: 24.458 ; SSIM: 0.727 ; loss: 232.080
2018-05-30 03:15:09,883:INFO: Epoch 3/100
2018-05-30 03:15:10,183:INFO: - Train metrics: PSNR: 25.443 ; SSIM: 0.738 ; loss: 215.533
2018-05-30 03:15:10,463:INFO: - Eval metrics : PSNR: 24.462 ; SSIM: 0.727 ; loss: 232.928
2018-05-30 03:15:10,468:INFO: Epoch 4/100
2018-05-30 03:15:10,770:INFO: - Train metrics: PSNR: 25.463 ; SSIM: 0.738 ; loss: 214.966
2018-05-30 03:15:11,053:INFO: - Eval metrics : PSNR: 24.456 ; SSIM: 0.727 ; loss: 233.969
2018-05-30 03:15:11,058:INFO: Epoch 5/100
2018-05-30 03:15:11,359:INFO: - Train metrics: PSNR: 25.473 ; SSIM: 0.738 ; loss: 214.686
2018-05-30 03:15:11,639:INFO: - Eval metrics : PSNR: 24.399 ; SSIM: 0.727 ; loss: 234.293
2018-05-30 03:15:11,644:INFO: Epoch 6/100
2018-05-30 03:15:11,952:INFO: - Train metrics: PSNR: 25.429 ; SSIM: 0.738 ; loss: 214.401
2018-05-30 03:15:12,234:INFO: - Eval metrics : PSNR: 24.418 ; SSIM: 0.727 ; loss: 234.866
2018-05-30 03:15:12,239:INFO: Epoch 7/100
2018-05-30 03:15:12,538:INFO: - Train metrics: PSNR: 25.464 ; SSIM: 0.739 ; loss: 213.809
2018-05-30 03:15:12,817:INFO: - Eval metrics : PSNR: 24.414 ; SSIM: 0.726 ; loss: 235.192
2018-05-30 03:15:12,822:INFO: Epoch 8/100
2018-05-30 03:15:13,117:INFO: - Train metrics: PSNR: 25.473 ; SSIM: 0.738 ; loss: 213.465
2018-05-30 03:15:13,398:INFO: - Eval metrics : PSNR: 24.379 ; SSIM: 0.725 ; loss: 234.972
2018-05-30 03:15:13,403:INFO: Epoch 9/100
2018-05-30 03:15:13,699:INFO: - Train metrics: PSNR: 25.448 ; SSIM: 0.738 ; loss: 213.187
2018-05-30 03:15:13,978:INFO: - Eval metrics : PSNR: 24.410 ; SSIM: 0.724 ; loss: 235.244
2018-05-30 03:15:13,983:INFO: Epoch 10/100
2018-05-30 03:15:14,283:INFO: - Train metrics: PSNR: 25.491 ; SSIM: 0.738 ; loss: 212.705
2018-05-30 03:15:14,568:INFO: - Eval metrics : PSNR: 24.406 ; SSIM: 0.722 ; loss: 235.210
2018-05-30 03:15:14,573:INFO: Epoch 11/100
2018-05-30 03:15:14,873:INFO: - Train metrics: PSNR: 25.497 ; SSIM: 0.737 ; loss: 212.398
2018-05-30 03:15:15,150:INFO: - Eval metrics : PSNR: 24.381 ; SSIM: 0.720 ; loss: 235.080
2018-05-30 03:15:15,155:INFO: Epoch 12/100
2018-05-30 03:15:15,450:INFO: - Train metrics: PSNR: 25.481 ; SSIM: 0.737 ; loss: 212.220
2018-05-30 03:15:15,729:INFO: - Eval metrics : PSNR: 24.408 ; SSIM: 0.719 ; loss: 235.539
2018-05-30 03:15:15,734:INFO: Epoch 13/100
2018-05-30 03:15:16,030:INFO: - Train metrics: PSNR: 25.516 ; SSIM: 0.737 ; loss: 211.949
2018-05-30 03:15:16,309:INFO: - Eval metrics : PSNR: 24.394 ; SSIM: 0.719 ; loss: 235.410
2018-05-30 03:15:16,314:INFO: Epoch 14/100
2018-05-30 03:15:16,613:INFO: - Train metrics: PSNR: 25.511 ; SSIM: 0.736 ; loss: 211.596
2018-05-30 03:15:16,893:INFO: - Eval metrics : PSNR: 24.381 ; SSIM: 0.719 ; loss: 235.438
2018-05-30 03:15:16,899:INFO: Epoch 15/100
2018-05-30 03:15:17,193:INFO: - Train metrics: PSNR: 25.504 ; SSIM: 0.736 ; loss: 211.370
2018-05-30 03:15:17,472:INFO: - Eval metrics : PSNR: 24.401 ; SSIM: 0.720 ; loss: 235.914
2018-05-30 03:15:17,477:INFO: Epoch 16/100
2018-05-30 03:15:17,776:INFO: - Train metrics: PSNR: 25.531 ; SSIM: 0.737 ; loss: 211.078
2018-05-30 03:15:18,053:INFO: - Eval metrics : PSNR: 24.384 ; SSIM: 0.720 ; loss: 235.701
2018-05-30 03:15:18,059:INFO: Epoch 17/100
2018-05-30 03:15:18,362:INFO: - Train metrics: PSNR: 25.517 ; SSIM: 0.737 ; loss: 210.687
2018-05-30 03:15:18,645:INFO: - Eval metrics : PSNR: 24.381 ; SSIM: 0.721 ; loss: 235.782
2018-05-30 03:15:18,650:INFO: Epoch 18/100
2018-05-30 03:15:18,948:INFO: - Train metrics: PSNR: 25.519 ; SSIM: 0.737 ; loss: 210.382
2018-05-30 03:15:19,227:INFO: - Eval metrics : PSNR: 24.397 ; SSIM: 0.722 ; loss: 236.141
2018-05-30 03:15:19,232:INFO: Epoch 19/100
2018-05-30 03:15:19,527:INFO: - Train metrics: PSNR: 25.541 ; SSIM: 0.738 ; loss: 210.104
2018-05-30 03:15:19,808:INFO: - Eval metrics : PSNR: 24.380 ; SSIM: 0.723 ; loss: 235.905
2018-05-30 03:15:19,814:INFO: Epoch 20/100
2018-05-30 03:15:20,113:INFO: - Train metrics: PSNR: 25.528 ; SSIM: 0.738 ; loss: 209.775
2018-05-30 03:15:20,396:INFO: - Eval metrics : PSNR: 24.386 ; SSIM: 0.724 ; loss: 235.951
2018-05-30 03:15:20,402:INFO: Epoch 21/100
2018-05-30 03:15:20,701:INFO: - Train metrics: PSNR: 25.540 ; SSIM: 0.738 ; loss: 209.449
2018-05-30 03:15:20,978:INFO: - Eval metrics : PSNR: 24.396 ; SSIM: 0.725 ; loss: 236.071
2018-05-30 03:15:20,983:INFO: Epoch 22/100
2018-05-30 03:15:21,287:INFO: - Train metrics: PSNR: 25.556 ; SSIM: 0.738 ; loss: 209.216
2018-05-30 03:15:21,566:INFO: - Eval metrics : PSNR: 24.382 ; SSIM: 0.725 ; loss: 235.857
2018-05-30 03:15:21,572:INFO: Epoch 23/100
2018-05-30 03:15:21,871:INFO: - Train metrics: PSNR: 25.547 ; SSIM: 0.738 ; loss: 208.956
2018-05-30 03:15:22,149:INFO: - Eval metrics : PSNR: 24.396 ; SSIM: 0.725 ; loss: 235.947
2018-05-30 03:15:22,155:INFO: Epoch 24/100
2018-05-30 03:15:22,448:INFO: - Train metrics: PSNR: 25.568 ; SSIM: 0.738 ; loss: 208.677
2018-05-30 03:15:22,723:INFO: - Eval metrics : PSNR: 24.400 ; SSIM: 0.725 ; loss: 235.967
2018-05-30 03:15:22,728:INFO: Epoch 25/100
2018-05-30 03:15:23,025:INFO: - Train metrics: PSNR: 25.578 ; SSIM: 0.738 ; loss: 208.451
2018-05-30 03:15:23,298:INFO: - Eval metrics : PSNR: 24.388 ; SSIM: 0.725 ; loss: 235.819
2018-05-30 03:15:23,302:INFO: Epoch 26/100
2018-05-30 03:15:23,600:INFO: - Train metrics: PSNR: 25.572 ; SSIM: 0.738 ; loss: 208.235
2018-05-30 03:15:23,876:INFO: - Eval metrics : PSNR: 24.402 ; SSIM: 0.725 ; loss: 235.945
2018-05-30 03:15:23,881:INFO: Epoch 27/100
2018-05-30 03:15:24,180:INFO: - Train metrics: PSNR: 25.591 ; SSIM: 0.738 ; loss: 207.989
2018-05-30 03:15:24,459:INFO: - Eval metrics : PSNR: 24.401 ; SSIM: 0.724 ; loss: 235.980
2018-05-30 03:15:24,464:INFO: Epoch 28/100
2018-05-30 03:15:24,765:INFO: - Train metrics: PSNR: 25.595 ; SSIM: 0.738 ; loss: 207.749
2018-05-30 03:15:25,042:INFO: - Eval metrics : PSNR: 24.394 ; SSIM: 0.724 ; loss: 236.047
2018-05-30 03:15:25,047:INFO: Epoch 29/100
2018-05-30 03:15:25,345:INFO: - Train metrics: PSNR: 25.593 ; SSIM: 0.738 ; loss: 207.555
2018-05-30 03:15:25,623:INFO: - Eval metrics : PSNR: 24.405 ; SSIM: 0.724 ; loss: 236.303
2018-05-30 03:15:25,629:INFO: Epoch 30/100
2018-05-30 03:15:25,926:INFO: - Train metrics: PSNR: 25.612 ; SSIM: 0.738 ; loss: 207.342
2018-05-30 03:15:26,199:INFO: - Eval metrics : PSNR: 24.396 ; SSIM: 0.724 ; loss: 236.342
2018-05-30 03:15:26,205:INFO: Epoch 31/100
2018-05-30 03:15:26,503:INFO: - Train metrics: PSNR: 25.609 ; SSIM: 0.738 ; loss: 207.123
2018-05-30 03:15:26,789:INFO: - Eval metrics : PSNR: 24.393 ; SSIM: 0.724 ; loss: 236.534
2018-05-30 03:15:26,794:INFO: Epoch 32/100
2018-05-30 03:15:27,089:INFO: - Train metrics: PSNR: 25.613 ; SSIM: 0.738 ; loss: 206.927
2018-05-30 03:15:27,361:INFO: - Eval metrics : PSNR: 24.398 ; SSIM: 0.724 ; loss: 236.869
2018-05-30 03:15:27,366:INFO: Epoch 33/100
2018-05-30 03:15:27,659:INFO: - Train metrics: PSNR: 25.627 ; SSIM: 0.738 ; loss: 206.745
2018-05-30 03:15:27,938:INFO: - Eval metrics : PSNR: 24.385 ; SSIM: 0.724 ; loss: 236.979
2018-05-30 03:15:27,943:INFO: Epoch 34/100
2018-05-30 03:15:28,249:INFO: - Train metrics: PSNR: 25.622 ; SSIM: 0.738 ; loss: 206.547
2018-05-30 03:15:28,524:INFO: - Eval metrics : PSNR: 24.384 ; SSIM: 0.724 ; loss: 237.187
2018-05-30 03:15:28,529:INFO: Epoch 35/100
2018-05-30 03:15:28,827:INFO: - Train metrics: PSNR: 25.630 ; SSIM: 0.738 ; loss: 206.351
2018-05-30 03:15:29,106:INFO: - Eval metrics : PSNR: 24.383 ; SSIM: 0.724 ; loss: 237.419
2018-05-30 03:15:29,111:INFO: Epoch 36/100
2018-05-30 03:15:29,404:INFO: - Train metrics: PSNR: 25.637 ; SSIM: 0.738 ; loss: 206.178
2018-05-30 03:15:29,683:INFO: - Eval metrics : PSNR: 24.370 ; SSIM: 0.724 ; loss: 237.547
2018-05-30 03:15:29,688:INFO: Epoch 37/100
2018-05-30 03:15:29,985:INFO: - Train metrics: PSNR: 25.632 ; SSIM: 0.738 ; loss: 206.004
2018-05-30 03:15:30,259:INFO: - Eval metrics : PSNR: 24.373 ; SSIM: 0.723 ; loss: 237.791
2018-05-30 03:15:30,265:INFO: Epoch 38/100
2018-05-30 03:15:30,559:INFO: - Train metrics: PSNR: 25.641 ; SSIM: 0.738 ; loss: 205.825
2018-05-30 03:15:30,840:INFO: - Eval metrics : PSNR: 24.369 ; SSIM: 0.723 ; loss: 237.917
2018-05-30 03:15:30,845:INFO: Epoch 39/100
2018-05-30 03:15:31,143:INFO: - Train metrics: PSNR: 25.642 ; SSIM: 0.738 ; loss: 205.655
2018-05-30 03:15:31,417:INFO: - Eval metrics : PSNR: 24.360 ; SSIM: 0.723 ; loss: 237.982
2018-05-30 03:15:31,422:INFO: Epoch 40/100
2018-05-30 03:15:31,722:INFO: - Train metrics: PSNR: 25.637 ; SSIM: 0.738 ; loss: 205.497
2018-05-30 03:15:31,997:INFO: - Eval metrics : PSNR: 24.365 ; SSIM: 0.723 ; loss: 238.172
2018-05-30 03:15:32,002:INFO: Epoch 41/100
2018-05-30 03:15:32,297:INFO: - Train metrics: PSNR: 25.645 ; SSIM: 0.738 ; loss: 205.333
2018-05-30 03:15:32,573:INFO: - Eval metrics : PSNR: 24.360 ; SSIM: 0.723 ; loss: 238.237
2018-05-30 03:15:32,578:INFO: Epoch 42/100
2018-05-30 03:15:32,875:INFO: - Train metrics: PSNR: 25.643 ; SSIM: 0.738 ; loss: 205.169
2018-05-30 03:15:33,153:INFO: - Eval metrics : PSNR: 24.358 ; SSIM: 0.723 ; loss: 238.312
2018-05-30 03:15:33,158:INFO: Epoch 43/100
2018-05-30 03:15:33,455:INFO: - Train metrics: PSNR: 25.643 ; SSIM: 0.738 ; loss: 205.015
2018-05-30 03:15:33,733:INFO: - Eval metrics : PSNR: 24.362 ; SSIM: 0.723 ; loss: 238.431
2018-05-30 03:15:33,738:INFO: Epoch 44/100
2018-05-30 03:15:34,033:INFO: - Train metrics: PSNR: 25.651 ; SSIM: 0.738 ; loss: 204.867
2018-05-30 03:15:34,309:INFO: - Eval metrics : PSNR: 24.355 ; SSIM: 0.723 ; loss: 238.438
2018-05-30 03:15:34,314:INFO: Epoch 45/100
2018-05-30 03:15:34,611:INFO: - Train metrics: PSNR: 25.648 ; SSIM: 0.738 ; loss: 204.717
2018-05-30 03:15:34,887:INFO: - Eval metrics : PSNR: 24.357 ; SSIM: 0.723 ; loss: 238.548
2018-05-30 03:15:34,892:INFO: Epoch 46/100
2018-05-30 03:15:35,191:INFO: - Train metrics: PSNR: 25.654 ; SSIM: 0.738 ; loss: 204.569
2018-05-30 03:15:35,471:INFO: - Eval metrics : PSNR: 24.357 ; SSIM: 0.722 ; loss: 238.650
2018-05-30 03:15:35,476:INFO: Epoch 47/100
2018-05-30 03:15:35,781:INFO: - Train metrics: PSNR: 25.659 ; SSIM: 0.738 ; loss: 204.431
2018-05-30 03:15:36,061:INFO: - Eval metrics : PSNR: 24.351 ; SSIM: 0.722 ; loss: 238.666
2018-05-30 03:15:36,066:INFO: Epoch 48/100
2018-05-30 03:15:36,356:INFO: - Train metrics: PSNR: 25.658 ; SSIM: 0.738 ; loss: 204.293
2018-05-30 03:15:36,634:INFO: - Eval metrics : PSNR: 24.354 ; SSIM: 0.722 ; loss: 238.773
2018-05-30 03:15:36,639:INFO: Epoch 49/100
2018-05-30 03:15:36,938:INFO: - Train metrics: PSNR: 25.665 ; SSIM: 0.738 ; loss: 204.154
2018-05-30 03:15:37,218:INFO: - Eval metrics : PSNR: 24.352 ; SSIM: 0.722 ; loss: 238.839
2018-05-30 03:15:37,223:INFO: Epoch 50/100
2018-05-30 03:15:37,526:INFO: - Train metrics: PSNR: 25.667 ; SSIM: 0.738 ; loss: 204.016
2018-05-30 03:15:37,806:INFO: - Eval metrics : PSNR: 24.348 ; SSIM: 0.722 ; loss: 238.899
2018-05-30 03:15:37,811:INFO: Epoch 51/100
2018-05-30 03:15:38,110:INFO: - Train metrics: PSNR: 25.667 ; SSIM: 0.738 ; loss: 203.884
2018-05-30 03:15:38,384:INFO: - Eval metrics : PSNR: 24.351 ; SSIM: 0.722 ; loss: 239.015
2018-05-30 03:15:38,390:INFO: Epoch 52/100
2018-05-30 03:15:38,690:INFO: - Train metrics: PSNR: 25.673 ; SSIM: 0.738 ; loss: 203.752
2018-05-30 03:15:38,967:INFO: - Eval metrics : PSNR: 24.347 ; SSIM: 0.722 ; loss: 239.042
2018-05-30 03:15:38,972:INFO: Epoch 53/100
2018-05-30 03:15:39,280:INFO: - Train metrics: PSNR: 25.672 ; SSIM: 0.738 ; loss: 203.620
2018-05-30 03:15:39,567:INFO: - Eval metrics : PSNR: 24.346 ; SSIM: 0.722 ; loss: 239.115
2018-05-30 03:15:39,572:INFO: Epoch 54/100
2018-05-30 03:15:39,870:INFO: - Train metrics: PSNR: 25.675 ; SSIM: 0.738 ; loss: 203.492
2018-05-30 03:15:40,145:INFO: - Eval metrics : PSNR: 24.348 ; SSIM: 0.722 ; loss: 239.211
2018-05-30 03:15:40,150:INFO: Epoch 55/100
2018-05-30 03:15:40,448:INFO: - Train metrics: PSNR: 25.679 ; SSIM: 0.738 ; loss: 203.367
2018-05-30 03:15:40,729:INFO: - Eval metrics : PSNR: 24.345 ; SSIM: 0.721 ; loss: 239.245
2018-05-30 03:15:40,735:INFO: Epoch 56/100
2018-05-30 03:15:41,033:INFO: - Train metrics: PSNR: 25.679 ; SSIM: 0.738 ; loss: 203.242
2018-05-30 03:15:52,554:INFO: Loading the datasets...
2018-05-30 03:15:52,555:INFO: - done.
2018-05-30 03:15:56,422:INFO: Starting training for 100 epoch(s)
2018-05-30 03:15:56,422:INFO: Restoring parameters from experiments/fsrcnn_model/best.pth.tar
2018-05-30 03:16:00,347:INFO: Epoch 1/100
2018-05-30 03:19:47,263:INFO: Loading the datasets...
2018-05-30 03:19:47,263:INFO: - done.
2018-05-30 03:19:51,319:INFO: Starting training for 100 epoch(s)
2018-05-30 03:19:51,320:INFO: Restoring parameters from experiments/fsrcnn_model/best.pth.tar
2018-05-30 03:19:55,437:INFO: Epoch 1/100
2018-05-30 03:19:55,716:INFO: - Train metrics: PSNR: 25.497 ; SSIM: 0.738 ; loss: 215.976
2018-05-30 03:19:55,989:INFO: - Eval metrics : PSNR: 24.458 ; SSIM: 0.727 ; loss: 232.080
2018-05-30 03:19:55,994:INFO: - Found new best accuracy
2018-05-30 03:19:55,994:INFO: Epoch 2/100
2018-05-30 03:19:56,287:INFO: - Train metrics: PSNR: 25.443 ; SSIM: 0.738 ; loss: 215.533
2018-05-30 03:19:56,566:INFO: - Eval metrics : PSNR: 24.462 ; SSIM: 0.727 ; loss: 232.928
2018-05-30 03:19:56,575:INFO: - Found new best accuracy
2018-05-30 03:19:56,575:INFO: Epoch 3/100
2018-05-30 03:19:56,877:INFO: - Train metrics: PSNR: 25.463 ; SSIM: 0.738 ; loss: 214.966
2018-05-30 03:19:57,156:INFO: - Eval metrics : PSNR: 24.456 ; SSIM: 0.727 ; loss: 233.969
2018-05-30 03:19:57,160:INFO: Epoch 4/100
2018-05-30 03:19:57,458:INFO: - Train metrics: PSNR: 25.473 ; SSIM: 0.738 ; loss: 214.685
2018-05-30 03:19:57,736:INFO: - Eval metrics : PSNR: 24.399 ; SSIM: 0.727 ; loss: 234.293
2018-05-30 03:19:57,741:INFO: Epoch 5/100
2018-05-30 03:19:58,041:INFO: - Train metrics: PSNR: 25.429 ; SSIM: 0.738 ; loss: 214.401
2018-05-30 03:19:58,317:INFO: - Eval metrics : PSNR: 24.418 ; SSIM: 0.727 ; loss: 234.867
2018-05-30 03:19:58,322:INFO: Epoch 6/100
2018-05-30 03:19:58,622:INFO: - Train metrics: PSNR: 25.464 ; SSIM: 0.739 ; loss: 213.810
2018-05-30 03:19:58,896:INFO: - Eval metrics : PSNR: 24.414 ; SSIM: 0.726 ; loss: 235.192
2018-05-30 03:19:58,901:INFO: Epoch 7/100
2018-05-30 03:19:59,198:INFO: - Train metrics: PSNR: 25.473 ; SSIM: 0.738 ; loss: 213.465
2018-05-30 03:19:59,470:INFO: - Eval metrics : PSNR: 24.379 ; SSIM: 0.725 ; loss: 234.972
2018-05-30 03:19:59,475:INFO: Epoch 8/100
2018-05-30 03:19:59,779:INFO: - Train metrics: PSNR: 25.448 ; SSIM: 0.738 ; loss: 213.187
2018-05-30 03:20:00,063:INFO: - Eval metrics : PSNR: 24.410 ; SSIM: 0.724 ; loss: 235.244
2018-05-30 03:20:00,068:INFO: Epoch 9/100
2018-05-30 03:20:00,364:INFO: - Train metrics: PSNR: 25.491 ; SSIM: 0.738 ; loss: 212.705
2018-05-30 03:20:00,644:INFO: - Eval metrics : PSNR: 24.406 ; SSIM: 0.722 ; loss: 235.210
2018-05-30 03:20:00,649:INFO: Epoch 10/100
2018-05-30 03:20:00,950:INFO: - Train metrics: PSNR: 25.497 ; SSIM: 0.737 ; loss: 212.398
2018-05-30 03:20:01,233:INFO: - Eval metrics : PSNR: 24.381 ; SSIM: 0.720 ; loss: 235.080
2018-05-30 03:20:01,238:INFO: Epoch 11/100
2018-05-30 03:20:01,533:INFO: - Train metrics: PSNR: 25.481 ; SSIM: 0.737 ; loss: 212.220
2018-05-30 03:20:01,810:INFO: - Eval metrics : PSNR: 24.408 ; SSIM: 0.719 ; loss: 235.538
2018-05-30 03:20:01,815:INFO: Epoch 12/100
2018-05-30 03:20:02,116:INFO: - Train metrics: PSNR: 25.516 ; SSIM: 0.737 ; loss: 211.949
2018-05-30 03:20:02,395:INFO: - Eval metrics : PSNR: 24.394 ; SSIM: 0.719 ; loss: 235.410
2018-05-30 03:20:02,400:INFO: Epoch 13/100
2018-05-30 03:20:02,705:INFO: - Train metrics: PSNR: 25.511 ; SSIM: 0.736 ; loss: 211.596
2018-05-30 03:20:02,988:INFO: - Eval metrics : PSNR: 24.381 ; SSIM: 0.719 ; loss: 235.438
2018-05-30 03:20:02,993:INFO: Epoch 14/100
2018-05-30 03:20:03,304:INFO: - Train metrics: PSNR: 25.504 ; SSIM: 0.736 ; loss: 211.370
2018-05-30 03:20:03,603:INFO: - Eval metrics : PSNR: 24.401 ; SSIM: 0.720 ; loss: 235.914
2018-05-30 03:20:03,609:INFO: Epoch 15/100
2018-05-30 03:20:03,915:INFO: - Train metrics: PSNR: 25.531 ; SSIM: 0.737 ; loss: 211.077
2018-05-30 03:20:04,206:INFO: - Eval metrics : PSNR: 24.384 ; SSIM: 0.720 ; loss: 235.701
2018-05-30 03:20:04,211:INFO: Epoch 16/100
2018-05-30 03:20:04,528:INFO: - Train metrics: PSNR: 25.517 ; SSIM: 0.737 ; loss: 210.687
2018-05-30 03:20:04,820:INFO: - Eval metrics : PSNR: 24.381 ; SSIM: 0.721 ; loss: 235.782
2018-05-30 03:20:04,825:INFO: Epoch 17/100
2018-05-30 03:20:05,131:INFO: - Train metrics: PSNR: 25.519 ; SSIM: 0.737 ; loss: 210.382
2018-05-30 03:20:05,411:INFO: - Eval metrics : PSNR: 24.397 ; SSIM: 0.722 ; loss: 236.140
2018-05-30 03:20:05,416:INFO: Epoch 18/100
2018-05-30 03:20:05,724:INFO: - Train metrics: PSNR: 25.541 ; SSIM: 0.738 ; loss: 210.104
2018-05-30 03:20:06,006:INFO: - Eval metrics : PSNR: 24.380 ; SSIM: 0.723 ; loss: 235.905
2018-05-30 03:20:06,011:INFO: Epoch 19/100
2018-05-30 03:20:06,314:INFO: - Train metrics: PSNR: 25.528 ; SSIM: 0.738 ; loss: 209.775
2018-05-30 03:20:06,598:INFO: - Eval metrics : PSNR: 24.386 ; SSIM: 0.724 ; loss: 235.951
2018-05-30 03:20:06,603:INFO: Epoch 20/100
2018-05-30 03:20:06,917:INFO: - Train metrics: PSNR: 25.540 ; SSIM: 0.738 ; loss: 209.449
2018-05-30 03:20:07,210:INFO: - Eval metrics : PSNR: 24.396 ; SSIM: 0.725 ; loss: 236.072
2018-05-30 03:20:07,215:INFO: Epoch 21/100
2018-05-30 03:20:07,516:INFO: - Train metrics: PSNR: 25.556 ; SSIM: 0.738 ; loss: 209.216
2018-05-30 03:20:07,810:INFO: - Eval metrics : PSNR: 24.382 ; SSIM: 0.725 ; loss: 235.857
2018-05-30 03:20:07,815:INFO: Epoch 22/100
2018-05-30 03:20:08,127:INFO: - Train metrics: PSNR: 25.547 ; SSIM: 0.738 ; loss: 208.956
2018-05-30 03:20:08,419:INFO: - Eval metrics : PSNR: 24.396 ; SSIM: 0.725 ; loss: 235.947
2018-05-30 03:20:08,424:INFO: Epoch 23/100
2018-05-30 03:20:08,739:INFO: - Train metrics: PSNR: 25.568 ; SSIM: 0.738 ; loss: 208.677
2018-05-30 03:20:09,032:INFO: - Eval metrics : PSNR: 24.400 ; SSIM: 0.725 ; loss: 235.968
2018-05-30 03:20:09,037:INFO: Epoch 24/100
2018-05-30 03:20:09,349:INFO: - Train metrics: PSNR: 25.578 ; SSIM: 0.738 ; loss: 208.451
2018-05-30 03:20:09,632:INFO: - Eval metrics : PSNR: 24.388 ; SSIM: 0.725 ; loss: 235.819
2018-05-30 03:20:09,637:INFO: Epoch 25/100
2018-05-30 03:20:09,938:INFO: - Train metrics: PSNR: 25.572 ; SSIM: 0.738 ; loss: 208.235
2018-05-30 03:20:10,231:INFO: - Eval metrics : PSNR: 24.402 ; SSIM: 0.725 ; loss: 235.945
2018-05-30 03:20:10,236:INFO: Epoch 26/100
2018-05-30 03:20:10,552:INFO: - Train metrics: PSNR: 25.591 ; SSIM: 0.738 ; loss: 207.989
2018-05-30 03:20:10,842:INFO: - Eval metrics : PSNR: 24.401 ; SSIM: 0.724 ; loss: 235.980
2018-05-30 03:20:10,847:INFO: Epoch 27/100
2018-05-30 03:20:11,148:INFO: - Train metrics: PSNR: 25.595 ; SSIM: 0.738 ; loss: 207.749
2018-05-30 03:20:20,535:INFO: Loading the datasets...
2018-05-30 03:20:20,535:INFO: - done.
2018-05-30 03:20:28,280:INFO: Starting training for 100 epoch(s)
2018-05-30 03:20:28,280:INFO: Restoring parameters from experiments/fsrcnn_model/best.pth.tar
2018-05-30 03:20:28,370:INFO: Epoch 1/100
2018-05-30 03:20:28,628:INFO: - Train metrics: PSNR: 25.463 ; SSIM: 0.738 ; loss: 214.966
2018-05-30 03:20:28,902:INFO: - Eval metrics : PSNR: 24.456 ; SSIM: 0.727 ; loss: 233.969
2018-05-30 03:20:28,907:INFO: - Found new best accuracy
2018-05-30 03:20:28,908:INFO: Epoch 2/100
2018-05-30 03:20:29,205:INFO: - Train metrics: PSNR: 25.473 ; SSIM: 0.738 ; loss: 214.686
2018-05-30 03:20:29,479:INFO: - Eval metrics : PSNR: 24.399 ; SSIM: 0.727 ; loss: 234.293
2018-05-30 03:20:29,484:INFO: Epoch 3/100
2018-05-30 03:20:29,782:INFO: - Train metrics: PSNR: 25.429 ; SSIM: 0.738 ; loss: 214.401
2018-05-30 03:20:30,056:INFO: - Eval metrics : PSNR: 24.418 ; SSIM: 0.727 ; loss: 234.867
2018-05-30 03:20:30,061:INFO: Epoch 4/100
2018-05-30 03:20:30,298:INFO: - Train metrics: PSNR: 25.464 ; SSIM: 0.739 ; loss: 213.810
2018-05-30 03:20:30,572:INFO: - Eval metrics : PSNR: 24.414 ; SSIM: 0.726 ; loss: 235.192
2018-05-30 03:20:30,577:INFO: Epoch 5/100
2018-05-30 03:20:30,874:INFO: - Train metrics: PSNR: 25.473 ; SSIM: 0.738 ; loss: 213.465
2018-05-30 03:20:31,151:INFO: - Eval metrics : PSNR: 24.379 ; SSIM: 0.725 ; loss: 234.972
2018-05-30 03:20:31,156:INFO: Epoch 6/100
2018-05-30 03:20:31,455:INFO: - Train metrics: PSNR: 25.448 ; SSIM: 0.738 ; loss: 213.187
2018-05-30 03:20:31,734:INFO: - Eval metrics : PSNR: 24.410 ; SSIM: 0.724 ; loss: 235.244
2018-05-30 03:20:31,739:INFO: Epoch 7/100
2018-05-30 03:20:32,038:INFO: - Train metrics: PSNR: 25.491 ; SSIM: 0.738 ; loss: 212.705
2018-05-30 03:20:32,316:INFO: - Eval metrics : PSNR: 24.406 ; SSIM: 0.722 ; loss: 235.210
2018-05-30 03:20:32,321:INFO: Epoch 8/100
2018-05-30 03:20:32,622:INFO: - Train metrics: PSNR: 25.497 ; SSIM: 0.737 ; loss: 212.398
2018-05-30 03:20:32,898:INFO: - Eval metrics : PSNR: 24.381 ; SSIM: 0.720 ; loss: 235.080
2018-05-30 03:20:32,903:INFO: Epoch 9/100
2018-05-30 03:20:33,199:INFO: - Train metrics: PSNR: 25.481 ; SSIM: 0.737 ; loss: 212.220
2018-05-30 03:20:33,478:INFO: - Eval metrics : PSNR: 24.408 ; SSIM: 0.719 ; loss: 235.538
2018-05-30 03:20:33,483:INFO: Epoch 10/100
2018-05-30 03:20:33,782:INFO: - Train metrics: PSNR: 25.516 ; SSIM: 0.737 ; loss: 211.949
2018-05-30 03:20:34,061:INFO: - Eval metrics : PSNR: 24.394 ; SSIM: 0.719 ; loss: 235.410
2018-05-30 03:20:34,066:INFO: Epoch 11/100
2018-05-30 03:20:34,306:INFO: - Train metrics: PSNR: 25.511 ; SSIM: 0.736 ; loss: 211.596
2018-05-30 03:20:34,585:INFO: - Eval metrics : PSNR: 24.381 ; SSIM: 0.719 ; loss: 235.438
2018-05-30 03:20:34,590:INFO: Epoch 12/100
2018-05-30 03:20:34,892:INFO: - Train metrics: PSNR: 25.504 ; SSIM: 0.736 ; loss: 211.370
2018-05-30 03:20:35,168:INFO: - Eval metrics : PSNR: 24.401 ; SSIM: 0.720 ; loss: 235.914
2018-05-30 03:20:35,173:INFO: Epoch 13/100
2018-05-30 03:20:35,469:INFO: - Train metrics: PSNR: 25.531 ; SSIM: 0.737 ; loss: 211.077
2018-05-30 03:20:35,753:INFO: - Eval metrics : PSNR: 24.384 ; SSIM: 0.720 ; loss: 235.701
2018-05-30 03:20:35,757:INFO: Epoch 14/100
2018-05-30 03:20:36,060:INFO: - Train metrics: PSNR: 25.517 ; SSIM: 0.737 ; loss: 210.687
2018-05-30 03:20:36,339:INFO: - Eval metrics : PSNR: 24.381 ; SSIM: 0.721 ; loss: 235.782
2018-05-30 03:20:36,344:INFO: Epoch 15/100
2018-05-30 03:20:36,646:INFO: - Train metrics: PSNR: 25.519 ; SSIM: 0.737 ; loss: 210.382
2018-05-30 03:20:36,927:INFO: - Eval metrics : PSNR: 24.397 ; SSIM: 0.722 ; loss: 236.140
2018-05-30 03:20:36,932:INFO: Epoch 16/100
2018-05-30 03:20:37,241:INFO: - Train metrics: PSNR: 25.541 ; SSIM: 0.738 ; loss: 210.104
2018-05-30 03:20:37,524:INFO: - Eval metrics : PSNR: 24.380 ; SSIM: 0.723 ; loss: 235.905
2018-05-30 03:20:37,529:INFO: Epoch 17/100
2018-05-30 03:20:37,831:INFO: - Train metrics: PSNR: 25.528 ; SSIM: 0.738 ; loss: 209.775
2018-05-30 03:20:38,117:INFO: - Eval metrics : PSNR: 24.386 ; SSIM: 0.724 ; loss: 235.951
2018-05-30 03:20:38,122:INFO: Epoch 18/100
2018-05-30 03:20:38,419:INFO: - Train metrics: PSNR: 25.540 ; SSIM: 0.738 ; loss: 209.449
2018-05-30 03:20:38,703:INFO: - Eval metrics : PSNR: 24.396 ; SSIM: 0.725 ; loss: 236.072
2018-05-30 03:20:38,708:INFO: Epoch 19/100
2018-05-30 03:20:39,004:INFO: - Train metrics: PSNR: 25.556 ; SSIM: 0.738 ; loss: 209.217
2018-05-30 03:20:39,228:INFO: - Eval metrics : PSNR: 24.382 ; SSIM: 0.725 ; loss: 235.857
2018-05-30 03:20:39,233:INFO: Epoch 20/100
2018-05-30 03:20:39,533:INFO: - Train metrics: PSNR: 25.547 ; SSIM: 0.738 ; loss: 208.956
2018-05-30 03:20:39,811:INFO: - Eval metrics : PSNR: 24.396 ; SSIM: 0.725 ; loss: 235.947
2018-05-30 03:20:39,816:INFO: Epoch 21/100
2018-05-30 03:20:40,117:INFO: - Train metrics: PSNR: 25.568 ; SSIM: 0.738 ; loss: 208.677
2018-05-30 03:20:40,402:INFO: - Eval metrics : PSNR: 24.400 ; SSIM: 0.725 ; loss: 235.968
2018-05-30 03:20:40,407:INFO: Epoch 22/100
2018-05-30 03:20:40,707:INFO: - Train metrics: PSNR: 25.578 ; SSIM: 0.738 ; loss: 208.451
2018-05-30 03:20:40,986:INFO: - Eval metrics : PSNR: 24.388 ; SSIM: 0.725 ; loss: 235.819
2018-05-30 03:20:40,990:INFO: Epoch 23/100
2018-05-30 03:20:41,289:INFO: - Train metrics: PSNR: 25.572 ; SSIM: 0.738 ; loss: 208.235
2018-05-30 03:20:41,510:INFO: - Eval metrics : PSNR: 24.402 ; SSIM: 0.725 ; loss: 235.945
2018-05-30 03:20:41,515:INFO: Epoch 24/100
2018-05-30 03:20:41,815:INFO: - Train metrics: PSNR: 25.591 ; SSIM: 0.738 ; loss: 207.989
2018-05-30 03:20:42,093:INFO: - Eval metrics : PSNR: 24.401 ; SSIM: 0.724 ; loss: 235.980
2018-05-30 03:20:42,098:INFO: Epoch 25/100
2018-05-30 03:20:42,395:INFO: - Train metrics: PSNR: 25.595 ; SSIM: 0.738 ; loss: 207.749
2018-05-30 03:20:42,675:INFO: - Eval metrics : PSNR: 24.394 ; SSIM: 0.724 ; loss: 236.046
2018-05-30 03:20:42,681:INFO: Epoch 26/100
2018-05-30 03:20:42,986:INFO: - Train metrics: PSNR: 25.593 ; SSIM: 0.738 ; loss: 207.555
2018-05-30 03:20:43,272:INFO: - Eval metrics : PSNR: 24.405 ; SSIM: 0.724 ; loss: 236.303
2018-05-30 03:20:43,277:INFO: Epoch 27/100
2018-05-30 03:20:43,580:INFO: - Train metrics: PSNR: 25.612 ; SSIM: 0.738 ; loss: 207.342
2018-05-30 03:20:43,863:INFO: - Eval metrics : PSNR: 24.396 ; SSIM: 0.724 ; loss: 236.342
2018-05-30 03:20:43,868:INFO: Epoch 28/100
2018-05-30 03:20:44,182:INFO: - Train metrics: PSNR: 25.609 ; SSIM: 0.738 ; loss: 207.123
2018-05-30 03:20:44,480:INFO: - Eval metrics : PSNR: 24.393 ; SSIM: 0.724 ; loss: 236.534
2018-05-30 03:20:44,486:INFO: Epoch 29/100
2018-05-30 03:20:44,807:INFO: - Train metrics: PSNR: 25.613 ; SSIM: 0.738 ; loss: 206.927
2018-05-30 03:20:45,093:INFO: - Eval metrics : PSNR: 24.398 ; SSIM: 0.724 ; loss: 236.869
2018-05-30 03:20:45,098:INFO: Epoch 30/100
2018-05-30 03:20:45,403:INFO: - Train metrics: PSNR: 25.627 ; SSIM: 0.738 ; loss: 206.745
2018-05-30 03:20:45,689:INFO: - Eval metrics : PSNR: 24.385 ; SSIM: 0.724 ; loss: 236.979
2018-05-30 03:20:45,694:INFO: Epoch 31/100
2018-05-30 03:20:46,001:INFO: - Train metrics: PSNR: 25.622 ; SSIM: 0.738 ; loss: 206.547
2018-05-30 03:20:46,285:INFO: - Eval metrics : PSNR: 24.384 ; SSIM: 0.724 ; loss: 237.187
2018-05-30 03:20:46,291:INFO: Epoch 32/100
2018-05-30 03:20:46,595:INFO: - Train metrics: PSNR: 25.630 ; SSIM: 0.738 ; loss: 206.350
2018-05-30 03:20:46,878:INFO: - Eval metrics : PSNR: 24.383 ; SSIM: 0.724 ; loss: 237.419
2018-05-30 03:20:46,883:INFO: Epoch 33/100
2018-05-30 03:20:47,189:INFO: - Train metrics: PSNR: 25.637 ; SSIM: 0.738 ; loss: 206.178
2018-05-30 03:20:47,476:INFO: - Eval metrics : PSNR: 24.370 ; SSIM: 0.724 ; loss: 237.547
2018-05-30 03:20:47,482:INFO: Epoch 34/100
2018-05-30 03:20:47,787:INFO: - Train metrics: PSNR: 25.632 ; SSIM: 0.738 ; loss: 206.004
2018-05-30 03:20:48,074:INFO: - Eval metrics : PSNR: 24.373 ; SSIM: 0.723 ; loss: 237.791
2018-05-30 03:20:48,079:INFO: Epoch 35/100
2018-05-30 03:20:48,395:INFO: - Train metrics: PSNR: 25.641 ; SSIM: 0.738 ; loss: 205.825
2018-05-30 03:20:48,697:INFO: - Eval metrics : PSNR: 24.369 ; SSIM: 0.723 ; loss: 237.917
2018-05-30 03:20:48,703:INFO: Epoch 36/100
2018-05-30 03:20:49,018:INFO: - Train metrics: PSNR: 25.641 ; SSIM: 0.738 ; loss: 205.655
2018-05-30 03:20:49,304:INFO: - Eval metrics : PSNR: 24.360 ; SSIM: 0.723 ; loss: 237.982
2018-05-30 03:20:49,310:INFO: Epoch 37/100
2018-05-30 03:20:49,614:INFO: - Train metrics: PSNR: 25.637 ; SSIM: 0.738 ; loss: 205.497
2018-05-30 03:20:49,897:INFO: - Eval metrics : PSNR: 24.365 ; SSIM: 0.723 ; loss: 238.172
2018-05-30 03:20:49,903:INFO: Epoch 38/100
2018-05-30 03:20:50,211:INFO: - Train metrics: PSNR: 25.645 ; SSIM: 0.738 ; loss: 205.333
2018-05-30 03:20:50,497:INFO: - Eval metrics : PSNR: 24.360 ; SSIM: 0.723 ; loss: 238.237
2018-05-30 03:20:50,502:INFO: Epoch 39/100
2018-05-30 03:20:50,808:INFO: - Train metrics: PSNR: 25.643 ; SSIM: 0.738 ; loss: 205.169
2018-05-30 03:20:51,093:INFO: - Eval metrics : PSNR: 24.358 ; SSIM: 0.723 ; loss: 238.312
2018-05-30 03:20:51,098:INFO: Epoch 40/100
2018-05-30 03:20:51,416:INFO: - Train metrics: PSNR: 25.643 ; SSIM: 0.738 ; loss: 205.015
2018-05-30 03:20:51,716:INFO: - Eval metrics : PSNR: 24.362 ; SSIM: 0.723 ; loss: 238.431
2018-05-30 03:20:51,721:INFO: Epoch 41/100
2018-05-30 03:20:52,036:INFO: - Train metrics: PSNR: 25.651 ; SSIM: 0.738 ; loss: 204.867
2018-05-30 03:20:52,337:INFO: - Eval metrics : PSNR: 24.355 ; SSIM: 0.723 ; loss: 238.438
2018-05-30 03:20:52,343:INFO: Epoch 42/100
2018-05-30 03:20:52,658:INFO: - Train metrics: PSNR: 25.648 ; SSIM: 0.738 ; loss: 204.717
2018-05-30 03:20:52,957:INFO: - Eval metrics : PSNR: 24.357 ; SSIM: 0.723 ; loss: 238.548
2018-05-30 03:20:52,963:INFO: Epoch 43/100
2018-05-30 03:20:53,282:INFO: - Train metrics: PSNR: 25.654 ; SSIM: 0.738 ; loss: 204.569
2018-05-30 03:20:53,567:INFO: - Eval metrics : PSNR: 24.357 ; SSIM: 0.722 ; loss: 238.651
2018-05-30 03:20:53,576:INFO: Epoch 44/100
2018-05-30 03:20:53,877:INFO: - Train metrics: PSNR: 25.659 ; SSIM: 0.738 ; loss: 204.430
2018-05-30 03:20:54,164:INFO: - Eval metrics : PSNR: 24.351 ; SSIM: 0.722 ; loss: 238.666
2018-05-30 03:20:54,169:INFO: Epoch 45/100
2018-05-30 03:20:54,474:INFO: - Train metrics: PSNR: 25.658 ; SSIM: 0.738 ; loss: 204.293
2018-05-30 03:20:54,754:INFO: - Eval metrics : PSNR: 24.354 ; SSIM: 0.722 ; loss: 238.773
2018-05-30 03:20:54,759:INFO: Epoch 46/100
2018-05-30 03:20:55,065:INFO: - Train metrics: PSNR: 25.665 ; SSIM: 0.738 ; loss: 204.154
2018-05-30 03:20:55,351:INFO: - Eval metrics : PSNR: 24.352 ; SSIM: 0.722 ; loss: 238.839
2018-05-30 03:20:55,356:INFO: Epoch 47/100
2018-05-30 03:20:55,662:INFO: - Train metrics: PSNR: 25.667 ; SSIM: 0.738 ; loss: 204.016
2018-05-30 03:20:55,947:INFO: - Eval metrics : PSNR: 24.348 ; SSIM: 0.722 ; loss: 238.899
2018-05-30 03:20:55,952:INFO: Epoch 48/100
2018-05-30 03:20:56,256:INFO: - Train metrics: PSNR: 25.667 ; SSIM: 0.738 ; loss: 203.884
2018-05-30 03:20:56,541:INFO: - Eval metrics : PSNR: 24.351 ; SSIM: 0.722 ; loss: 239.015
2018-05-30 03:20:56,547:INFO: Epoch 49/100
2018-05-30 03:20:56,854:INFO: - Train metrics: PSNR: 25.673 ; SSIM: 0.738 ; loss: 203.752
2018-05-30 03:20:57,138:INFO: - Eval metrics : PSNR: 24.347 ; SSIM: 0.722 ; loss: 239.042
2018-05-30 03:20:57,143:INFO: Epoch 50/100
2018-05-30 03:20:57,455:INFO: - Train metrics: PSNR: 25.672 ; SSIM: 0.738 ; loss: 203.620
2018-05-30 03:20:57,743:INFO: - Eval metrics : PSNR: 24.346 ; SSIM: 0.722 ; loss: 239.115
2018-05-30 03:20:57,748:INFO: Epoch 51/100
2018-05-30 03:20:58,068:INFO: - Train metrics: PSNR: 25.675 ; SSIM: 0.738 ; loss: 203.492
2018-05-30 03:20:58,351:INFO: - Eval metrics : PSNR: 24.348 ; SSIM: 0.722 ; loss: 239.211
2018-05-30 03:20:58,356:INFO: Epoch 52/100
2018-05-30 03:20:58,663:INFO: - Train metrics: PSNR: 25.679 ; SSIM: 0.738 ; loss: 203.366
2018-05-30 03:20:58,942:INFO: - Eval metrics : PSNR: 24.345 ; SSIM: 0.721 ; loss: 239.245
2018-05-30 03:20:58,948:INFO: Epoch 53/100
2018-05-30 03:20:59,248:INFO: - Train metrics: PSNR: 25.679 ; SSIM: 0.738 ; loss: 203.242
2018-05-30 03:20:59,532:INFO: - Eval metrics : PSNR: 24.346 ; SSIM: 0.721 ; loss: 239.318
2018-05-30 03:20:59,537:INFO: Epoch 54/100
2018-05-30 03:20:59,838:INFO: - Train metrics: PSNR: 25.684 ; SSIM: 0.738 ; loss: 203.117
2018-05-30 03:21:00,121:INFO: - Eval metrics : PSNR: 24.345 ; SSIM: 0.721 ; loss: 239.363
2018-05-30 03:21:00,126:INFO: Epoch 55/100
2018-05-30 03:21:00,429:INFO: - Train metrics: PSNR: 25.687 ; SSIM: 0.738 ; loss: 202.996
2018-05-30 03:21:00,707:INFO: - Eval metrics : PSNR: 24.344 ; SSIM: 0.721 ; loss: 239.404
2018-05-30 03:21:00,712:INFO: Epoch 56/100
2018-05-30 03:21:01,014:INFO: - Train metrics: PSNR: 25.688 ; SSIM: 0.738 ; loss: 202.876
2018-05-30 03:21:01,321:INFO: - Eval metrics : PSNR: 24.345 ; SSIM: 0.721 ; loss: 239.483
2018-05-30 03:21:01,326:INFO: Epoch 57/100
2018-05-30 03:21:01,635:INFO: - Train metrics: PSNR: 25.694 ; SSIM: 0.738 ; loss: 202.758
2018-05-30 03:21:01,917:INFO: - Eval metrics : PSNR: 24.343 ; SSIM: 0.721 ; loss: 239.511
2018-05-30 03:21:01,922:INFO: Epoch 58/100
2018-05-30 03:21:02,240:INFO: - Train metrics: PSNR: 25.695 ; SSIM: 0.738 ; loss: 202.641
2018-05-30 03:21:02,537:INFO: - Eval metrics : PSNR: 24.343 ; SSIM: 0.721 ; loss: 239.555
2018-05-30 03:21:02,543:INFO: Epoch 59/100
2018-05-30 03:21:02,860:INFO: - Train metrics: PSNR: 25.699 ; SSIM: 0.738 ; loss: 202.526
2018-05-30 03:21:03,159:INFO: - Eval metrics : PSNR: 24.344 ; SSIM: 0.721 ; loss: 239.614
2018-05-30 03:21:03,164:INFO: Epoch 60/100
2018-05-30 03:21:03,468:INFO: - Train metrics: PSNR: 25.702 ; SSIM: 0.738 ; loss: 202.412
2018-05-30 03:21:03,753:INFO: - Eval metrics : PSNR: 24.341 ; SSIM: 0.721 ; loss: 239.647
2018-05-30 03:21:03,758:INFO: Epoch 61/100
2018-05-30 03:21:04,064:INFO: - Train metrics: PSNR: 25.703 ; SSIM: 0.738 ; loss: 202.298
2018-05-30 03:21:04,345:INFO: - Eval metrics : PSNR: 24.342 ; SSIM: 0.721 ; loss: 239.708
2018-05-30 03:21:04,350:INFO: Epoch 62/100
2018-05-30 03:21:04,653:INFO: - Train metrics: PSNR: 25.706 ; SSIM: 0.738 ; loss: 202.186
2018-05-30 03:21:04,937:INFO: - Eval metrics : PSNR: 24.341 ; SSIM: 0.721 ; loss: 239.745
2018-05-30 03:21:04,943:INFO: Epoch 63/100
2018-05-30 03:21:05,247:INFO: - Train metrics: PSNR: 25.708 ; SSIM: 0.738 ; loss: 202.076
2018-05-30 03:21:05,531:INFO: - Eval metrics : PSNR: 24.339 ; SSIM: 0.721 ; loss: 239.778
2018-05-30 03:21:05,536:INFO: Epoch 64/100
2018-05-30 03:21:05,843:INFO: - Train metrics: PSNR: 25.709 ; SSIM: 0.738 ; loss: 201.967
2018-05-30 03:21:06,127:INFO: - Eval metrics : PSNR: 24.340 ; SSIM: 0.721 ; loss: 239.840
2018-05-30 03:21:06,132:INFO: Epoch 65/100
2018-05-30 03:21:06,444:INFO: - Train metrics: PSNR: 25.712 ; SSIM: 0.738 ; loss: 201.859
2018-05-30 03:21:06,743:INFO: - Eval metrics : PSNR: 24.338 ; SSIM: 0.721 ; loss: 239.872
2018-05-30 03:21:06,749:INFO: Epoch 66/100
2018-05-30 03:21:07,054:INFO: - Train metrics: PSNR: 25.713 ; SSIM: 0.738 ; loss: 201.752
2018-05-30 03:21:07,344:INFO: - Eval metrics : PSNR: 24.337 ; SSIM: 0.721 ; loss: 239.910
2018-05-30 03:21:07,351:INFO: Epoch 67/100
2018-05-30 03:21:07,661:INFO: - Train metrics: PSNR: 25.714 ; SSIM: 0.738 ; loss: 201.646
2018-05-30 03:21:07,961:INFO: - Eval metrics : PSNR: 24.338 ; SSIM: 0.721 ; loss: 239.955
2018-05-30 03:21:07,966:INFO: Epoch 68/100
2018-05-30 03:21:08,276:INFO: - Train metrics: PSNR: 25.717 ; SSIM: 0.738 ; loss: 201.542
2018-05-30 03:21:08,563:INFO: - Eval metrics : PSNR: 24.336 ; SSIM: 0.721 ; loss: 239.979
2018-05-30 03:21:08,569:INFO: Epoch 69/100
2018-05-30 03:21:08,868:INFO: - Train metrics: PSNR: 25.718 ; SSIM: 0.738 ; loss: 201.439
2018-05-30 03:21:09,149:INFO: - Eval metrics : PSNR: 24.337 ; SSIM: 0.721 ; loss: 240.028
2018-05-30 03:21:09,154:INFO: Epoch 70/100
2018-05-30 03:21:09,459:INFO: - Train metrics: PSNR: 25.721 ; SSIM: 0.738 ; loss: 201.337
2018-05-30 03:21:09,744:INFO: - Eval metrics : PSNR: 24.336 ; SSIM: 0.721 ; loss: 240.063
2018-05-30 03:21:09,750:INFO: Epoch 71/100
2018-05-30 03:21:10,053:INFO: - Train metrics: PSNR: 25.723 ; SSIM: 0.738 ; loss: 201.237
2018-05-30 03:21:10,337:INFO: - Eval metrics : PSNR: 24.335 ; SSIM: 0.721 ; loss: 240.087
2018-05-30 03:21:10,342:INFO: Epoch 72/100
2018-05-30 03:21:10,648:INFO: - Train metrics: PSNR: 25.724 ; SSIM: 0.738 ; loss: 201.138
2018-05-30 03:21:10,929:INFO: - Eval metrics : PSNR: 24.336 ; SSIM: 0.721 ; loss: 240.132
2018-05-30 03:21:10,934:INFO: Epoch 73/100
2018-05-30 03:21:11,253:INFO: - Train metrics: PSNR: 25.727 ; SSIM: 0.738 ; loss: 201.039
2018-05-30 03:21:11,550:INFO: - Eval metrics : PSNR: 24.335 ; SSIM: 0.721 ; loss: 240.162
2018-05-30 03:21:11,555:INFO: Epoch 74/100
2018-05-30 03:21:11,874:INFO: - Train metrics: PSNR: 25.728 ; SSIM: 0.738 ; loss: 200.942
2018-05-30 03:21:12,173:INFO: - Eval metrics : PSNR: 24.334 ; SSIM: 0.721 ; loss: 240.197
2018-05-30 03:21:12,179:INFO: Epoch 75/100
2018-05-30 03:21:12,481:INFO: - Train metrics: PSNR: 25.730 ; SSIM: 0.738 ; loss: 200.846
2018-05-30 03:21:12,767:INFO: - Eval metrics : PSNR: 24.334 ; SSIM: 0.721 ; loss: 240.234
2018-05-30 03:21:12,772:INFO: Epoch 76/100
2018-05-30 03:21:13,077:INFO: - Train metrics: PSNR: 25.732 ; SSIM: 0.738 ; loss: 200.751
2018-05-30 03:21:13,361:INFO: - Eval metrics : PSNR: 24.333 ; SSIM: 0.721 ; loss: 240.259
2018-05-30 03:21:13,366:INFO: Epoch 77/100
2018-05-30 03:21:13,670:INFO: - Train metrics: PSNR: 25.733 ; SSIM: 0.738 ; loss: 200.658
2018-05-30 03:21:13,955:INFO: - Eval metrics : PSNR: 24.333 ; SSIM: 0.721 ; loss: 240.298
2018-05-30 03:21:13,960:INFO: Epoch 78/100
2018-05-30 03:21:14,268:INFO: - Train metrics: PSNR: 25.735 ; SSIM: 0.738 ; loss: 200.564
2018-05-30 03:21:14,557:INFO: - Eval metrics : PSNR: 24.333 ; SSIM: 0.721 ; loss: 240.328
2018-05-30 03:21:14,562:INFO: Epoch 79/100
2018-05-30 03:21:14,880:INFO: - Train metrics: PSNR: 25.737 ; SSIM: 0.738 ; loss: 200.472
2018-05-30 03:21:15,178:INFO: - Eval metrics : PSNR: 24.332 ; SSIM: 0.721 ; loss: 240.351
2018-05-30 03:21:15,184:INFO: Epoch 80/100
2018-05-30 03:21:15,498:INFO: - Train metrics: PSNR: 25.739 ; SSIM: 0.738 ; loss: 200.381
2018-05-30 03:21:15,790:INFO: - Eval metrics : PSNR: 24.332 ; SSIM: 0.721 ; loss: 240.383
2018-05-30 03:21:15,795:INFO: Epoch 81/100
2018-05-30 03:21:16,113:INFO: - Train metrics: PSNR: 25.741 ; SSIM: 0.738 ; loss: 200.290
2018-05-30 03:21:16,406:INFO: - Eval metrics : PSNR: 24.332 ; SSIM: 0.721 ; loss: 240.401
2018-05-30 03:21:16,412:INFO: Epoch 82/100
2018-05-30 03:21:16,665:INFO: - Train metrics: PSNR: 25.743 ; SSIM: 0.738 ; loss: 200.201
2018-05-30 03:21:16,961:INFO: - Eval metrics : PSNR: 24.332 ; SSIM: 0.720 ; loss: 240.428
2018-05-30 03:21:16,966:INFO: Epoch 83/100
2018-05-30 03:21:17,278:INFO: - Train metrics: PSNR: 25.745 ; SSIM: 0.738 ; loss: 200.112
2018-05-30 03:21:17,569:INFO: - Eval metrics : PSNR: 24.332 ; SSIM: 0.720 ; loss: 240.447
2018-05-30 03:21:17,574:INFO: Epoch 84/100
2018-05-30 03:21:17,878:INFO: - Train metrics: PSNR: 25.747 ; SSIM: 0.738 ; loss: 200.024
2018-05-30 03:21:18,162:INFO: - Eval metrics : PSNR: 24.332 ; SSIM: 0.720 ; loss: 240.460
2018-05-30 03:21:18,167:INFO: Epoch 85/100
2018-05-30 03:21:18,468:INFO: - Train metrics: PSNR: 25.748 ; SSIM: 0.738 ; loss: 199.937
2018-05-30 03:21:18,752:INFO: - Eval metrics : PSNR: 24.333 ; SSIM: 0.720 ; loss: 240.485
2018-05-30 03:21:18,758:INFO: Epoch 86/100
2018-05-30 03:21:19,059:INFO: - Train metrics: PSNR: 25.751 ; SSIM: 0.738 ; loss: 199.851
2018-05-30 03:21:19,342:INFO: - Eval metrics : PSNR: 24.333 ; SSIM: 0.720 ; loss: 240.494
2018-05-30 03:21:19,347:INFO: Epoch 87/100
2018-05-30 03:21:19,650:INFO: - Train metrics: PSNR: 25.752 ; SSIM: 0.738 ; loss: 199.765
2018-05-30 03:21:19,934:INFO: - Eval metrics : PSNR: 24.333 ; SSIM: 0.720 ; loss: 240.513
2018-05-30 03:21:19,939:INFO: Epoch 88/100
2018-05-30 03:21:20,257:INFO: - Train metrics: PSNR: 25.754 ; SSIM: 0.738 ; loss: 199.680
2018-05-30 03:21:20,550:INFO: - Eval metrics : PSNR: 24.334 ; SSIM: 0.720 ; loss: 240.530
2018-05-30 03:21:20,555:INFO: Epoch 89/100
2018-05-30 03:21:20,859:INFO: - Train metrics: PSNR: 25.756 ; SSIM: 0.738 ; loss: 199.596
2018-05-30 03:21:21,146:INFO: - Eval metrics : PSNR: 24.333 ; SSIM: 0.720 ; loss: 240.542
2018-05-30 03:21:21,151:INFO: Epoch 90/100
2018-05-30 03:21:21,453:INFO: - Train metrics: PSNR: 25.757 ; SSIM: 0.738 ; loss: 199.513
2018-05-30 03:21:21,731:INFO: - Eval metrics : PSNR: 24.334 ; SSIM: 0.720 ; loss: 240.564
2018-05-30 03:21:21,736:INFO: Epoch 91/100
2018-05-30 03:21:22,039:INFO: - Train metrics: PSNR: 25.759 ; SSIM: 0.738 ; loss: 199.430
2018-05-30 03:21:22,324:INFO: - Eval metrics : PSNR: 24.333 ; SSIM: 0.720 ; loss: 240.580
2018-05-30 03:21:22,329:INFO: Epoch 92/100
2018-05-30 03:21:22,634:INFO: - Train metrics: PSNR: 25.760 ; SSIM: 0.738 ; loss: 199.348
2018-05-30 03:21:22,918:INFO: - Eval metrics : PSNR: 24.333 ; SSIM: 0.720 ; loss: 240.597
2018-05-30 03:21:22,923:INFO: Epoch 93/100
2018-05-30 03:21:23,231:INFO: - Train metrics: PSNR: 25.761 ; SSIM: 0.738 ; loss: 199.267
2018-05-30 03:21:23,518:INFO: - Eval metrics : PSNR: 24.333 ; SSIM: 0.720 ; loss: 240.615
2018-05-30 03:21:23,523:INFO: Epoch 94/100
2018-05-30 03:21:23,839:INFO: - Train metrics: PSNR: 25.763 ; SSIM: 0.738 ; loss: 199.186
2018-05-30 03:21:24,140:INFO: - Eval metrics : PSNR: 24.333 ; SSIM: 0.720 ; loss: 240.629
2018-05-30 03:21:24,145:INFO: Epoch 95/100
2018-05-30 03:21:24,461:INFO: - Train metrics: PSNR: 25.764 ; SSIM: 0.738 ; loss: 199.105
2018-05-30 03:21:24,759:INFO: - Eval metrics : PSNR: 24.333 ; SSIM: 0.720 ; loss: 240.649
2018-05-30 03:21:24,765:INFO: Epoch 96/100
2018-05-30 03:21:25,063:INFO: - Train metrics: PSNR: 25.766 ; SSIM: 0.738 ; loss: 199.025
2018-05-30 03:21:25,344:INFO: - Eval metrics : PSNR: 24.334 ; SSIM: 0.720 ; loss: 240.666
2018-05-30 03:21:25,349:INFO: Epoch 97/100
2018-05-30 03:21:25,651:INFO: - Train metrics: PSNR: 25.767 ; SSIM: 0.738 ; loss: 198.946
2018-05-30 03:21:25,936:INFO: - Eval metrics : PSNR: 24.333 ; SSIM: 0.720 ; loss: 240.677
2018-05-30 03:21:25,941:INFO: Epoch 98/100
2018-05-30 03:21:26,245:INFO: - Train metrics: PSNR: 25.768 ; SSIM: 0.738 ; loss: 198.868
2018-05-30 03:21:26,528:INFO: - Eval metrics : PSNR: 24.334 ; SSIM: 0.720 ; loss: 240.699
2018-05-30 03:21:26,533:INFO: Epoch 99/100
2018-05-30 03:21:26,840:INFO: - Train metrics: PSNR: 25.770 ; SSIM: 0.738 ; loss: 198.790
2018-05-30 03:21:27,122:INFO: - Eval metrics : PSNR: 24.334 ; SSIM: 0.720 ; loss: 240.711
2018-05-30 03:21:27,127:INFO: Epoch 100/100
2018-05-30 03:21:27,429:INFO: - Train metrics: PSNR: 25.771 ; SSIM: 0.738 ; loss: 198.713
2018-05-30 03:21:27,714:INFO: - Eval metrics : PSNR: 24.334 ; SSIM: 0.720 ; loss: 240.729
2018-05-30 03:22:06,636:INFO: Loading the datasets...
2018-05-30 03:22:06,637:INFO: - done.
2018-05-30 03:22:14,541:INFO: Starting training for 100 epoch(s)
2018-05-30 03:22:14,541:INFO: Restoring parameters from experiments/fsrcnn_model/best.pth.tar
2018-05-30 03:22:14,638:INFO: Epoch 1/100
2018-05-30 03:22:14,906:INFO: - Train metrics: PSNR: 25.473 ; SSIM: 0.738 ; loss: 214.685
2018-05-30 03:22:15,205:INFO: - Eval metrics : PSNR: 24.399 ; SSIM: 0.727 ; loss: 234.293
2018-05-30 03:22:15,211:INFO: - Found new best accuracy
2018-05-30 03:22:15,211:INFO: Epoch 2/100
2018-05-30 03:22:15,528:INFO: - Train metrics: PSNR: 25.429 ; SSIM: 0.738 ; loss: 214.401
2018-05-30 03:22:15,818:INFO: - Eval metrics : PSNR: 24.418 ; SSIM: 0.727 ; loss: 234.867
2018-05-30 03:22:15,823:INFO: - Found new best accuracy
2018-05-30 03:22:15,824:INFO: Epoch 3/100
2018-05-30 03:22:16,136:INFO: - Train metrics: PSNR: 25.464 ; SSIM: 0.739 ; loss: 213.810
2018-05-30 03:22:16,421:INFO: - Eval metrics : PSNR: 24.414 ; SSIM: 0.726 ; loss: 235.192
2018-05-30 03:22:16,426:INFO: Epoch 4/100
2018-05-30 03:22:16,731:INFO: - Train metrics: PSNR: 25.473 ; SSIM: 0.738 ; loss: 213.465
2018-05-30 03:22:16,955:INFO: - Eval metrics : PSNR: 24.379 ; SSIM: 0.725 ; loss: 234.972
2018-05-30 03:22:16,960:INFO: Epoch 5/100
2018-05-30 03:22:17,200:INFO: - Train metrics: PSNR: 25.448 ; SSIM: 0.738 ; loss: 213.187
2018-05-30 03:22:17,498:INFO: - Eval metrics : PSNR: 24.410 ; SSIM: 0.724 ; loss: 235.244
2018-05-30 03:22:17,504:INFO: Epoch 6/100
2018-05-30 03:22:17,822:INFO: - Train metrics: PSNR: 25.491 ; SSIM: 0.738 ; loss: 212.705
2018-05-30 03:22:18,121:INFO: - Eval metrics : PSNR: 24.406 ; SSIM: 0.722 ; loss: 235.210
2018-05-30 03:22:18,126:INFO: Epoch 7/100
2018-05-30 03:22:18,431:INFO: - Train metrics: PSNR: 25.497 ; SSIM: 0.737 ; loss: 212.398
2018-05-30 03:22:18,718:INFO: - Eval metrics : PSNR: 24.381 ; SSIM: 0.720 ; loss: 235.080
2018-05-30 03:22:18,723:INFO: Epoch 8/100
2018-05-30 03:22:19,029:INFO: - Train metrics: PSNR: 25.481 ; SSIM: 0.737 ; loss: 212.220
2018-05-30 03:22:19,315:INFO: - Eval metrics : PSNR: 24.408 ; SSIM: 0.719 ; loss: 235.538
2018-05-30 03:22:19,321:INFO: Epoch 9/100
2018-05-30 03:22:19,644:INFO: - Train metrics: PSNR: 25.516 ; SSIM: 0.737 ; loss: 211.949
2018-05-30 03:22:19,943:INFO: - Eval metrics : PSNR: 24.394 ; SSIM: 0.719 ; loss: 235.410
2018-05-30 03:22:19,950:INFO: Epoch 10/100
2018-05-30 03:22:20,267:INFO: - Train metrics: PSNR: 25.511 ; SSIM: 0.736 ; loss: 211.596
2018-05-30 03:22:20,567:INFO: - Eval metrics : PSNR: 24.381 ; SSIM: 0.719 ; loss: 235.438
2018-05-30 03:22:20,572:INFO: Epoch 11/100
2018-05-30 03:22:20,877:INFO: - Train metrics: PSNR: 25.504 ; SSIM: 0.736 ; loss: 211.370
2018-05-30 03:22:21,161:INFO: - Eval metrics : PSNR: 24.401 ; SSIM: 0.720 ; loss: 235.914
2018-05-30 03:22:21,166:INFO: Epoch 12/100
2018-05-30 03:22:21,471:INFO: - Train metrics: PSNR: 25.531 ; SSIM: 0.737 ; loss: 211.077
2018-05-30 03:22:21,757:INFO: - Eval metrics : PSNR: 24.384 ; SSIM: 0.720 ; loss: 235.701
2018-05-30 03:22:21,762:INFO: Epoch 13/100
2018-05-30 03:22:22,106:INFO: - Train metrics: PSNR: 25.517 ; SSIM: 0.737 ; loss: 210.687
2018-05-30 03:22:22,387:INFO: - Eval metrics : PSNR: 24.381 ; SSIM: 0.721 ; loss: 235.782
2018-05-30 03:22:22,392:INFO: Epoch 14/100
2018-05-30 03:22:22,693:INFO: - Train metrics: PSNR: 25.519 ; SSIM: 0.737 ; loss: 210.382
2018-05-30 03:22:22,976:INFO: - Eval metrics : PSNR: 24.397 ; SSIM: 0.722 ; loss: 236.140
2018-05-30 03:22:22,981:INFO: Epoch 15/100
2018-05-30 03:22:23,283:INFO: - Train metrics: PSNR: 25.541 ; SSIM: 0.738 ; loss: 210.104
2018-05-30 03:22:23,567:INFO: - Eval metrics : PSNR: 24.380 ; SSIM: 0.723 ; loss: 235.905
2018-05-30 03:22:23,572:INFO: Epoch 16/100
2018-05-30 03:22:23,875:INFO: - Train metrics: PSNR: 25.528 ; SSIM: 0.738 ; loss: 209.775
2018-05-30 03:22:24,160:INFO: - Eval metrics : PSNR: 24.386 ; SSIM: 0.724 ; loss: 235.951
2018-05-30 03:22:24,165:INFO: Epoch 17/100
2018-05-30 03:22:24,466:INFO: - Train metrics: PSNR: 25.540 ; SSIM: 0.738 ; loss: 209.449
2018-05-30 03:22:24,748:INFO: - Eval metrics : PSNR: 24.396 ; SSIM: 0.725 ; loss: 236.071
2018-05-30 03:22:24,754:INFO: Epoch 18/100
2018-05-30 03:22:25,059:INFO: - Train metrics: PSNR: 25.556 ; SSIM: 0.738 ; loss: 209.216
2018-05-30 03:22:25,340:INFO: - Eval metrics : PSNR: 24.382 ; SSIM: 0.725 ; loss: 235.857
2018-05-30 03:22:25,345:INFO: Epoch 19/100
2018-05-30 03:22:25,649:INFO: - Train metrics: PSNR: 25.547 ; SSIM: 0.738 ; loss: 208.956
2018-05-30 03:22:25,873:INFO: - Eval metrics : PSNR: 24.396 ; SSIM: 0.725 ; loss: 235.947
2018-05-30 03:22:25,877:INFO: Epoch 20/100
2018-05-30 03:22:26,178:INFO: - Train metrics: PSNR: 25.568 ; SSIM: 0.738 ; loss: 208.677
2018-05-30 03:22:26,456:INFO: - Eval metrics : PSNR: 24.400 ; SSIM: 0.725 ; loss: 235.967
2018-05-30 03:22:26,461:INFO: Epoch 21/100
2018-05-30 03:22:26,759:INFO: - Train metrics: PSNR: 25.578 ; SSIM: 0.738 ; loss: 208.451
2018-05-30 03:22:27,038:INFO: - Eval metrics : PSNR: 24.388 ; SSIM: 0.725 ; loss: 235.819
2018-05-30 03:22:27,042:INFO: Epoch 22/100
2018-05-30 03:22:27,344:INFO: - Train metrics: PSNR: 25.572 ; SSIM: 0.738 ; loss: 208.235
2018-05-30 03:22:27,624:INFO: - Eval metrics : PSNR: 24.402 ; SSIM: 0.725 ; loss: 235.945
2018-05-30 03:22:27,629:INFO: Epoch 23/100
2018-05-30 03:22:27,927:INFO: - Train metrics: PSNR: 25.591 ; SSIM: 0.738 ; loss: 207.989
2018-05-30 03:22:28,201:INFO: - Eval metrics : PSNR: 24.401 ; SSIM: 0.724 ; loss: 235.980
2018-05-30 03:22:28,206:INFO: Epoch 24/100
2018-05-30 03:22:28,508:INFO: - Train metrics: PSNR: 25.595 ; SSIM: 0.738 ; loss: 207.749
2018-05-30 03:22:28,788:INFO: - Eval metrics : PSNR: 24.394 ; SSIM: 0.724 ; loss: 236.047
2018-05-30 03:22:28,793:INFO: Epoch 25/100
2018-05-30 03:22:29,031:INFO: - Train metrics: PSNR: 25.593 ; SSIM: 0.738 ; loss: 207.555
2018-05-30 03:22:29,308:INFO: - Eval metrics : PSNR: 24.405 ; SSIM: 0.724 ; loss: 236.303
2018-05-30 03:22:29,313:INFO: Epoch 26/100
2018-05-30 03:22:29,612:INFO: - Train metrics: PSNR: 25.612 ; SSIM: 0.738 ; loss: 207.342
2018-05-30 03:22:29,895:INFO: - Eval metrics : PSNR: 24.396 ; SSIM: 0.724 ; loss: 236.342
2018-05-30 03:22:29,900:INFO: Epoch 27/100
2018-05-30 03:22:30,201:INFO: - Train metrics: PSNR: 25.609 ; SSIM: 0.738 ; loss: 207.123
2018-05-30 03:22:30,481:INFO: - Eval metrics : PSNR: 24.393 ; SSIM: 0.724 ; loss: 236.534
2018-05-30 03:22:30,486:INFO: Epoch 28/100
2018-05-30 03:22:30,790:INFO: - Train metrics: PSNR: 25.613 ; SSIM: 0.738 ; loss: 206.927
2018-05-30 03:22:31,066:INFO: - Eval metrics : PSNR: 24.398 ; SSIM: 0.724 ; loss: 236.869
2018-05-30 03:22:31,071:INFO: Epoch 29/100
2018-05-30 03:22:31,373:INFO: - Train metrics: PSNR: 25.627 ; SSIM: 0.738 ; loss: 206.745
2018-05-30 03:22:31,651:INFO: - Eval metrics : PSNR: 24.385 ; SSIM: 0.724 ; loss: 236.979
2018-05-30 03:22:31,656:INFO: Epoch 30/100
2018-05-30 03:22:31,957:INFO: - Train metrics: PSNR: 25.622 ; SSIM: 0.738 ; loss: 206.547
2018-05-30 03:22:32,238:INFO: - Eval metrics : PSNR: 24.384 ; SSIM: 0.724 ; loss: 237.187
2018-05-30 03:22:32,243:INFO: Epoch 31/100
2018-05-30 03:22:32,547:INFO: - Train metrics: PSNR: 25.630 ; SSIM: 0.738 ; loss: 206.351
2018-05-30 03:22:32,829:INFO: - Eval metrics : PSNR: 24.383 ; SSIM: 0.724 ; loss: 237.419
2018-05-30 03:22:32,834:INFO: Epoch 32/100
2018-05-30 03:22:33,135:INFO: - Train metrics: PSNR: 25.637 ; SSIM: 0.738 ; loss: 206.178
2018-05-30 03:22:33,417:INFO: - Eval metrics : PSNR: 24.370 ; SSIM: 0.724 ; loss: 237.547
2018-05-30 03:22:33,422:INFO: Epoch 33/100
2018-05-30 03:22:33,725:INFO: - Train metrics: PSNR: 25.632 ; SSIM: 0.738 ; loss: 206.004
2018-05-30 03:22:34,009:INFO: - Eval metrics : PSNR: 24.373 ; SSIM: 0.723 ; loss: 237.791
2018-05-30 03:22:34,014:INFO: Epoch 34/100
2018-05-30 03:22:34,315:INFO: - Train metrics: PSNR: 25.641 ; SSIM: 0.738 ; loss: 205.825
2018-05-30 03:22:34,597:INFO: - Eval metrics : PSNR: 24.369 ; SSIM: 0.723 ; loss: 237.917
2018-05-30 03:22:34,603:INFO: Epoch 35/100
2018-05-30 03:22:34,902:INFO: - Train metrics: PSNR: 25.641 ; SSIM: 0.738 ; loss: 205.655
2018-05-30 03:22:35,199:INFO: - Eval metrics : PSNR: 24.360 ; SSIM: 0.723 ; loss: 237.982
2018-05-30 03:22:35,204:INFO: Epoch 36/100
2018-05-30 03:22:35,506:INFO: - Train metrics: PSNR: 25.637 ; SSIM: 0.738 ; loss: 205.497
2018-05-30 03:22:35,789:INFO: - Eval metrics : PSNR: 24.365 ; SSIM: 0.723 ; loss: 238.172
2018-05-30 03:22:35,794:INFO: Epoch 37/100
2018-05-30 03:22:36,034:INFO: - Train metrics: PSNR: 25.645 ; SSIM: 0.738 ; loss: 205.333
2018-05-30 03:22:36,337:INFO: - Eval metrics : PSNR: 24.360 ; SSIM: 0.723 ; loss: 238.237
2018-05-30 03:22:36,343:INFO: Epoch 38/100
2018-05-30 03:22:36,646:INFO: - Train metrics: PSNR: 25.643 ; SSIM: 0.738 ; loss: 205.169
2018-05-30 03:22:36,945:INFO: - Eval metrics : PSNR: 24.358 ; SSIM: 0.723 ; loss: 238.312
2018-05-30 03:22:36,951:INFO: Epoch 39/100
2018-05-30 03:22:37,267:INFO: - Train metrics: PSNR: 25.643 ; SSIM: 0.738 ; loss: 205.015
2018-05-30 03:22:37,566:INFO: - Eval metrics : PSNR: 24.362 ; SSIM: 0.723 ; loss: 238.431
2018-05-30 03:22:37,572:INFO: Epoch 40/100
2018-05-30 03:22:37,879:INFO: - Train metrics: PSNR: 25.651 ; SSIM: 0.738 ; loss: 204.867
2018-05-30 03:22:38,166:INFO: - Eval metrics : PSNR: 24.355 ; SSIM: 0.723 ; loss: 238.437
2018-05-30 03:22:38,171:INFO: Epoch 41/100
2018-05-30 03:22:38,484:INFO: - Train metrics: PSNR: 25.648 ; SSIM: 0.738 ; loss: 204.717
2018-05-30 03:22:38,770:INFO: - Eval metrics : PSNR: 24.357 ; SSIM: 0.723 ; loss: 238.548
2018-05-30 03:22:38,775:INFO: Epoch 42/100
2018-05-30 03:22:39,084:INFO: - Train metrics: PSNR: 25.654 ; SSIM: 0.738 ; loss: 204.569
2018-05-30 03:22:39,388:INFO: - Eval metrics : PSNR: 24.357 ; SSIM: 0.722 ; loss: 238.650
2018-05-30 03:22:39,394:INFO: Epoch 43/100
2018-05-30 03:22:39,717:INFO: - Train metrics: PSNR: 25.659 ; SSIM: 0.738 ; loss: 204.431
2018-05-30 03:22:40,022:INFO: - Eval metrics : PSNR: 24.351 ; SSIM: 0.722 ; loss: 238.666
2018-05-30 03:22:40,027:INFO: Epoch 44/100
2018-05-30 03:22:40,347:INFO: - Train metrics: PSNR: 25.658 ; SSIM: 0.738 ; loss: 204.293
2018-05-30 03:22:40,653:INFO: - Eval metrics : PSNR: 24.354 ; SSIM: 0.722 ; loss: 238.773
2018-05-30 03:22:40,658:INFO: Epoch 45/100
2018-05-30 03:22:40,975:INFO: - Train metrics: PSNR: 25.665 ; SSIM: 0.738 ; loss: 204.154
2018-05-30 03:22:41,279:INFO: - Eval metrics : PSNR: 24.351 ; SSIM: 0.722 ; loss: 238.839
2018-05-30 03:22:41,285:INFO: Epoch 46/100
2018-05-30 03:22:41,602:INFO: - Train metrics: PSNR: 25.667 ; SSIM: 0.738 ; loss: 204.016
2018-05-30 03:22:41,900:INFO: - Eval metrics : PSNR: 24.348 ; SSIM: 0.722 ; loss: 238.899
2018-05-30 03:22:41,906:INFO: Epoch 47/100
2018-05-30 03:22:42,224:INFO: - Train metrics: PSNR: 25.667 ; SSIM: 0.738 ; loss: 203.884
2018-05-30 03:22:42,512:INFO: - Eval metrics : PSNR: 24.351 ; SSIM: 0.722 ; loss: 239.015
2018-05-30 03:22:42,517:INFO: Epoch 48/100
2018-05-30 03:22:42,840:INFO: - Train metrics: PSNR: 25.673 ; SSIM: 0.738 ; loss: 203.752
2018-05-30 03:22:43,142:INFO: - Eval metrics : PSNR: 24.347 ; SSIM: 0.722 ; loss: 239.042
2018-05-30 03:22:43,147:INFO: Epoch 49/100
2018-05-30 03:22:43,464:INFO: - Train metrics: PSNR: 25.672 ; SSIM: 0.738 ; loss: 203.620
2018-05-30 03:22:43,767:INFO: - Eval metrics : PSNR: 24.347 ; SSIM: 0.722 ; loss: 239.115
2018-05-30 03:22:43,772:INFO: Epoch 50/100
2018-05-30 03:22:44,073:INFO: - Train metrics: PSNR: 25.675 ; SSIM: 0.738 ; loss: 203.492
2018-05-30 03:22:44,357:INFO: - Eval metrics : PSNR: 24.348 ; SSIM: 0.722 ; loss: 239.211
2018-05-30 03:22:44,363:INFO: Epoch 51/100
2018-05-30 03:22:44,682:INFO: - Train metrics: PSNR: 25.679 ; SSIM: 0.738 ; loss: 203.367
2018-05-30 03:22:44,984:INFO: - Eval metrics : PSNR: 24.345 ; SSIM: 0.721 ; loss: 239.245
2018-05-30 03:22:44,989:INFO: Epoch 52/100
2018-05-30 03:22:45,292:INFO: - Train metrics: PSNR: 25.679 ; SSIM: 0.738 ; loss: 203.242
2018-05-30 03:22:45,579:INFO: - Eval metrics : PSNR: 24.346 ; SSIM: 0.721 ; loss: 239.319
2018-05-30 03:22:45,584:INFO: Epoch 53/100
2018-05-30 03:22:45,889:INFO: - Train metrics: PSNR: 25.684 ; SSIM: 0.738 ; loss: 203.118
2018-05-30 03:22:46,168:INFO: - Eval metrics : PSNR: 24.345 ; SSIM: 0.721 ; loss: 239.363
2018-05-30 03:22:46,173:INFO: Epoch 54/100
2018-05-30 03:22:46,473:INFO: - Train metrics: PSNR: 25.686 ; SSIM: 0.738 ; loss: 202.996
2018-05-30 03:22:46,752:INFO: - Eval metrics : PSNR: 24.344 ; SSIM: 0.721 ; loss: 239.405
2018-05-30 03:22:46,757:INFO: Epoch 55/100
2018-05-30 03:22:47,063:INFO: - Train metrics: PSNR: 25.688 ; SSIM: 0.738 ; loss: 202.876
2018-05-30 03:22:47,341:INFO: - Eval metrics : PSNR: 24.345 ; SSIM: 0.721 ; loss: 239.484
2018-05-30 03:22:47,346:INFO: Epoch 56/100
2018-05-30 03:22:47,646:INFO: - Train metrics: PSNR: 25.694 ; SSIM: 0.738 ; loss: 202.758
2018-05-30 03:22:47,935:INFO: - Eval metrics : PSNR: 24.343 ; SSIM: 0.721 ; loss: 239.511
2018-05-30 03:22:47,940:INFO: Epoch 57/100
2018-05-30 03:22:48,245:INFO: - Train metrics: PSNR: 25.695 ; SSIM: 0.738 ; loss: 202.641
2018-05-30 03:22:48,526:INFO: - Eval metrics : PSNR: 24.343 ; SSIM: 0.721 ; loss: 239.555
2018-05-30 03:22:48,531:INFO: Epoch 58/100
2018-05-30 03:22:48,839:INFO: - Train metrics: PSNR: 25.699 ; SSIM: 0.738 ; loss: 202.526
2018-05-30 03:22:49,123:INFO: - Eval metrics : PSNR: 24.344 ; SSIM: 0.721 ; loss: 239.614
2018-05-30 03:22:49,128:INFO: Epoch 59/100
2018-05-30 03:22:49,435:INFO: - Train metrics: PSNR: 25.702 ; SSIM: 0.738 ; loss: 202.412
2018-05-30 03:22:49,725:INFO: - Eval metrics : PSNR: 24.341 ; SSIM: 0.721 ; loss: 239.646
2018-05-30 03:22:49,730:INFO: Epoch 60/100
2018-05-30 03:22:50,037:INFO: - Train metrics: PSNR: 25.703 ; SSIM: 0.738 ; loss: 202.299
2018-05-30 03:22:50,321:INFO: - Eval metrics : PSNR: 24.342 ; SSIM: 0.721 ; loss: 239.708
2018-05-30 03:22:50,326:INFO: Epoch 61/100
2018-05-30 03:22:50,651:INFO: - Train metrics: PSNR: 25.706 ; SSIM: 0.738 ; loss: 202.186
2018-05-30 03:22:50,956:INFO: - Eval metrics : PSNR: 24.341 ; SSIM: 0.721 ; loss: 239.744
2018-05-30 03:22:50,961:INFO: Epoch 62/100
2018-05-30 03:22:51,267:INFO: - Train metrics: PSNR: 25.708 ; SSIM: 0.738 ; loss: 202.076
2018-05-30 03:22:51,558:INFO: - Eval metrics : PSNR: 24.339 ; SSIM: 0.721 ; loss: 239.777
2018-05-30 03:22:51,563:INFO: Epoch 63/100
2018-05-30 03:22:51,886:INFO: - Train metrics: PSNR: 25.709 ; SSIM: 0.738 ; loss: 201.967
2018-05-30 03:22:52,189:INFO: - Eval metrics : PSNR: 24.340 ; SSIM: 0.721 ; loss: 239.839
2018-05-30 03:22:52,194:INFO: Epoch 64/100
2018-05-30 03:22:52,501:INFO: - Train metrics: PSNR: 25.712 ; SSIM: 0.738 ; loss: 201.859
2018-05-30 03:22:52,808:INFO: - Eval metrics : PSNR: 24.338 ; SSIM: 0.721 ; loss: 239.871
2018-05-30 03:22:52,814:INFO: Epoch 65/100
2018-05-30 03:22:53,138:INFO: - Train metrics: PSNR: 25.713 ; SSIM: 0.738 ; loss: 201.752
2018-05-30 03:22:53,438:INFO: - Eval metrics : PSNR: 24.338 ; SSIM: 0.721 ; loss: 239.910
2018-05-30 03:22:53,443:INFO: Epoch 66/100
2018-05-30 03:22:53,767:INFO: - Train metrics: PSNR: 25.715 ; SSIM: 0.738 ; loss: 201.646
2018-05-30 03:22:54,051:INFO: - Eval metrics : PSNR: 24.338 ; SSIM: 0.721 ; loss: 239.953
2018-05-30 03:22:54,055:INFO: Epoch 67/100
2018-05-30 03:22:54,361:INFO: - Train metrics: PSNR: 25.717 ; SSIM: 0.738 ; loss: 201.542
2018-05-30 03:22:54,645:INFO: - Eval metrics : PSNR: 24.336 ; SSIM: 0.721 ; loss: 239.979
2018-05-30 03:22:54,650:INFO: Epoch 68/100
2018-05-30 03:22:54,960:INFO: - Train metrics: PSNR: 25.718 ; SSIM: 0.738 ; loss: 201.439
2018-05-30 03:22:55,264:INFO: - Eval metrics : PSNR: 24.337 ; SSIM: 0.721 ; loss: 240.029
2018-05-30 03:22:55,269:INFO: Epoch 69/100
2018-05-30 03:22:55,586:INFO: - Train metrics: PSNR: 25.721 ; SSIM: 0.738 ; loss: 201.337
2018-05-30 03:22:55,889:INFO: - Eval metrics : PSNR: 24.336 ; SSIM: 0.721 ; loss: 240.061
2018-05-30 03:22:55,895:INFO: Epoch 70/100
2018-05-30 03:22:56,210:INFO: - Train metrics: PSNR: 25.723 ; SSIM: 0.738 ; loss: 201.237
2018-05-30 03:22:56,510:INFO: - Eval metrics : PSNR: 24.336 ; SSIM: 0.721 ; loss: 240.087
2018-05-30 03:22:56,515:INFO: Epoch 71/100
2018-05-30 03:22:56,837:INFO: - Train metrics: PSNR: 25.724 ; SSIM: 0.738 ; loss: 201.138
2018-05-30 03:22:57,137:INFO: - Eval metrics : PSNR: 24.336 ; SSIM: 0.721 ; loss: 240.130
2018-05-30 03:22:57,143:INFO: Epoch 72/100
2018-05-30 03:22:57,464:INFO: - Train metrics: PSNR: 25.727 ; SSIM: 0.738 ; loss: 201.039
2018-05-30 03:22:57,749:INFO: - Eval metrics : PSNR: 24.335 ; SSIM: 0.721 ; loss: 240.161
2018-05-30 03:22:57,754:INFO: Epoch 73/100
2018-05-30 03:22:58,064:INFO: - Train metrics: PSNR: 25.728 ; SSIM: 0.738 ; loss: 200.942
2018-05-30 03:22:58,364:INFO: - Eval metrics : PSNR: 24.335 ; SSIM: 0.721 ; loss: 240.198
2018-05-30 03:22:58,370:INFO: Epoch 74/100
2018-05-30 03:22:58,670:INFO: - Train metrics: PSNR: 25.730 ; SSIM: 0.738 ; loss: 200.846
2018-05-30 03:22:58,953:INFO: - Eval metrics : PSNR: 24.334 ; SSIM: 0.721 ; loss: 240.232
2018-05-30 03:22:58,958:INFO: Epoch 75/100
2018-05-30 03:22:59,263:INFO: - Train metrics: PSNR: 25.732 ; SSIM: 0.738 ; loss: 200.752
2018-05-30 03:22:59,543:INFO: - Eval metrics : PSNR: 24.333 ; SSIM: 0.721 ; loss: 240.259
2018-05-30 03:22:59,548:INFO: Epoch 76/100
2018-05-30 03:22:59,853:INFO: - Train metrics: PSNR: 25.733 ; SSIM: 0.738 ; loss: 200.658
2018-05-30 03:23:00,135:INFO: - Eval metrics : PSNR: 24.333 ; SSIM: 0.721 ; loss: 240.297
2018-05-30 03:23:00,140:INFO: Epoch 77/100
2018-05-30 03:23:00,445:INFO: - Train metrics: PSNR: 25.735 ; SSIM: 0.738 ; loss: 200.565
2018-05-30 03:23:00,727:INFO: - Eval metrics : PSNR: 24.333 ; SSIM: 0.721 ; loss: 240.327
2018-05-30 03:23:00,732:INFO: Epoch 78/100
2018-05-30 03:23:01,051:INFO: - Train metrics: PSNR: 25.737 ; SSIM: 0.738 ; loss: 200.472
2018-05-30 03:23:01,348:INFO: - Eval metrics : PSNR: 24.332 ; SSIM: 0.721 ; loss: 240.352
2018-05-30 03:23:01,354:INFO: Epoch 79/100
2018-05-30 03:23:01,671:INFO: - Train metrics: PSNR: 25.739 ; SSIM: 0.738 ; loss: 200.381
2018-05-30 03:23:01,965:INFO: - Eval metrics : PSNR: 24.332 ; SSIM: 0.721 ; loss: 240.382
2018-05-30 03:23:01,971:INFO: Epoch 80/100
2018-05-30 03:23:02,273:INFO: - Train metrics: PSNR: 25.741 ; SSIM: 0.738 ; loss: 200.291
2018-05-30 03:23:02,559:INFO: - Eval metrics : PSNR: 24.332 ; SSIM: 0.721 ; loss: 240.401
2018-05-30 03:23:02,564:INFO: Epoch 81/100
2018-05-30 03:23:02,867:INFO: - Train metrics: PSNR: 25.743 ; SSIM: 0.738 ; loss: 200.201
2018-05-30 03:23:03,167:INFO: - Eval metrics : PSNR: 24.332 ; SSIM: 0.720 ; loss: 240.428
2018-05-30 03:23:03,172:INFO: Epoch 82/100
2018-05-30 03:23:03,476:INFO: - Train metrics: PSNR: 25.745 ; SSIM: 0.738 ; loss: 200.112
2018-05-30 03:23:03,759:INFO: - Eval metrics : PSNR: 24.332 ; SSIM: 0.720 ; loss: 240.445
2018-05-30 03:23:03,764:INFO: Epoch 83/100
2018-05-30 03:23:04,073:INFO: - Train metrics: PSNR: 25.746 ; SSIM: 0.738 ; loss: 200.024
2018-05-30 03:23:04,358:INFO: - Eval metrics : PSNR: 24.332 ; SSIM: 0.720 ; loss: 240.460
2018-05-30 03:23:04,363:INFO: Epoch 84/100
2018-05-30 03:23:04,669:INFO: - Train metrics: PSNR: 25.748 ; SSIM: 0.738 ; loss: 199.937
2018-05-30 03:23:04,956:INFO: - Eval metrics : PSNR: 24.333 ; SSIM: 0.720 ; loss: 240.485
2018-05-30 03:23:04,961:INFO: Epoch 85/100
2018-05-30 03:23:05,261:INFO: - Train metrics: PSNR: 25.751 ; SSIM: 0.738 ; loss: 199.851
2018-05-30 03:23:05,546:INFO: - Eval metrics : PSNR: 24.333 ; SSIM: 0.720 ; loss: 240.493
2018-05-30 03:23:05,551:INFO: Epoch 86/100
2018-05-30 03:23:05,854:INFO: - Train metrics: PSNR: 25.752 ; SSIM: 0.738 ; loss: 199.765
2018-05-30 03:23:06,135:INFO: - Eval metrics : PSNR: 24.333 ; SSIM: 0.720 ; loss: 240.514
2018-05-30 03:23:06,140:INFO: Epoch 87/100
2018-05-30 03:23:06,441:INFO: - Train metrics: PSNR: 25.754 ; SSIM: 0.738 ; loss: 199.680
2018-05-30 03:23:06,730:INFO: - Eval metrics : PSNR: 24.334 ; SSIM: 0.720 ; loss: 240.529
2018-05-30 03:23:06,735:INFO: Epoch 88/100
2018-05-30 03:23:07,054:INFO: - Train metrics: PSNR: 25.756 ; SSIM: 0.738 ; loss: 199.596
2018-05-30 03:23:07,347:INFO: - Eval metrics : PSNR: 24.333 ; SSIM: 0.720 ; loss: 240.543
2018-05-30 03:23:07,352:INFO: Epoch 89/100
2018-05-30 03:23:07,652:INFO: - Train metrics: PSNR: 25.757 ; SSIM: 0.738 ; loss: 199.513
2018-05-30 03:23:07,936:INFO: - Eval metrics : PSNR: 24.334 ; SSIM: 0.720 ; loss: 240.564
2018-05-30 03:23:07,942:INFO: Epoch 90/100
2018-05-30 03:23:08,261:INFO: - Train metrics: PSNR: 25.759 ; SSIM: 0.738 ; loss: 199.430
2018-05-30 03:23:08,551:INFO: - Eval metrics : PSNR: 24.333 ; SSIM: 0.720 ; loss: 240.580
2018-05-30 03:23:08,556:INFO: Epoch 91/100
2018-05-30 03:23:08,858:INFO: - Train metrics: PSNR: 25.760 ; SSIM: 0.738 ; loss: 199.348
2018-05-30 03:23:09,141:INFO: - Eval metrics : PSNR: 24.333 ; SSIM: 0.720 ; loss: 240.597
2018-05-30 03:23:09,146:INFO: Epoch 92/100
2018-05-30 03:23:09,459:INFO: - Train metrics: PSNR: 25.761 ; SSIM: 0.738 ; loss: 199.267
2018-05-30 03:23:09,741:INFO: - Eval metrics : PSNR: 24.333 ; SSIM: 0.720 ; loss: 240.615
2018-05-30 03:23:09,747:INFO: Epoch 93/100
2018-05-30 03:23:10,054:INFO: - Train metrics: PSNR: 25.763 ; SSIM: 0.738 ; loss: 199.186
2018-05-30 03:23:10,335:INFO: - Eval metrics : PSNR: 24.333 ; SSIM: 0.720 ; loss: 240.629
2018-05-30 03:23:10,340:INFO: Epoch 94/100
2018-05-30 03:23:10,648:INFO: - Train metrics: PSNR: 25.764 ; SSIM: 0.738 ; loss: 199.105
2018-05-30 03:23:10,931:INFO: - Eval metrics : PSNR: 24.333 ; SSIM: 0.720 ; loss: 240.649
2018-05-30 03:23:10,936:INFO: Epoch 95/100
2018-05-30 03:23:11,240:INFO: - Train metrics: PSNR: 25.766 ; SSIM: 0.738 ; loss: 199.025
2018-05-30 03:23:11,525:INFO: - Eval metrics : PSNR: 24.334 ; SSIM: 0.720 ; loss: 240.666
2018-05-30 03:23:11,531:INFO: Epoch 96/100
2018-05-30 03:23:11,844:INFO: - Train metrics: PSNR: 25.767 ; SSIM: 0.738 ; loss: 198.946
2018-05-30 03:23:12,147:INFO: - Eval metrics : PSNR: 24.333 ; SSIM: 0.720 ; loss: 240.676
2018-05-30 03:23:12,153:INFO: Epoch 97/100
2018-05-30 03:23:12,473:INFO: - Train metrics: PSNR: 25.768 ; SSIM: 0.738 ; loss: 198.868
2018-05-30 03:23:12,773:INFO: - Eval metrics : PSNR: 24.334 ; SSIM: 0.720 ; loss: 240.698
2018-05-30 03:23:12,778:INFO: Epoch 98/100
2018-05-30 03:23:13,088:INFO: - Train metrics: PSNR: 25.770 ; SSIM: 0.738 ; loss: 198.790
2018-05-30 03:23:13,375:INFO: - Eval metrics : PSNR: 24.334 ; SSIM: 0.720 ; loss: 240.710
2018-05-30 03:23:13,381:INFO: Epoch 99/100
2018-05-30 03:23:13,687:INFO: - Train metrics: PSNR: 25.771 ; SSIM: 0.738 ; loss: 198.713
2018-05-30 03:23:13,978:INFO: - Eval metrics : PSNR: 24.334 ; SSIM: 0.720 ; loss: 240.728
2018-05-30 03:23:13,983:INFO: Epoch 100/100
2018-05-30 03:23:14,302:INFO: - Train metrics: PSNR: 25.772 ; SSIM: 0.738 ; loss: 198.637
2018-05-30 03:23:14,611:INFO: - Eval metrics : PSNR: 24.334 ; SSIM: 0.720 ; loss: 240.743
2018-05-30 03:26:32,354:INFO: Loading the datasets...
2018-05-30 03:26:32,355:INFO: - done.
2018-05-30 03:26:36,226:INFO: Starting training for 100 epoch(s)
2018-05-30 03:26:36,226:INFO: Restoring parameters from experiments/fsrcnn_model/best.pth.tar
2018-05-30 03:26:40,150:INFO: Epoch 1/100
2018-05-30 03:29:50,061:INFO: Loading the datasets...
2018-05-30 03:29:51,585:INFO: - done.
2018-05-30 03:29:59,460:INFO: Starting training for 100 epoch(s)
2018-05-30 03:29:59,460:INFO: Restoring parameters from experiments/fsrcnn_model/best.pth.tar
2018-05-30 03:29:59,554:INFO: Epoch 1/100
2018-05-30 03:31:16,232:INFO: - Train metrics: PSNR: 24.444 ; SSIM: 0.692 ; loss: 264.873
2018-05-30 03:31:16,921:INFO: - Eval metrics : PSNR: 24.605 ; SSIM: 0.710 ; loss: 259.789
2018-05-30 03:31:16,928:INFO: - Found new best accuracy
2018-05-30 03:31:16,928:INFO: Epoch 2/100
2018-05-30 03:32:23,001:INFO: - Train metrics: PSNR: 24.405 ; SSIM: 0.707 ; loss: 269.436
2018-05-30 03:32:23,605:INFO: - Eval metrics : PSNR: 24.653 ; SSIM: 0.714 ; loss: 250.888
2018-05-30 03:32:23,612:INFO: - Found new best accuracy
2018-05-30 03:32:23,612:INFO: Epoch 3/100
2018-05-30 03:33:29,601:INFO: - Train metrics: PSNR: 24.942 ; SSIM: 0.720 ; loss: 236.853
2018-05-30 03:33:30,283:INFO: - Eval metrics : PSNR: 24.773 ; SSIM: 0.718 ; loss: 245.355
2018-05-30 03:33:30,290:INFO: - Found new best accuracy
2018-05-30 03:33:30,291:INFO: Epoch 4/100
2018-05-30 03:34:36,343:INFO: - Train metrics: PSNR: 25.213 ; SSIM: 0.725 ; loss: 219.173
2018-05-30 03:34:37,053:INFO: - Eval metrics : PSNR: 24.850 ; SSIM: 0.719 ; loss: 240.876
2018-05-30 03:34:37,061:INFO: - Found new best accuracy
2018-05-30 03:34:37,061:INFO: Epoch 5/100
2018-05-30 03:35:43,375:INFO: - Train metrics: PSNR: 24.734 ; SSIM: 0.714 ; loss: 258.065
2018-05-30 03:35:44,066:INFO: - Eval metrics : PSNR: 25.187 ; SSIM: 0.721 ; loss: 222.576
2018-05-30 03:35:44,073:INFO: - Found new best accuracy
2018-05-30 03:35:44,074:INFO: Epoch 6/100
2018-05-30 03:36:50,320:INFO: - Train metrics: PSNR: 25.275 ; SSIM: 0.716 ; loss: 217.632
2018-05-30 03:36:51,002:INFO: - Eval metrics : PSNR: 25.254 ; SSIM: 0.725 ; loss: 216.579
2018-05-30 03:36:51,009:INFO: - Found new best accuracy
2018-05-30 03:36:51,022:INFO: Epoch 7/100
2018-05-30 03:37:57,229:INFO: - Train metrics: PSNR: 25.502 ; SSIM: 0.731 ; loss: 200.052
2018-05-30 03:37:57,934:INFO: - Eval metrics : PSNR: 25.255 ; SSIM: 0.726 ; loss: 214.220
2018-05-30 03:37:57,942:INFO: - Found new best accuracy
2018-05-30 03:37:57,942:INFO: Epoch 8/100
2018-05-30 03:39:04,174:INFO: - Train metrics: PSNR: 25.294 ; SSIM: 0.727 ; loss: 213.654
2018-05-30 03:39:04,877:INFO: - Eval metrics : PSNR: 25.350 ; SSIM: 0.728 ; loss: 211.644
2018-05-30 03:39:04,883:INFO: - Found new best accuracy
2018-05-30 03:39:04,883:INFO: Epoch 9/100
2018-05-30 03:40:11,251:INFO: - Train metrics: PSNR: 25.562 ; SSIM: 0.735 ; loss: 209.328
2018-05-30 03:40:11,925:INFO: - Eval metrics : PSNR: 25.357 ; SSIM: 0.729 ; loss: 210.257
2018-05-30 03:40:11,932:INFO: - Found new best accuracy
2018-05-30 03:40:11,932:INFO: Epoch 10/100
