2018-05-26 08:56:48,264:INFO: Loading the datasets...
2018-05-26 08:56:48,476:INFO: - done.
2018-05-26 08:57:32,882:INFO: Loading the datasets...
2018-05-26 08:57:33,093:INFO: - done.
2018-05-26 08:57:43,325:INFO: Loading the datasets...
2018-05-26 08:57:43,534:INFO: - done.
2018-05-26 08:57:47,579:INFO: Starting training for 100 epoch(s)
2018-05-26 08:57:47,580:INFO: Epoch 1/100
2018-05-26 08:58:03,334:INFO: Loading the datasets...
2018-05-26 08:58:03,549:INFO: - done.
2018-05-26 08:58:07,564:INFO: Starting training for 100 epoch(s)
2018-05-26 08:58:07,565:INFO: Epoch 1/100
2018-05-26 09:10:54,882:INFO: Loading the datasets...
2018-05-26 09:10:57,401:INFO: - done.
2018-05-26 09:11:15,155:INFO: Starting training for 200 epoch(s)
2018-05-26 09:11:15,179:INFO: Epoch 1/200
2018-05-26 09:16:31,005:INFO: - Train metrics: accuracy: 18.635 ; loss: 4297.280
2018-05-26 09:16:31,735:INFO: - Eval metrics : accuracy: 25.986 ; loss: 180.126
2018-05-26 09:16:32,916:INFO: - Found new best accuracy
2018-05-26 09:16:32,917:INFO: Epoch 2/200
2018-05-26 09:21:46,100:INFO: - Train metrics: accuracy: 26.524 ; loss: 155.709
2018-05-26 09:21:46,616:INFO: - Eval metrics : accuracy: 26.216 ; loss: 169.128
2018-05-26 09:21:46,944:INFO: - Found new best accuracy
2018-05-26 09:21:46,944:INFO: Epoch 3/200
2018-05-26 09:27:00,696:INFO: - Train metrics: accuracy: 26.100 ; loss: 174.861
2018-05-26 09:27:01,224:INFO: - Eval metrics : accuracy: 26.274 ; loss: 163.063
2018-05-26 09:27:01,528:INFO: - Found new best accuracy
2018-05-26 09:27:01,529:INFO: Epoch 4/200
2018-05-26 09:32:15,763:INFO: - Train metrics: accuracy: 26.599 ; loss: 146.819
2018-05-26 09:32:16,293:INFO: - Eval metrics : accuracy: 26.321 ; loss: 164.207
2018-05-26 09:32:16,616:INFO: - Found new best accuracy
2018-05-26 09:32:16,616:INFO: Epoch 5/200
2018-05-26 09:37:30,384:INFO: - Train metrics: accuracy: 26.282 ; loss: 173.973
2018-05-26 09:37:30,905:INFO: - Eval metrics : accuracy: 26.408 ; loss: 157.093
2018-05-26 09:37:31,208:INFO: - Found new best accuracy
2018-05-26 09:37:31,208:INFO: Epoch 6/200
2018-05-26 09:42:44,781:INFO: - Train metrics: accuracy: 26.856 ; loss: 140.040
2018-05-26 09:42:45,338:INFO: - Eval metrics : accuracy: 26.418 ; loss: 156.318
2018-05-26 09:42:45,635:INFO: - Found new best accuracy
2018-05-26 09:42:45,636:INFO: Epoch 7/200
2018-05-26 09:47:59,600:INFO: - Train metrics: accuracy: 26.894 ; loss: 140.376
2018-05-26 09:48:00,132:INFO: - Eval metrics : accuracy: 26.454 ; loss: 154.783
2018-05-26 09:48:00,421:INFO: - Found new best accuracy
2018-05-26 09:48:00,422:INFO: Epoch 8/200
2018-05-26 09:53:13,721:INFO: - Train metrics: accuracy: 26.583 ; loss: 149.057
2018-05-26 09:53:14,252:INFO: - Eval metrics : accuracy: 26.486 ; loss: 154.314
2018-05-26 09:53:14,572:INFO: - Found new best accuracy
2018-05-26 09:53:14,573:INFO: Epoch 9/200
2018-05-26 09:58:28,970:INFO: - Train metrics: accuracy: 26.814 ; loss: 140.157
2018-05-26 09:58:29,521:INFO: - Eval metrics : accuracy: 26.497 ; loss: 153.179
2018-05-26 09:58:29,841:INFO: - Found new best accuracy
2018-05-26 09:58:29,842:INFO: Epoch 10/200
2018-05-26 10:03:43,787:INFO: - Train metrics: accuracy: 26.762 ; loss: 146.619
2018-05-26 10:03:44,341:INFO: - Eval metrics : accuracy: 26.500 ; loss: 152.620
2018-05-26 10:03:44,664:INFO: - Found new best accuracy
2018-05-26 10:03:44,665:INFO: Epoch 11/200
2018-05-26 10:08:58,082:INFO: - Train metrics: accuracy: 27.091 ; loss: 130.852
2018-05-26 10:08:58,610:INFO: - Eval metrics : accuracy: 26.549 ; loss: 151.855
2018-05-26 10:08:58,927:INFO: - Found new best accuracy
2018-05-26 10:08:58,928:INFO: Epoch 12/200
2018-05-26 19:59:52,341:INFO: Loading the datasets...
2018-05-26 19:59:54,404:INFO: - done.
2018-05-26 20:00:12,877:INFO: Starting training for 200 epoch(s)
2018-05-26 20:00:12,877:INFO: Restoring parameters from experiments/des_norm_model/best.pth.tar
2018-05-26 20:00:14,772:INFO: Epoch 1/200
2018-05-26 20:05:32,029:INFO: - Train metrics: accuracy: 27.049 ; loss: 136.517
2018-05-26 20:05:32,769:INFO: - Eval metrics : accuracy: 26.453 ; loss: 152.989
2018-05-26 20:05:34,698:INFO: - Found new best accuracy
2018-05-26 20:05:34,699:INFO: Epoch 2/200
2018-05-26 20:10:49,689:INFO: - Train metrics: accuracy: 26.998 ; loss: 133.613
2018-05-26 20:10:50,208:INFO: - Eval metrics : accuracy: 26.563 ; loss: 152.587
2018-05-26 20:10:50,506:INFO: - Found new best accuracy
2018-05-26 20:10:50,507:INFO: Epoch 3/200
2018-05-26 20:16:05,997:INFO: - Train metrics: accuracy: 26.484 ; loss: 157.647
2018-05-26 20:16:06,520:INFO: - Eval metrics : accuracy: 26.551 ; loss: 150.881
2018-05-26 20:16:06,662:INFO: Epoch 4/200
2018-05-26 20:21:21,797:INFO: - Train metrics: accuracy: 26.829 ; loss: 136.560
2018-05-26 20:21:22,349:INFO: - Eval metrics : accuracy: 26.584 ; loss: 150.775
2018-05-26 20:21:22,627:INFO: - Found new best accuracy
2018-05-26 20:21:22,627:INFO: Epoch 5/200
2018-05-26 20:26:37,832:INFO: - Train metrics: accuracy: 26.511 ; loss: 162.728
2018-05-26 20:26:38,391:INFO: - Eval metrics : accuracy: 26.557 ; loss: 150.965
2018-05-26 20:26:38,545:INFO: Epoch 6/200
2018-05-26 20:31:53,848:INFO: - Train metrics: accuracy: 27.068 ; loss: 132.447
2018-05-26 20:31:54,405:INFO: - Eval metrics : accuracy: 26.587 ; loss: 150.052
2018-05-26 20:31:54,722:INFO: - Found new best accuracy
2018-05-26 20:31:54,722:INFO: Epoch 7/200
2018-05-26 20:37:10,802:INFO: - Train metrics: accuracy: 27.101 ; loss: 132.405
2018-05-26 20:37:11,369:INFO: - Eval metrics : accuracy: 26.547 ; loss: 150.370
2018-05-26 20:37:11,515:INFO: Epoch 8/200
2018-05-26 20:42:26,160:INFO: - Train metrics: accuracy: 26.787 ; loss: 141.552
2018-05-26 20:42:26,712:INFO: - Eval metrics : accuracy: 26.576 ; loss: 150.361
2018-05-26 20:42:26,847:INFO: Epoch 9/200
2018-05-26 20:43:06,285:INFO: Loading the datasets...
2018-05-26 20:43:06,482:INFO: - done.
2018-05-26 20:43:11,244:INFO: Starting training for 100 epoch(s)
2018-05-26 20:43:11,244:INFO: Restoring parameters from experiments/des_norm_model/best.pth.tar
2018-05-26 20:43:11,411:INFO: Epoch 1/100
2018-05-26 20:48:25,668:INFO: - Train metrics: accuracy: 27.112 ; loss: 134.224
2018-05-26 20:48:26,292:INFO: - Eval metrics : accuracy: 26.529 ; loss: 150.994
2018-05-26 20:48:26,566:INFO: - Found new best accuracy
2018-05-26 20:48:26,567:INFO: Epoch 2/100
2018-05-26 20:53:41,210:INFO: - Train metrics: accuracy: 27.068 ; loss: 131.275
2018-05-26 20:53:41,745:INFO: - Eval metrics : accuracy: 26.583 ; loss: 151.220
2018-05-26 20:53:42,062:INFO: - Found new best accuracy
2018-05-26 20:53:42,063:INFO: Epoch 3/100
2018-05-26 20:58:56,881:INFO: - Train metrics: accuracy: 26.567 ; loss: 154.757
2018-05-26 20:58:57,417:INFO: - Eval metrics : accuracy: 26.575 ; loss: 149.558
2018-05-26 20:58:57,561:INFO: Epoch 4/100
2018-05-26 21:04:12,753:INFO: - Train metrics: accuracy: 26.893 ; loss: 134.643
2018-05-26 21:04:13,359:INFO: - Eval metrics : accuracy: 26.607 ; loss: 149.193
2018-05-26 21:04:13,682:INFO: - Found new best accuracy
2018-05-26 21:04:13,682:INFO: Epoch 5/100
2018-05-26 21:09:31,915:INFO: - Train metrics: accuracy: 26.561 ; loss: 160.367
2018-05-26 21:09:32,502:INFO: - Eval metrics : accuracy: 26.577 ; loss: 149.883
2018-05-26 21:09:32,639:INFO: Epoch 6/100
2018-05-26 21:14:47,249:INFO: - Train metrics: accuracy: 27.115 ; loss: 130.702
2018-05-26 21:14:47,791:INFO: - Eval metrics : accuracy: 26.610 ; loss: 149.275
2018-05-26 21:14:48,047:INFO: - Found new best accuracy
2018-05-26 21:14:48,047:INFO: Epoch 7/100
2018-05-26 21:20:04,773:INFO: - Train metrics: accuracy: 27.166 ; loss: 130.276
2018-05-26 21:20:05,384:INFO: - Eval metrics : accuracy: 26.575 ; loss: 149.468
2018-05-26 21:20:05,529:INFO: Epoch 8/100
2018-05-26 21:25:22,115:INFO: - Train metrics: accuracy: 26.851 ; loss: 139.717
2018-05-26 21:25:22,689:INFO: - Eval metrics : accuracy: 26.617 ; loss: 149.466
2018-05-26 21:25:23,016:INFO: - Found new best accuracy
2018-05-26 21:25:23,017:INFO: Epoch 9/100
2018-05-26 21:30:40,005:INFO: - Train metrics: accuracy: 26.992 ; loss: 133.684
2018-05-26 21:30:40,610:INFO: - Eval metrics : accuracy: 26.640 ; loss: 148.987
2018-05-26 21:30:40,935:INFO: - Found new best accuracy
2018-05-26 21:30:40,935:INFO: Epoch 10/100
2018-05-26 21:35:57,915:INFO: - Train metrics: accuracy: 26.984 ; loss: 139.011
2018-05-26 21:35:58,521:INFO: - Eval metrics : accuracy: 26.644 ; loss: 148.890
2018-05-26 21:35:58,846:INFO: - Found new best accuracy
2018-05-26 21:35:58,847:INFO: Epoch 11/100
2018-05-26 21:41:16,816:INFO: - Train metrics: accuracy: 27.265 ; loss: 125.531
2018-05-26 21:41:17,406:INFO: - Eval metrics : accuracy: 26.621 ; loss: 148.663
2018-05-26 21:41:17,550:INFO: Epoch 12/100
2018-05-26 21:46:33,076:INFO: - Train metrics: accuracy: 26.792 ; loss: 137.479
2018-05-26 21:46:33,664:INFO: - Eval metrics : accuracy: 26.637 ; loss: 148.908
2018-05-26 21:46:33,801:INFO: Epoch 13/100
2018-05-26 21:51:50,849:INFO: - Train metrics: accuracy: 26.891 ; loss: 142.682
2018-05-26 21:51:51,430:INFO: - Eval metrics : accuracy: 26.653 ; loss: 148.690
2018-05-26 21:51:51,747:INFO: - Found new best accuracy
2018-05-26 21:51:51,748:INFO: Epoch 14/100
2018-05-26 21:57:09,031:INFO: - Train metrics: accuracy: 26.669 ; loss: 146.378
2018-05-26 21:57:09,593:INFO: - Eval metrics : accuracy: 26.625 ; loss: 148.052
2018-05-26 21:57:09,737:INFO: Epoch 15/100
2018-05-26 22:02:25,509:INFO: - Train metrics: accuracy: 26.744 ; loss: 143.123
2018-05-26 22:02:26,119:INFO: - Eval metrics : accuracy: 26.643 ; loss: 148.482
2018-05-26 22:02:26,275:INFO: Epoch 16/100
2018-05-26 22:07:43,035:INFO: - Train metrics: accuracy: 26.407 ; loss: 161.211
2018-05-26 22:07:43,654:INFO: - Eval metrics : accuracy: 26.616 ; loss: 148.631
2018-05-26 22:07:43,805:INFO: Epoch 17/100
2018-05-26 22:13:02,906:INFO: - Train metrics: accuracy: 26.802 ; loss: 145.496
2018-05-26 22:13:03,648:INFO: - Eval metrics : accuracy: 26.654 ; loss: 148.268
2018-05-26 22:13:03,974:INFO: - Found new best accuracy
2018-05-26 22:13:03,975:INFO: Epoch 18/100
2018-05-26 22:18:19,461:INFO: - Train metrics: accuracy: 27.120 ; loss: 138.177
2018-05-26 22:18:20,008:INFO: - Eval metrics : accuracy: 26.576 ; loss: 148.393
2018-05-26 22:18:20,140:INFO: Epoch 19/100
2018-05-26 22:23:36,386:INFO: - Train metrics: accuracy: 27.368 ; loss: 133.113
2018-05-26 22:23:37,000:INFO: - Eval metrics : accuracy: 26.535 ; loss: 149.100
2018-05-26 22:23:37,144:INFO: Epoch 20/100
2018-05-26 22:28:55,111:INFO: - Train metrics: accuracy: 26.773 ; loss: 148.560
2018-05-26 22:28:55,718:INFO: - Eval metrics : accuracy: 26.650 ; loss: 149.012
2018-05-26 22:28:55,871:INFO: Epoch 21/100
2018-05-26 22:34:12,576:INFO: - Train metrics: accuracy: 26.888 ; loss: 139.785
2018-05-26 22:34:13,185:INFO: - Eval metrics : accuracy: 26.629 ; loss: 148.649
2018-05-26 22:34:13,317:INFO: Epoch 22/100
2018-05-26 22:39:30,861:INFO: - Train metrics: accuracy: 26.603 ; loss: 154.704
2018-05-26 22:39:31,456:INFO: - Eval metrics : accuracy: 26.641 ; loss: 147.638
2018-05-26 22:39:31,592:INFO: Epoch 23/100
2018-05-26 22:44:47,979:INFO: - Train metrics: accuracy: 27.156 ; loss: 130.475
2018-05-26 22:44:48,584:INFO: - Eval metrics : accuracy: 26.623 ; loss: 148.234
2018-05-26 22:44:48,728:INFO: Epoch 24/100
2018-05-26 22:50:05,421:INFO: - Train metrics: accuracy: 26.626 ; loss: 157.259
2018-05-26 22:50:05,985:INFO: - Eval metrics : accuracy: 26.671 ; loss: 147.857
2018-05-26 22:50:06,302:INFO: - Found new best accuracy
2018-05-26 22:50:06,303:INFO: Epoch 25/100
2018-05-26 22:55:23,110:INFO: - Train metrics: accuracy: 27.153 ; loss: 136.915
2018-05-26 22:55:23,719:INFO: - Eval metrics : accuracy: 26.629 ; loss: 148.046
2018-05-26 22:55:23,865:INFO: Epoch 26/100
2018-05-26 23:00:39,503:INFO: - Train metrics: accuracy: 26.360 ; loss: 167.816
2018-05-26 23:00:40,077:INFO: - Eval metrics : accuracy: 26.666 ; loss: 148.365
2018-05-26 23:00:40,234:INFO: Epoch 27/100
2018-05-26 23:05:58,093:INFO: - Train metrics: accuracy: 27.210 ; loss: 134.835
2018-05-26 23:05:58,698:INFO: - Eval metrics : accuracy: 26.585 ; loss: 148.342
2018-05-26 23:05:58,852:INFO: Epoch 28/100
2018-05-26 23:11:14,476:INFO: - Train metrics: accuracy: 26.647 ; loss: 149.903
2018-05-26 23:11:15,095:INFO: - Eval metrics : accuracy: 26.652 ; loss: 148.031
2018-05-26 23:11:15,240:INFO: Epoch 29/100
2018-05-26 23:16:32,532:INFO: - Train metrics: accuracy: 27.398 ; loss: 129.750
2018-05-26 23:16:33,143:INFO: - Eval metrics : accuracy: 26.626 ; loss: 147.875
2018-05-26 23:16:33,288:INFO: Epoch 30/100
2018-05-26 23:21:49,308:INFO: - Train metrics: accuracy: 27.684 ; loss: 115.056
2018-05-26 23:21:49,884:INFO: - Eval metrics : accuracy: 26.653 ; loss: 148.071
2018-05-26 23:21:50,027:INFO: Epoch 31/100
2018-05-26 23:27:07,130:INFO: - Train metrics: accuracy: 27.006 ; loss: 132.321
2018-05-26 23:27:07,746:INFO: - Eval metrics : accuracy: 26.646 ; loss: 148.889
2018-05-26 23:27:07,891:INFO: Epoch 32/100
2018-05-26 23:32:24,780:INFO: - Train metrics: accuracy: 27.158 ; loss: 131.856
2018-05-26 23:32:25,394:INFO: - Eval metrics : accuracy: 26.709 ; loss: 149.257
2018-05-26 23:32:25,715:INFO: - Found new best accuracy
2018-05-26 23:32:25,716:INFO: Epoch 33/100
2018-05-26 23:37:41,638:INFO: - Train metrics: accuracy: 26.790 ; loss: 142.705
2018-05-26 23:37:42,257:INFO: - Eval metrics : accuracy: 26.613 ; loss: 149.039
2018-05-26 23:37:42,396:INFO: Epoch 34/100
2018-05-26 23:42:58,699:INFO: - Train metrics: accuracy: 26.715 ; loss: 150.655
2018-05-26 23:42:59,262:INFO: - Eval metrics : accuracy: 26.656 ; loss: 148.304
2018-05-26 23:42:59,403:INFO: Epoch 35/100
2018-05-26 23:48:15,404:INFO: - Train metrics: accuracy: 26.837 ; loss: 148.182
2018-05-26 23:48:15,983:INFO: - Eval metrics : accuracy: 26.636 ; loss: 149.010
2018-05-26 23:48:16,104:INFO: Epoch 36/100
2018-05-26 23:53:32,852:INFO: - Train metrics: accuracy: 26.689 ; loss: 146.332
2018-05-26 23:53:33,485:INFO: - Eval metrics : accuracy: 26.677 ; loss: 148.042
2018-05-26 23:53:33,634:INFO: Epoch 37/100
2018-05-26 23:58:50,216:INFO: - Train metrics: accuracy: 27.223 ; loss: 131.951
2018-05-26 23:58:50,834:INFO: - Eval metrics : accuracy: 26.637 ; loss: 148.082
2018-05-26 23:58:50,985:INFO: Epoch 38/100
2018-05-27 00:02:02,122:INFO: Loading the datasets...
2018-05-27 00:02:02,323:INFO: - done.
2018-05-27 00:02:07,139:INFO: Starting training for 100 epoch(s)
2018-05-27 00:02:07,139:INFO: Restoring parameters from experiments/des_norm_model/best.pth.tar
2018-05-27 00:02:07,305:INFO: Epoch 1/100
2018-05-27 00:07:22,004:INFO: - Train metrics: accuracy: 27.307 ; loss: 128.559
2018-05-27 00:07:22,595:INFO: - Eval metrics : accuracy: 26.632 ; loss: 148.207
2018-05-27 00:07:22,909:INFO: - Found new best accuracy
2018-05-27 00:07:22,910:INFO: Epoch 2/100
2018-05-27 00:10:04,268:INFO: Loading the datasets...
2018-05-27 00:10:04,469:INFO: - done.
2018-05-27 00:13:56,056:INFO: Loading the datasets...
2018-05-27 00:13:56,258:INFO: - done.
2018-05-27 00:14:01,305:INFO: Starting training for 100 epoch(s)
2018-05-27 00:14:01,305:INFO: Restoring parameters from experiments/des_norm_model/best.pth.tar
2018-05-27 00:14:01,500:INFO: Epoch 1/100
2018-05-27 00:19:17,429:INFO: - Train metrics: accuracy: 27.297 ; loss: 128.286
2018-05-27 00:19:18,043:INFO: - Eval metrics : accuracy: 26.625 ; loss: 148.384
2018-05-27 00:19:18,365:INFO: - Found new best accuracy
2018-05-27 00:19:18,366:INFO: Epoch 2/100
2018-05-27 00:42:11,577:INFO: Loading the datasets...
2018-05-27 00:42:11,776:INFO: - done.
2018-05-27 00:42:16,944:INFO: Starting training for 100 epoch(s)
2018-05-27 00:42:16,944:INFO: Restoring parameters from experiments/des_norm_model/best.pth.tar
2018-05-27 00:42:17,140:INFO: Epoch 1/100
2018-05-27 00:42:54,923:INFO: Loading the datasets...
2018-05-27 00:42:54,998:INFO: - done.
2018-05-27 00:43:00,334:INFO: Starting training for 100 epoch(s)
2018-05-27 00:43:00,334:INFO: Restoring parameters from experiments/des_norm_model/best.pth.tar
2018-05-27 00:43:00,526:INFO: Epoch 1/100
2018-05-27 00:45:08,406:INFO: Loading the datasets...
2018-05-27 00:45:08,407:INFO: - done.
2018-05-27 00:45:13,349:INFO: Starting training for 100 epoch(s)
2018-05-27 00:45:13,349:INFO: Restoring parameters from experiments/des_norm_model/best.pth.tar
2018-05-27 00:45:13,545:INFO: Epoch 1/100
2018-05-27 00:51:18,124:INFO: Loading the datasets...
2018-05-27 00:51:18,124:INFO: - done.
2018-05-27 00:51:22,874:INFO: Starting training for 100 epoch(s)
2018-05-27 00:51:22,874:INFO: Restoring parameters from experiments/des_norm_model/best.pth.tar
2018-05-27 00:51:23,047:INFO: Epoch 1/100
2018-05-27 00:51:57,308:INFO: Loading the datasets...
2018-05-27 00:51:57,509:INFO: - done.
2018-05-27 00:52:02,415:INFO: Starting training for 100 epoch(s)
2018-05-27 00:52:02,415:INFO: Restoring parameters from experiments/des_norm_model/best.pth.tar
2018-05-27 00:52:02,612:INFO: Epoch 1/100
2018-05-27 00:59:11,154:INFO: Loading the datasets...
2018-05-27 00:59:11,154:INFO: - done.
2018-05-27 00:59:15,893:INFO: Starting training for 100 epoch(s)
2018-05-27 00:59:15,893:INFO: Restoring parameters from experiments/des_norm_model/best.pth.tar
2018-05-27 00:59:16,088:INFO: Epoch 1/100
2018-05-27 00:59:16,544:INFO: - Train metrics: accuracy: 15.206 ; loss: 66.633
2018-05-27 00:59:16,896:INFO: - Eval metrics : accuracy: 13.992 ; loss: 120.206
2018-05-27 00:59:17,211:INFO: - Found new best accuracy
2018-05-27 00:59:17,212:INFO: Epoch 2/100
2018-05-27 00:59:17,651:INFO: - Train metrics: accuracy: 15.583 ; loss: 55.971
2018-05-27 00:59:18,039:INFO: - Eval metrics : accuracy: 13.957 ; loss: 123.854
2018-05-27 00:59:18,142:INFO: Epoch 3/100
2018-05-27 00:59:18,586:INFO: - Train metrics: accuracy: 15.595 ; loss: 56.753
2018-05-27 00:59:18,917:INFO: - Eval metrics : accuracy: 13.906 ; loss: 125.655
2018-05-27 00:59:19,029:INFO: Epoch 4/100
2018-05-27 00:59:19,472:INFO: - Train metrics: accuracy: 14.972 ; loss: 90.022
2018-05-27 00:59:19,862:INFO: - Eval metrics : accuracy: 13.899 ; loss: 128.607
2018-05-27 00:59:19,998:INFO: Epoch 5/100
2018-05-27 00:59:20,442:INFO: - Train metrics: accuracy: 14.814 ; loss: 92.738
2018-05-27 00:59:20,815:INFO: - Eval metrics : accuracy: 13.865 ; loss: 133.586
2018-05-27 00:59:20,950:INFO: Epoch 6/100
2018-05-27 00:59:21,387:INFO: - Train metrics: accuracy: 15.370 ; loss: 68.933
2018-05-27 00:59:21,771:INFO: - Eval metrics : accuracy: 13.159 ; loss: 206.752
2018-05-27 00:59:21,865:INFO: Epoch 7/100
2018-05-27 00:59:22,241:INFO: - Train metrics: accuracy: 13.609 ; loss: 163.648
2018-05-27 00:59:22,573:INFO: - Eval metrics : accuracy: 13.774 ; loss: 145.641
2018-05-27 00:59:22,666:INFO: Epoch 8/100
2018-05-27 00:59:23,068:INFO: - Train metrics: accuracy: 14.716 ; loss: 101.371
2018-05-27 00:59:23,444:INFO: - Eval metrics : accuracy: 13.703 ; loss: 150.645
2018-05-27 00:59:23,524:INFO: Epoch 9/100
2018-05-27 00:59:23,948:INFO: - Train metrics: accuracy: 14.142 ; loss: 138.055
2018-05-27 00:59:24,311:INFO: - Eval metrics : accuracy: 13.757 ; loss: 147.750
2018-05-27 00:59:24,440:INFO: Epoch 10/100
2018-05-27 00:59:24,882:INFO: - Train metrics: accuracy: 15.302 ; loss: 78.684
2018-05-27 00:59:25,267:INFO: - Eval metrics : accuracy: 13.528 ; loss: 159.082
2018-05-27 00:59:25,383:INFO: Epoch 11/100
2018-05-27 01:10:52,969:INFO: Loading the datasets...
2018-05-27 01:10:53,169:INFO: - done.
2018-05-27 01:10:57,963:INFO: Starting training for 100 epoch(s)
2018-05-27 01:10:57,963:INFO: Restoring parameters from experiments/des_norm_model/best.pth.tar
2018-05-27 01:10:58,135:INFO: Epoch 1/100
2018-05-27 01:29:26,255:INFO: - Train metrics: accuracy: 14.065 ; loss: 131.523
2018-05-27 01:29:27,557:INFO: - Eval metrics : accuracy: 13.760 ; loss: 152.316
2018-05-27 01:29:27,854:INFO: - Found new best accuracy
2018-05-27 01:29:27,855:INFO: Epoch 2/100
2018-05-27 01:29:38,155:INFO: Loading the datasets...
2018-05-27 01:29:38,355:INFO: - done.
2018-05-27 01:29:43,920:INFO: Starting training for 100 epoch(s)
2018-05-27 01:29:43,920:INFO: Restoring parameters from experiments/des_norm_model/best.pth.tar
2018-05-27 01:29:44,123:INFO: Epoch 1/100
2018-05-27 01:32:36,371:INFO: Loading the datasets...
2018-05-27 01:32:36,578:INFO: - done.
2018-05-27 01:32:46,963:INFO: Loading the datasets...
2018-05-27 01:32:46,963:INFO: - done.
2018-05-27 01:32:52,455:INFO: Starting training for 100 epoch(s)
2018-05-27 01:32:52,455:INFO: Restoring parameters from experiments/des_norm_model/best.pth.tar
2018-05-27 01:32:52,644:INFO: Epoch 1/100
2018-05-27 01:33:46,868:INFO: Loading the datasets...
2018-05-27 01:33:46,869:INFO: - done.
2018-05-27 01:33:52,088:INFO: Starting training for 100 epoch(s)
2018-05-27 01:33:52,089:INFO: Restoring parameters from experiments/des_norm_model/best.pth.tar
2018-05-27 01:33:52,278:INFO: Epoch 1/100
2018-05-27 01:34:14,059:INFO: Loading the datasets...
2018-05-27 01:34:14,059:INFO: - done.
2018-05-27 01:34:19,641:INFO: Starting training for 100 epoch(s)
2018-05-27 01:34:19,641:INFO: Restoring parameters from experiments/des_norm_model/best.pth.tar
2018-05-27 01:34:19,830:INFO: Epoch 1/100
2018-05-27 01:34:20,249:INFO: - Train metrics: PSNR: 14.441 ; SSIM: 18.598 ; loss: 107.158
2018-05-27 01:34:20,633:INFO: - Eval metrics : PSNR: 13.840 ; SSIM: 19.147 ; loss: 125.855
2018-05-27 01:35:40,013:INFO: Loading the datasets...
2018-05-27 01:35:40,014:INFO: - done.
2018-05-27 01:35:45,468:INFO: Starting training for 100 epoch(s)
2018-05-27 01:35:45,468:INFO: Restoring parameters from experiments/des_norm_model/best.pth.tar
2018-05-27 01:35:45,655:INFO: Epoch 1/100
2018-05-27 01:35:46,044:INFO: - Train metrics: PSNR: 14.441 ; SSIM: 18.598 ; loss: 107.158
2018-05-27 01:35:46,364:INFO: - Eval metrics : PSNR: 13.840 ; SSIM: 19.147 ; loss: 125.855
2018-05-27 01:35:46,718:INFO: - Found new best accuracy
2018-05-27 01:35:46,719:INFO: Epoch 2/100
2018-05-27 01:35:47,018:INFO: - Train metrics: PSNR: 14.462 ; SSIM: 18.609 ; loss: 106.257
2018-05-27 01:35:47,338:INFO: - Eval metrics : PSNR: 13.852 ; SSIM: 19.187 ; loss: 125.034
2018-05-27 01:35:47,590:INFO: - Found new best accuracy
2018-05-27 01:35:47,591:INFO: Epoch 3/100
2018-05-27 01:35:47,895:INFO: - Train metrics: PSNR: 14.473 ; SSIM: 18.644 ; loss: 105.490
2018-05-27 01:35:48,229:INFO: - Eval metrics : PSNR: 13.856 ; SSIM: 19.197 ; loss: 124.999
2018-05-27 01:35:48,498:INFO: - Found new best accuracy
2018-05-27 01:35:48,499:INFO: Epoch 4/100
2018-05-27 01:35:48,801:INFO: - Train metrics: PSNR: 14.474 ; SSIM: 18.649 ; loss: 105.331
2018-05-27 01:35:49,134:INFO: - Eval metrics : PSNR: 13.864 ; SSIM: 19.169 ; loss: 124.935
2018-05-27 01:35:49,411:INFO: - Found new best accuracy
2018-05-27 01:35:49,412:INFO: Epoch 5/100
2018-05-27 01:35:49,713:INFO: - Train metrics: PSNR: 14.496 ; SSIM: 18.615 ; loss: 104.620
2018-05-27 01:35:50,038:INFO: - Eval metrics : PSNR: 13.867 ; SSIM: 19.152 ; loss: 124.750
2018-05-27 01:35:50,365:INFO: - Found new best accuracy
2018-05-27 01:35:50,366:INFO: Epoch 6/100
2018-05-27 01:36:05,940:INFO: Loading the datasets...
2018-05-27 01:36:05,941:INFO: - done.
2018-05-27 01:36:10,735:INFO: Starting training for 100 epoch(s)
2018-05-27 01:36:10,735:INFO: Restoring parameters from experiments/des_norm_model/best.pth.tar
2018-05-27 01:36:10,905:INFO: Epoch 1/100
2018-05-27 01:36:11,275:INFO: - Train metrics: PSNR: 14.530 ; SSIM: 18.592 ; loss: 103.427
2018-05-27 01:36:11,653:INFO: - Eval metrics : PSNR: 13.858 ; SSIM: 19.181 ; loss: 124.873
2018-05-27 01:36:11,971:INFO: - Found new best accuracy
2018-05-27 01:36:11,971:INFO: Epoch 2/100
2018-05-27 01:36:12,272:INFO: - Train metrics: PSNR: 14.551 ; SSIM: 18.616 ; loss: 102.549
2018-05-27 01:36:12,601:INFO: - Eval metrics : PSNR: 13.845 ; SSIM: 19.229 ; loss: 125.212
2018-05-27 01:36:12,702:INFO: Epoch 3/100
2018-05-27 01:36:13,003:INFO: - Train metrics: PSNR: 14.559 ; SSIM: 18.661 ; loss: 102.079
2018-05-27 01:36:13,331:INFO: - Eval metrics : PSNR: 13.852 ; SSIM: 19.246 ; loss: 125.056
2018-05-27 01:36:13,458:INFO: Epoch 4/100
2018-05-27 01:36:13,767:INFO: - Train metrics: PSNR: 14.580 ; SSIM: 18.674 ; loss: 101.237
2018-05-27 01:36:14,093:INFO: - Eval metrics : PSNR: 13.877 ; SSIM: 19.220 ; loss: 124.506
2018-05-27 01:36:14,372:INFO: - Found new best accuracy
2018-05-27 01:36:14,372:INFO: Epoch 5/100
2018-05-27 01:36:14,692:INFO: - Train metrics: PSNR: 14.615 ; SSIM: 18.645 ; loss: 100.075
2018-05-27 01:36:15,045:INFO: - Eval metrics : PSNR: 13.896 ; SSIM: 19.190 ; loss: 124.312
2018-05-27 01:36:15,281:INFO: - Found new best accuracy
2018-05-27 01:36:15,282:INFO: Epoch 6/100
2018-05-27 01:36:23,598:INFO: Loading the datasets...
2018-05-27 01:36:23,798:INFO: - done.
2018-05-27 01:36:28,538:INFO: Starting training for 100 epoch(s)
2018-05-27 01:36:28,538:INFO: Restoring parameters from experiments/des_norm_model/best.pth.tar
2018-05-27 01:36:28,715:INFO: Epoch 1/100
2018-05-27 01:41:43,705:INFO: - Train metrics: PSNR: 14.119 ; SSIM: 18.546 ; loss: 129.379
2018-05-27 01:44:59,505:INFO: Loading the datasets...
2018-05-27 01:44:59,709:INFO: - done.
2018-05-27 01:45:05,264:INFO: Starting training for 100 epoch(s)
2018-05-27 01:45:05,264:INFO: Restoring parameters from experiments/des_norm_model/best.pth.tar
2018-05-27 01:45:05,455:INFO: Epoch 1/100
2018-05-27 01:50:21,629:INFO: - Train metrics: PSNR: 14.119 ; SSIM: 18.547 ; loss: 129.409
2018-05-27 01:56:55,596:INFO: Loading the datasets...
2018-05-27 01:56:55,797:INFO: - done.
2018-05-27 01:57:01,291:INFO: Starting training for 100 epoch(s)
2018-05-27 01:57:01,292:INFO: Restoring parameters from experiments/des_norm_model/best.pth.tar
2018-05-27 01:57:01,475:INFO: Epoch 1/100
2018-05-27 02:02:17,040:INFO: - Train metrics: PSNR: 27.238 ; SSIM: 18.548 ; loss: 129.379
2018-05-27 02:09:49,838:INFO: Loading the datasets...
2018-05-27 02:09:49,838:INFO: - done.
2018-05-27 02:09:54,629:INFO: Starting training for 100 epoch(s)
2018-05-27 02:09:54,629:INFO: Restoring parameters from experiments/des_norm_model/best.pth.tar
2018-05-27 02:09:54,790:INFO: Epoch 1/100
2018-05-27 02:09:55,157:INFO: - Train metrics: PSNR: 28.281 ; SSIM: 18.613 ; loss: 99.328
2018-05-27 02:09:55,484:INFO: - Eval metrics : PSNR: 26.809 ; SSIM: 19.194 ; loss: 124.313
2018-05-27 02:09:55,800:INFO: - Found new best accuracy
2018-05-27 02:09:55,800:INFO: Epoch 2/100
2018-05-27 02:09:56,150:INFO: - Train metrics: PSNR: 28.312 ; SSIM: 18.617 ; loss: 98.672
2018-05-27 02:09:56,531:INFO: - Eval metrics : PSNR: 26.813 ; SSIM: 19.219 ; loss: 124.185
2018-05-27 02:09:56,779:INFO: - Found new best accuracy
2018-05-27 02:09:56,780:INFO: Epoch 3/100
2018-05-27 02:09:57,087:INFO: - Train metrics: PSNR: 28.346 ; SSIM: 18.644 ; loss: 97.718
2018-05-27 02:09:57,417:INFO: - Eval metrics : PSNR: 26.813 ; SSIM: 19.229 ; loss: 124.117
2018-05-27 02:09:57,511:INFO: Epoch 4/100
2018-05-27 02:09:57,815:INFO: - Train metrics: PSNR: 28.387 ; SSIM: 18.656 ; loss: 96.756
2018-05-27 02:09:58,145:INFO: - Eval metrics : PSNR: 26.813 ; SSIM: 19.210 ; loss: 124.269
2018-05-27 02:09:58,219:INFO: Epoch 5/100
2018-05-27 02:09:58,573:INFO: - Train metrics: PSNR: 28.426 ; SSIM: 18.639 ; loss: 96.043
2018-05-27 02:09:58,907:INFO: - Eval metrics : PSNR: 26.823 ; SSIM: 19.187 ; loss: 124.422
2018-05-27 02:09:59,217:INFO: - Found new best accuracy
2018-05-27 02:09:59,217:INFO: Epoch 6/100
2018-05-27 02:09:59,564:INFO: - Train metrics: PSNR: 28.463 ; SSIM: 18.619 ; loss: 95.366
2018-05-27 02:09:59,955:INFO: - Eval metrics : PSNR: 26.834 ; SSIM: 19.187 ; loss: 124.335
2018-05-27 02:10:00,241:INFO: - Found new best accuracy
2018-05-27 02:10:00,241:INFO: Epoch 7/100
2018-05-27 02:10:00,595:INFO: - Train metrics: PSNR: 28.498 ; SSIM: 18.621 ; loss: 94.485
2018-05-27 02:10:00,987:INFO: - Eval metrics : PSNR: 26.840 ; SSIM: 19.201 ; loss: 124.294
2018-05-27 02:10:01,290:INFO: - Found new best accuracy
2018-05-27 02:10:01,291:INFO: Epoch 8/100
2018-05-27 02:10:01,645:INFO: - Train metrics: PSNR: 28.522 ; SSIM: 18.637 ; loss: 93.695
2018-05-27 02:10:02,039:INFO: - Eval metrics : PSNR: 26.842 ; SSIM: 19.205 ; loss: 124.455
2018-05-27 02:10:02,276:INFO: - Found new best accuracy
2018-05-27 02:10:02,277:INFO: Epoch 9/100
2018-05-27 02:10:02,632:INFO: - Train metrics: PSNR: 28.546 ; SSIM: 18.641 ; loss: 93.090
2018-05-27 02:10:03,029:INFO: - Eval metrics : PSNR: 26.847 ; SSIM: 19.191 ; loss: 124.635
2018-05-27 02:10:03,265:INFO: - Found new best accuracy
2018-05-27 02:10:03,265:INFO: Epoch 10/100
2018-05-27 02:10:03,620:INFO: - Train metrics: PSNR: 28.589 ; SSIM: 18.626 ; loss: 92.400
2018-05-27 02:10:04,010:INFO: - Eval metrics : PSNR: 26.849 ; SSIM: 19.180 ; loss: 124.813
2018-05-27 02:10:04,246:INFO: - Found new best accuracy
2018-05-27 02:10:04,247:INFO: Epoch 11/100
2018-05-27 02:10:04,607:INFO: - Train metrics: PSNR: 28.635 ; SSIM: 18.614 ; loss: 91.643
2018-05-27 02:10:04,996:INFO: - Eval metrics : PSNR: 26.837 ; SSIM: 19.189 ; loss: 125.036
2018-05-27 02:10:05,070:INFO: Epoch 12/100
2018-05-27 02:10:05,426:INFO: - Train metrics: PSNR: 28.665 ; SSIM: 18.621 ; loss: 90.972
2018-05-27 02:10:05,825:INFO: - Eval metrics : PSNR: 26.820 ; SSIM: 19.208 ; loss: 125.249
2018-05-27 02:10:05,930:INFO: Epoch 13/100
2018-05-27 02:10:06,283:INFO: - Train metrics: PSNR: 28.684 ; SSIM: 18.638 ; loss: 90.367
2018-05-27 02:10:06,672:INFO: - Eval metrics : PSNR: 26.814 ; SSIM: 19.216 ; loss: 125.342
2018-05-27 02:10:06,776:INFO: Epoch 14/100
2018-05-27 02:10:07,133:INFO: - Train metrics: PSNR: 28.713 ; SSIM: 18.642 ; loss: 89.688
2018-05-27 02:10:07,532:INFO: - Eval metrics : PSNR: 26.819 ; SSIM: 19.207 ; loss: 125.372
2018-05-27 02:10:07,639:INFO: Epoch 15/100
2018-05-27 02:10:07,943:INFO: - Train metrics: PSNR: 28.752 ; SSIM: 18.630 ; loss: 88.987
2018-05-27 02:10:08,273:INFO: - Eval metrics : PSNR: 26.823 ; SSIM: 19.199 ; loss: 125.468
2018-05-27 02:10:08,347:INFO: Epoch 16/100
2018-05-27 02:10:08,699:INFO: - Train metrics: PSNR: 28.792 ; SSIM: 18.619 ; loss: 88.381
2018-05-27 02:10:09,035:INFO: - Eval metrics : PSNR: 26.821 ; SSIM: 19.207 ; loss: 125.596
2018-05-27 02:10:09,104:INFO: Epoch 17/100
2018-05-27 02:10:09,409:INFO: - Train metrics: PSNR: 28.826 ; SSIM: 18.625 ; loss: 87.787
2018-05-27 02:10:09,745:INFO: - Eval metrics : PSNR: 26.813 ; SSIM: 19.224 ; loss: 125.726
2018-05-27 02:10:09,826:INFO: Epoch 18/100
2018-05-27 02:10:10,131:INFO: - Train metrics: PSNR: 28.858 ; SSIM: 18.640 ; loss: 87.156
2018-05-27 02:10:10,461:INFO: - Eval metrics : PSNR: 26.806 ; SSIM: 19.231 ; loss: 125.875
2018-05-27 02:10:10,526:INFO: Epoch 19/100
2018-05-27 02:10:10,881:INFO: - Train metrics: PSNR: 28.887 ; SSIM: 18.645 ; loss: 86.546
2018-05-27 02:10:11,268:INFO: - Eval metrics : PSNR: 26.803 ; SSIM: 19.224 ; loss: 126.023
2018-05-27 02:10:11,373:INFO: Epoch 20/100
2018-05-27 02:10:11,723:INFO: - Train metrics: PSNR: 28.915 ; SSIM: 18.636 ; loss: 85.982
2018-05-27 02:10:12,116:INFO: - Eval metrics : PSNR: 26.807 ; SSIM: 19.216 ; loss: 126.119
2018-05-27 02:10:12,226:INFO: Epoch 21/100
2018-05-27 02:10:12,530:INFO: - Train metrics: PSNR: 28.944 ; SSIM: 18.627 ; loss: 85.423
2018-05-27 02:10:12,868:INFO: - Eval metrics : PSNR: 26.812 ; SSIM: 19.219 ; loss: 126.169
2018-05-27 02:10:12,943:INFO: Epoch 22/100
2018-05-27 02:10:13,295:INFO: - Train metrics: PSNR: 28.971 ; SSIM: 18.630 ; loss: 84.846
2018-05-27 02:10:13,684:INFO: - Eval metrics : PSNR: 26.818 ; SSIM: 19.227 ; loss: 126.247
2018-05-27 02:10:13,820:INFO: Epoch 23/100
2018-05-27 02:10:14,164:INFO: - Train metrics: PSNR: 28.998 ; SSIM: 18.638 ; loss: 84.302
2018-05-27 02:10:14,541:INFO: - Eval metrics : PSNR: 26.824 ; SSIM: 19.228 ; loss: 126.376
2018-05-27 02:10:14,616:INFO: Epoch 24/100
2018-05-27 02:10:14,915:INFO: - Train metrics: PSNR: 29.029 ; SSIM: 18.639 ; loss: 83.787
2018-05-27 02:10:15,243:INFO: - Eval metrics : PSNR: 26.831 ; SSIM: 19.220 ; loss: 126.525
2018-05-27 02:10:15,308:INFO: Epoch 25/100
2018-05-27 02:10:15,605:INFO: - Train metrics: PSNR: 29.066 ; SSIM: 18.632 ; loss: 83.264
2018-05-27 02:10:15,924:INFO: - Eval metrics : PSNR: 26.836 ; SSIM: 19.214 ; loss: 126.692
2018-05-27 02:10:16,023:INFO: Epoch 26/100
2018-05-27 02:10:16,321:INFO: - Train metrics: PSNR: 29.099 ; SSIM: 18.627 ; loss: 82.745
2018-05-27 02:10:16,698:INFO: - Eval metrics : PSNR: 26.835 ; SSIM: 19.217 ; loss: 126.871
2018-05-27 02:10:16,818:INFO: Epoch 27/100
2018-05-27 02:11:00,518:INFO: Loading the datasets...
2018-05-27 02:11:00,717:INFO: - done.
2018-05-27 02:11:05,527:INFO: Starting training for 100 epoch(s)
2018-05-27 02:11:05,527:INFO: Restoring parameters from experiments/des_norm_model/best.pth.tar
2018-05-27 02:11:05,697:INFO: Epoch 1/100
2018-05-27 02:16:24,000:INFO: - Train metrics: PSNR: 27.241 ; SSIM: 18.546 ; loss: 129.571
2018-05-27 02:20:24,115:INFO: Loading the datasets...
2018-05-27 02:20:24,320:INFO: - done.
2018-05-27 02:20:29,824:INFO: Starting training for 100 epoch(s)
2018-05-27 02:20:29,824:INFO: Restoring parameters from experiments/des_norm_model/best.pth.tar
2018-05-27 02:20:30,014:INFO: Epoch 1/100
2018-05-27 02:20:36,014:INFO: Loading the datasets...
2018-05-27 02:20:36,015:INFO: - done.
2018-05-27 02:20:41,546:INFO: Starting training for 100 epoch(s)
2018-05-27 02:20:41,546:INFO: Restoring parameters from experiments/des_norm_model/best.pth.tar
2018-05-27 02:20:41,735:INFO: Epoch 1/100
2018-05-27 02:20:42,234:INFO: - Train metrics: PSNR: 29.933 ; SSIM: 29.445 ; loss: 59.250
2018-05-27 02:20:42,685:INFO: - Eval metrics : PSNR: 26.832 ; SSIM: 20.063 ; loss: 125.669
2018-05-27 02:20:43,002:INFO: - Found new best accuracy
2018-05-27 02:20:43,003:INFO: Epoch 2/100
2018-05-27 02:20:43,470:INFO: - Train metrics: PSNR: 30.530 ; SSIM: 35.829 ; loss: 50.830
2018-05-27 02:20:43,915:INFO: - Eval metrics : PSNR: 26.804 ; SSIM: 20.072 ; loss: 126.325
2018-05-27 02:20:44,018:INFO: Epoch 3/100
2018-05-27 02:20:44,471:INFO: - Train metrics: PSNR: 30.245 ; SSIM: 29.484 ; loss: 54.784
2018-05-27 02:31:56,352:INFO: Loading the datasets...
2018-05-27 02:31:56,557:INFO: - done.
2018-05-27 02:32:01,717:INFO: Starting training for 100 epoch(s)
2018-05-27 02:32:01,717:INFO: Restoring parameters from experiments/des_norm_model/best.pth.tar
2018-05-27 02:32:01,884:INFO: Epoch 1/100
2018-05-27 02:37:17,401:INFO: - Train metrics: PSNR: 27.232 ; SSIM: 18.546 ; loss: 129.778
2018-05-27 02:41:05,149:INFO: Loading the datasets...
2018-05-27 02:41:05,149:INFO: - done.
2018-05-27 02:41:09,949:INFO: Starting training for 100 epoch(s)
2018-05-27 02:41:09,949:INFO: Restoring parameters from experiments/des_norm_model/best.pth.tar
2018-05-27 02:41:10,123:INFO: Epoch 1/100
2018-05-27 02:41:10,766:INFO: - Train metrics: PSNR: 31.053 ; SSIM: 56.912 ; loss: 39.221
2018-05-27 02:41:11,220:INFO: - Eval metrics : PSNR: 26.847 ; SSIM: 23.298 ; loss: 127.039
2018-05-27 02:41:11,535:INFO: - Found new best accuracy
2018-05-27 02:41:11,536:INFO: Epoch 2/100
2018-05-27 02:41:12,155:INFO: - Train metrics: PSNR: 30.400 ; SSIM: 24.710 ; loss: 57.301
2018-05-27 02:41:23,724:INFO: Loading the datasets...
2018-05-27 02:41:23,724:INFO: - done.
2018-05-27 02:41:28,479:INFO: Starting training for 100 epoch(s)
2018-05-27 02:41:28,479:INFO: Restoring parameters from experiments/des_norm_model/best.pth.tar
2018-05-27 02:41:28,641:INFO: Epoch 1/100
2018-05-27 02:41:29,283:INFO: - Train metrics: PSNR: 31.311 ; SSIM: 56.659 ; loss: 37.103
2018-05-27 02:41:29,795:INFO: - Eval metrics : PSNR: 26.835 ; SSIM: 23.343 ; loss: 128.829
2018-05-27 02:42:34,979:INFO: Loading the datasets...
2018-05-27 02:42:34,980:INFO: - done.
2018-05-27 02:42:39,792:INFO: Starting training for 100 epoch(s)
2018-05-27 02:42:39,792:INFO: Restoring parameters from experiments/des_norm_model/best.pth.tar
2018-05-27 02:42:39,960:INFO: Epoch 1/100
2018-05-27 02:42:40,599:INFO: - Train metrics: PSNR: 31.487 ; SSIM: 56.932 ; loss: 35.894
2018-05-27 02:42:41,077:INFO: - Eval metrics : PSNR: 26.804 ; SSIM: 23.311 ; loss: 129.942
2018-05-27 02:42:41,397:INFO: - Found new best accuracy
2018-05-27 02:42:41,398:INFO: Epoch 2/100
2018-05-27 02:42:42,009:INFO: - Train metrics: PSNR: 30.909 ; SSIM: 24.720 ; loss: 50.954
2018-05-27 02:42:42,449:INFO: - Eval metrics : PSNR: 26.730 ; SSIM: 23.368 ; loss: 132.860
2018-05-27 02:42:42,572:INFO: Epoch 3/100
2018-05-27 02:42:43,198:INFO: - Train metrics: PSNR: 30.026 ; SSIM: 18.231 ; loss: 60.475
2018-05-27 02:42:43,648:INFO: - Eval metrics : PSNR: 26.588 ; SSIM: 23.595 ; loss: 134.307
2018-05-27 02:42:43,793:INFO: Epoch 4/100
2018-05-27 02:42:44,422:INFO: - Train metrics: PSNR: 30.690 ; SSIM: 8.615 ; loss: 59.092
2018-05-27 02:42:44,927:INFO: - Eval metrics : PSNR: 26.602 ; SSIM: 23.268 ; loss: 137.785
2018-05-27 02:42:45,060:INFO: Epoch 5/100
2018-05-27 02:42:45,679:INFO: - Train metrics: PSNR: 30.827 ; SSIM: 8.572 ; loss: 59.225
2018-05-27 02:42:46,121:INFO: - Eval metrics : PSNR: 26.618 ; SSIM: 23.099 ; loss: 142.596
2018-05-27 02:42:46,220:INFO: Epoch 6/100
2018-05-27 02:42:46,843:INFO: - Train metrics: PSNR: 29.871 ; SSIM: 58.190 ; loss: 71.579
2018-05-27 02:42:47,346:INFO: - Eval metrics : PSNR: 26.009 ; SSIM: 22.234 ; loss: 163.310
2018-05-27 02:42:47,468:INFO: Epoch 7/100
2018-05-27 02:42:48,089:INFO: - Train metrics: PSNR: 27.205 ; SSIM: 15.992 ; loss: 119.372
2018-05-27 02:42:48,546:INFO: - Eval metrics : PSNR: 26.320 ; SSIM: 23.827 ; loss: 143.689
2018-05-27 02:42:48,663:INFO: Epoch 8/100
2018-05-27 02:42:49,285:INFO: - Train metrics: PSNR: 27.965 ; SSIM: 15.394 ; loss: 110.839
2018-05-27 02:42:49,729:INFO: - Eval metrics : PSNR: 26.585 ; SSIM: 23.078 ; loss: 142.238
2018-05-27 02:42:49,868:INFO: Epoch 9/100
2018-05-27 02:42:50,489:INFO: - Train metrics: PSNR: 31.222 ; SSIM: 8.492 ; loss: 53.411
2018-05-27 02:42:50,951:INFO: - Eval metrics : PSNR: 26.478 ; SSIM: 23.518 ; loss: 140.159
2018-05-27 02:42:51,079:INFO: Epoch 10/100
2018-05-27 02:42:51,702:INFO: - Train metrics: PSNR: 30.713 ; SSIM: 59.873 ; loss: 57.931
2018-05-27 02:42:52,214:INFO: - Eval metrics : PSNR: 26.335 ; SSIM: 23.668 ; loss: 145.709
2018-05-27 02:42:52,342:INFO: Epoch 11/100
2018-05-27 02:42:53,015:INFO: - Train metrics: PSNR: 30.917 ; SSIM: 18.399 ; loss: 48.905
2018-05-27 02:42:53,524:INFO: - Eval metrics : PSNR: 26.471 ; SSIM: 23.535 ; loss: 142.420
2018-05-27 02:42:53,649:INFO: Epoch 12/100
2018-05-27 02:42:54,266:INFO: - Train metrics: PSNR: 31.110 ; SSIM: 18.161 ; loss: 47.973
2018-05-27 02:42:54,772:INFO: - Eval metrics : PSNR: 25.793 ; SSIM: 23.986 ; loss: 159.204
2018-05-27 02:42:54,898:INFO: Epoch 13/100
2018-05-27 02:42:55,528:INFO: - Train metrics: PSNR: 31.676 ; SSIM: 58.665 ; loss: 32.941
2018-05-27 02:42:55,978:INFO: - Eval metrics : PSNR: 26.408 ; SSIM: 23.024 ; loss: 150.982
2018-05-27 02:42:56,111:INFO: Epoch 14/100
2018-05-27 02:42:56,734:INFO: - Train metrics: PSNR: 28.974 ; SSIM: 15.013 ; loss: 90.760
2018-05-27 02:42:57,178:INFO: - Eval metrics : PSNR: 25.823 ; SSIM: 23.873 ; loss: 158.011
2018-05-27 02:42:57,279:INFO: Epoch 15/100
2018-05-27 02:42:57,897:INFO: - Train metrics: PSNR: 30.944 ; SSIM: 25.420 ; loss: 48.660
2018-05-27 02:42:58,406:INFO: - Eval metrics : PSNR: 25.656 ; SSIM: 21.990 ; loss: 188.625
2018-05-27 02:42:58,525:INFO: Epoch 16/100
2018-05-27 02:42:59,148:INFO: - Train metrics: PSNR: 29.253 ; SSIM: 51.949 ; loss: 69.954
2018-05-27 02:42:59,663:INFO: - Eval metrics : PSNR: 25.077 ; SSIM: 24.579 ; loss: 184.450
2018-05-27 02:42:59,824:INFO: Epoch 17/100
2018-05-27 02:43:00,450:INFO: - Train metrics: PSNR: 27.548 ; SSIM: 11.956 ; loss: 123.969
2018-05-27 02:43:00,967:INFO: - Eval metrics : PSNR: 25.996 ; SSIM: 23.911 ; loss: 154.158
2018-05-27 02:43:01,083:INFO: Epoch 18/100
2018-05-27 02:43:01,705:INFO: - Train metrics: PSNR: 28.261 ; SSIM: 16.914 ; loss: 88.518
2018-05-27 02:43:02,230:INFO: - Eval metrics : PSNR: 26.341 ; SSIM: 23.006 ; loss: 153.660
2018-05-27 02:43:02,332:INFO: Epoch 19/100
2018-05-27 02:43:02,973:INFO: - Train metrics: PSNR: 33.059 ; SSIM: 18.065 ; loss: 35.571
2018-05-27 02:43:03,478:INFO: - Eval metrics : PSNR: 26.229 ; SSIM: 23.716 ; loss: 150.264
2018-05-27 02:43:03,563:INFO: Epoch 20/100
2018-05-27 02:43:42,454:INFO: Loading the datasets...
2018-05-27 02:43:42,454:INFO: - done.
2018-05-27 02:43:47,396:INFO: Starting training for 100 epoch(s)
2018-05-27 02:43:47,396:INFO: Restoring parameters from experiments/des_norm_model/best.pth.tar
2018-05-27 02:43:47,592:INFO: Epoch 1/100
2018-05-27 02:43:48,302:INFO: - Train metrics: PSNR: 31.663 ; SSIM: 56.701 ; loss: 34.500
2018-05-27 02:43:48,825:INFO: - Eval metrics : PSNR: 26.739 ; SSIM: 23.466 ; loss: 132.325
2018-05-27 02:43:49,150:INFO: - Found new best accuracy
2018-05-27 02:43:49,151:INFO: Epoch 2/100
2018-05-27 02:43:49,795:INFO: - Train metrics: PSNR: 31.040 ; SSIM: 24.784 ; loss: 49.485
2018-05-27 02:46:57,230:INFO: Loading the datasets...
2018-05-27 02:46:57,435:INFO: - done.
2018-05-27 02:47:02,977:INFO: Starting training for 100 epoch(s)
2018-05-27 02:47:02,977:INFO: Restoring parameters from experiments/des_norm_model/best.pth.tar
2018-05-27 02:47:03,168:INFO: Epoch 1/100
2018-05-27 02:47:20,715:INFO: Loading the datasets...
2018-05-27 02:47:20,919:INFO: - done.
2018-05-27 02:47:26,446:INFO: Starting training for 100 epoch(s)
2018-05-27 02:47:26,447:INFO: Restoring parameters from experiments/des_norm_model/best.pth.tar
2018-05-27 02:47:26,636:INFO: Epoch 1/100
2018-05-27 02:52:42,185:INFO: - Train metrics: PSNR: 27.174 ; loss: 131.758
2018-05-27 02:52:42,881:INFO: - Eval metrics : PSNR: 26.643 ; loss: 147.740
2018-05-27 02:52:43,193:INFO: - Found new best accuracy
2018-05-27 02:52:43,193:INFO: Epoch 2/100
2018-05-27 02:57:59,116:INFO: - Train metrics: PSNR: 27.264 ; loss: 126.119
2018-05-27 02:57:59,708:INFO: - Eval metrics : PSNR: 26.635 ; loss: 148.160
2018-05-27 02:57:59,837:INFO: Epoch 3/100
2018-05-27 03:01:51,867:INFO: Loading the datasets...
2018-05-27 03:01:51,868:INFO: - done.
2018-05-27 03:01:56,884:INFO: Starting training for 100 epoch(s)
2018-05-27 03:01:56,884:INFO: Restoring parameters from experiments/des_norm_model/best.pth.tar
2018-05-27 03:01:57,054:INFO: Epoch 1/100
2018-05-27 03:03:57,685:INFO: Loading the datasets...
2018-05-27 03:03:57,685:INFO: - done.
2018-05-27 03:04:02,524:INFO: Starting training for 100 epoch(s)
2018-05-27 03:04:02,524:INFO: Restoring parameters from experiments/des_norm_model/best.pth.tar
2018-05-27 03:04:02,698:INFO: Epoch 1/100
2018-05-27 03:07:58,392:INFO: Loading the datasets...
2018-05-27 03:07:58,393:INFO: - done.
2018-05-27 03:08:03,287:INFO: Starting training for 100 epoch(s)
2018-05-27 03:08:03,287:INFO: Restoring parameters from experiments/des_norm_model/best.pth.tar
2018-05-27 03:08:03,470:INFO: Epoch 1/100
2018-05-27 03:08:21,662:INFO: Loading the datasets...
2018-05-27 03:08:21,662:INFO: - done.
2018-05-27 03:08:27,074:INFO: Starting training for 100 epoch(s)
2018-05-27 03:08:27,075:INFO: Restoring parameters from experiments/des_norm_model/best.pth.tar
2018-05-27 03:08:27,245:INFO: Epoch 1/100
2018-05-27 03:08:44,506:INFO: Loading the datasets...
2018-05-27 03:08:44,506:INFO: - done.
2018-05-27 03:08:49,288:INFO: Starting training for 100 epoch(s)
2018-05-27 03:08:49,288:INFO: Restoring parameters from experiments/des_norm_model/best.pth.tar
2018-05-27 03:08:49,450:INFO: Epoch 1/100
2018-05-27 03:09:04,042:INFO: Loading the datasets...
2018-05-27 03:09:04,043:INFO: - done.
2018-05-27 03:09:08,809:INFO: Starting training for 100 epoch(s)
2018-05-27 03:09:08,809:INFO: Restoring parameters from experiments/des_norm_model/best.pth.tar
2018-05-27 03:09:08,975:INFO: Epoch 1/100
2018-05-27 03:11:14,287:INFO: Loading the datasets...
2018-05-27 03:11:14,287:INFO: - done.
2018-05-27 03:11:19,135:INFO: Starting training for 100 epoch(s)
2018-05-27 03:11:19,135:INFO: Restoring parameters from experiments/des_norm_model/best.pth.tar
2018-05-27 03:11:19,296:INFO: Epoch 1/100
2018-05-27 03:11:51,257:INFO: Loading the datasets...
2018-05-27 03:11:51,258:INFO: - done.
2018-05-27 03:11:56,771:INFO: Starting training for 100 epoch(s)
2018-05-27 03:11:56,771:INFO: Restoring parameters from experiments/des_norm_model/best.pth.tar
2018-05-27 03:11:56,958:INFO: Epoch 1/100
2018-05-27 03:12:13,280:INFO: Loading the datasets...
2018-05-27 03:12:13,280:INFO: - done.
2018-05-27 03:12:18,783:INFO: Starting training for 100 epoch(s)
2018-05-27 03:12:18,784:INFO: Restoring parameters from experiments/des_norm_model/best.pth.tar
2018-05-27 03:12:18,977:INFO: Epoch 1/100
2018-05-27 03:15:24,866:INFO: Loading the datasets...
2018-05-27 03:15:24,867:INFO: - done.
2018-05-27 03:15:29,725:INFO: Starting training for 100 epoch(s)
2018-05-27 03:15:29,725:INFO: Restoring parameters from experiments/des_norm_model/best.pth.tar
2018-05-27 03:15:29,896:INFO: Epoch 1/100
2018-05-27 03:15:46,426:INFO: Loading the datasets...
2018-05-27 03:15:46,426:INFO: - done.
2018-05-27 03:15:51,246:INFO: Starting training for 100 epoch(s)
2018-05-27 03:15:51,246:INFO: Restoring parameters from experiments/des_norm_model/best.pth.tar
2018-05-27 03:15:51,420:INFO: Epoch 1/100
2018-05-27 03:16:57,269:INFO: Loading the datasets...
2018-05-27 03:16:57,269:INFO: - done.
2018-05-27 03:17:02,069:INFO: Starting training for 100 epoch(s)
2018-05-27 03:17:02,069:INFO: Restoring parameters from experiments/des_norm_model/best.pth.tar
2018-05-27 03:17:02,236:INFO: Epoch 1/100
2018-05-27 03:17:22,974:INFO: Loading the datasets...
2018-05-27 03:17:22,975:INFO: - done.
2018-05-27 03:17:27,746:INFO: Starting training for 100 epoch(s)
2018-05-27 03:17:27,746:INFO: Restoring parameters from experiments/des_norm_model/best.pth.tar
2018-05-27 03:17:27,911:INFO: Epoch 1/100
2018-05-27 03:19:22,671:INFO: Loading the datasets...
2018-05-27 03:19:22,671:INFO: - done.
2018-05-27 03:19:27,430:INFO: Starting training for 100 epoch(s)
2018-05-27 03:19:27,430:INFO: Restoring parameters from experiments/des_norm_model/best.pth.tar
2018-05-27 03:19:27,603:INFO: Epoch 1/100
2018-05-27 03:20:14,419:INFO: Loading the datasets...
2018-05-27 03:20:14,420:INFO: - done.
2018-05-27 03:20:19,220:INFO: Starting training for 100 epoch(s)
2018-05-27 03:20:19,220:INFO: Restoring parameters from experiments/des_norm_model/best.pth.tar
2018-05-27 03:20:19,394:INFO: Epoch 1/100
2018-05-27 03:21:24,453:INFO: Loading the datasets...
2018-05-27 03:21:24,454:INFO: - done.
2018-05-27 03:21:29,211:INFO: Starting training for 100 epoch(s)
2018-05-27 03:21:29,211:INFO: Restoring parameters from experiments/des_norm_model/best.pth.tar
2018-05-27 03:21:29,370:INFO: Epoch 1/100
2018-05-27 03:23:51,887:INFO: Loading the datasets...
2018-05-27 03:23:51,888:INFO: - done.
2018-05-27 03:23:56,701:INFO: Starting training for 100 epoch(s)
2018-05-27 03:23:56,701:INFO: Restoring parameters from experiments/des_norm_model/best.pth.tar
2018-05-27 03:23:56,868:INFO: Epoch 1/100
2018-05-27 03:24:50,455:INFO: Loading the datasets...
2018-05-27 03:24:50,456:INFO: - done.
2018-05-27 03:24:55,279:INFO: Starting training for 100 epoch(s)
2018-05-27 03:24:55,279:INFO: Restoring parameters from experiments/des_norm_model/best.pth.tar
2018-05-27 03:24:55,449:INFO: Epoch 1/100
2018-05-27 03:25:20,309:INFO: Loading the datasets...
2018-05-27 03:25:20,310:INFO: - done.
2018-05-27 03:25:25,110:INFO: Starting training for 100 epoch(s)
2018-05-27 03:25:25,111:INFO: Restoring parameters from experiments/des_norm_model/best.pth.tar
2018-05-27 03:25:25,293:INFO: Epoch 1/100
2018-05-27 03:27:10,706:INFO: Loading the datasets...
2018-05-27 03:27:10,706:INFO: - done.
2018-05-27 03:27:15,511:INFO: Starting training for 100 epoch(s)
2018-05-27 03:27:15,512:INFO: Restoring parameters from experiments/des_norm_model/best.pth.tar
2018-05-27 03:27:15,686:INFO: Epoch 1/100
2018-05-27 03:27:16,249:INFO: - Train metrics: PSNR: 28.355 ; SSIM: 0.818 ; loss: 96.202
2018-05-27 03:27:16,583:INFO: - Eval metrics : PSNR: 26.930 ; SSIM: 0.820 ; loss: 119.482
2018-05-27 03:27:16,907:INFO: - Found new best accuracy
2018-05-27 03:27:16,908:INFO: Epoch 2/100
2018-05-27 03:27:17,207:INFO: - Train metrics: PSNR: 28.391 ; SSIM: 0.819 ; loss: 95.576
2018-05-27 03:27:17,588:INFO: - Eval metrics : PSNR: 26.968 ; SSIM: 0.820 ; loss: 119.462
2018-05-27 03:27:17,882:INFO: - Found new best accuracy
2018-05-27 03:27:17,882:INFO: Epoch 3/100
2018-05-27 03:27:38,354:INFO: Loading the datasets...
2018-05-27 03:27:38,354:INFO: - done.
2018-05-27 03:27:43,194:INFO: Starting training for 100 epoch(s)
2018-05-27 03:27:43,194:INFO: Restoring parameters from experiments/des_norm_model/best.pth.tar
2018-05-27 03:27:43,368:INFO: Epoch 1/100
2018-05-27 03:27:43,729:INFO: - Train metrics: PSNR: 28.478 ; SSIM: 0.820 ; loss: 94.584
2018-05-27 03:27:44,055:INFO: - Eval metrics : PSNR: 26.980 ; SSIM: 0.821 ; loss: 119.129
2018-05-27 03:27:44,318:INFO: - Found new best accuracy
2018-05-27 03:27:44,319:INFO: Epoch 2/100
2018-05-27 03:27:44,613:INFO: - Train metrics: PSNR: 28.520 ; SSIM: 0.821 ; loss: 93.025
2018-05-27 03:27:44,942:INFO: - Eval metrics : PSNR: 26.978 ; SSIM: 0.821 ; loss: 119.132
2018-05-27 03:27:45,050:INFO: Epoch 3/100
2018-05-27 03:27:45,345:INFO: - Train metrics: PSNR: 28.564 ; SSIM: 0.823 ; loss: 91.404
2018-05-27 03:27:45,722:INFO: - Eval metrics : PSNR: 26.999 ; SSIM: 0.821 ; loss: 119.415
2018-05-27 03:27:45,953:INFO: - Found new best accuracy
2018-05-27 03:27:45,954:INFO: Epoch 4/100
2018-05-27 03:27:46,253:INFO: - Train metrics: PSNR: 28.674 ; SSIM: 0.824 ; loss: 89.706
2018-05-27 03:27:46,575:INFO: - Eval metrics : PSNR: 26.986 ; SSIM: 0.821 ; loss: 120.178
2018-05-27 03:27:46,705:INFO: Epoch 5/100
2018-05-27 03:27:46,999:INFO: - Train metrics: PSNR: 28.757 ; SSIM: 0.826 ; loss: 88.184
2018-05-27 03:27:47,330:INFO: - Eval metrics : PSNR: 26.966 ; SSIM: 0.820 ; loss: 121.184
2018-05-27 03:27:47,450:INFO: Epoch 6/100
2018-05-27 03:27:47,763:INFO: - Train metrics: PSNR: 28.831 ; SSIM: 0.827 ; loss: 86.848
2018-05-27 03:27:48,139:INFO: - Eval metrics : PSNR: 26.964 ; SSIM: 0.820 ; loss: 122.071
2018-05-27 03:27:48,275:INFO: Epoch 7/100
2018-05-27 03:27:48,608:INFO: - Train metrics: PSNR: 28.913 ; SSIM: 0.828 ; loss: 85.440
2018-05-27 03:27:48,976:INFO: - Eval metrics : PSNR: 26.930 ; SSIM: 0.819 ; loss: 122.749
2018-05-27 03:27:49,053:INFO: Epoch 8/100
2018-05-27 03:27:49,382:INFO: - Train metrics: PSNR: 28.975 ; SSIM: 0.830 ; loss: 83.922
2018-05-27 03:27:49,711:INFO: - Eval metrics : PSNR: 26.915 ; SSIM: 0.819 ; loss: 123.132
2018-05-27 03:27:49,838:INFO: Epoch 9/100
2018-05-27 03:27:50,135:INFO: - Train metrics: PSNR: 29.064 ; SSIM: 0.831 ; loss: 82.423
2018-05-27 03:27:50,467:INFO: - Eval metrics : PSNR: 26.925 ; SSIM: 0.818 ; loss: 123.362
2018-05-27 03:27:50,587:INFO: Epoch 10/100
2018-05-27 03:27:50,921:INFO: - Train metrics: PSNR: 29.163 ; SSIM: 0.832 ; loss: 81.123
2018-05-27 03:27:51,307:INFO: - Eval metrics : PSNR: 26.913 ; SSIM: 0.818 ; loss: 123.438
2018-05-27 03:27:51,423:INFO: Epoch 11/100
2018-05-27 03:27:51,758:INFO: - Train metrics: PSNR: 29.217 ; SSIM: 0.833 ; loss: 79.928
2018-05-27 03:27:52,132:INFO: - Eval metrics : PSNR: 26.916 ; SSIM: 0.818 ; loss: 123.652
2018-05-27 03:27:52,254:INFO: Epoch 12/100
2018-05-27 03:27:52,581:INFO: - Train metrics: PSNR: 29.282 ; SSIM: 0.834 ; loss: 78.865
2018-05-27 03:27:52,961:INFO: - Eval metrics : PSNR: 26.925 ; SSIM: 0.818 ; loss: 124.105
2018-05-27 03:27:53,036:INFO: Epoch 13/100
2018-05-27 03:27:53,332:INFO: - Train metrics: PSNR: 29.369 ; SSIM: 0.835 ; loss: 77.801
2018-05-27 03:27:53,661:INFO: - Eval metrics : PSNR: 26.913 ; SSIM: 0.817 ; loss: 124.767
2018-05-27 03:27:53,773:INFO: Epoch 14/100
2018-05-27 03:27:54,113:INFO: - Train metrics: PSNR: 29.442 ; SSIM: 0.836 ; loss: 76.733
2018-05-27 03:27:54,486:INFO: - Eval metrics : PSNR: 26.918 ; SSIM: 0.817 ; loss: 125.497
2018-05-27 03:27:54,559:INFO: Epoch 15/100
2018-05-27 03:27:54,893:INFO: - Train metrics: PSNR: 29.524 ; SSIM: 0.837 ; loss: 75.676
2018-05-27 03:27:55,277:INFO: - Eval metrics : PSNR: 26.916 ; SSIM: 0.816 ; loss: 126.366
2018-05-27 03:27:55,390:INFO: Epoch 16/100
2018-05-27 03:27:55,730:INFO: - Train metrics: PSNR: 29.592 ; SSIM: 0.839 ; loss: 74.725
2018-05-27 03:27:56,124:INFO: - Eval metrics : PSNR: 26.896 ; SSIM: 0.816 ; loss: 127.300
2018-05-27 03:27:56,222:INFO: Epoch 17/100
2018-05-27 03:27:56,560:INFO: - Train metrics: PSNR: 29.646 ; SSIM: 0.840 ; loss: 73.825
2018-05-27 03:27:56,939:INFO: - Eval metrics : PSNR: 26.901 ; SSIM: 0.815 ; loss: 127.950
2018-05-27 03:27:57,014:INFO: Epoch 18/100
2018-05-27 03:27:57,349:INFO: - Train metrics: PSNR: 29.726 ; SSIM: 0.841 ; loss: 72.940
2018-05-27 03:27:57,684:INFO: - Eval metrics : PSNR: 26.900 ; SSIM: 0.815 ; loss: 128.274
2018-05-27 03:27:57,783:INFO: Epoch 19/100
2018-05-27 03:27:58,121:INFO: - Train metrics: PSNR: 29.787 ; SSIM: 0.842 ; loss: 72.084
2018-05-27 03:28:02,580:INFO: Loading the datasets...
2018-05-27 03:28:02,580:INFO: - done.
2018-05-27 03:28:08,097:INFO: Starting training for 100 epoch(s)
2018-05-27 03:28:08,097:INFO: Restoring parameters from experiments/des_norm_model/best.pth.tar
2018-05-27 03:28:08,292:INFO: Epoch 1/100
2018-05-27 03:28:08,701:INFO: - Train metrics: PSNR: 28.674 ; SSIM: 0.824 ; loss: 89.706
2018-05-27 03:28:09,084:INFO: - Eval metrics : PSNR: 26.986 ; SSIM: 0.821 ; loss: 120.178
2018-05-27 03:28:09,406:INFO: - Found new best accuracy
2018-05-27 03:28:09,406:INFO: Epoch 2/100
2018-05-27 03:28:09,738:INFO: - Train metrics: PSNR: 28.757 ; SSIM: 0.826 ; loss: 88.184
2018-05-27 03:28:10,071:INFO: - Eval metrics : PSNR: 26.966 ; SSIM: 0.820 ; loss: 121.184
2018-05-27 03:28:10,170:INFO: Epoch 3/100
2018-05-27 03:28:10,505:INFO: - Train metrics: PSNR: 28.831 ; SSIM: 0.827 ; loss: 86.848
2018-05-27 03:28:10,884:INFO: - Eval metrics : PSNR: 26.964 ; SSIM: 0.820 ; loss: 122.071
2018-05-27 03:28:11,014:INFO: Epoch 4/100
2018-05-27 03:28:11,352:INFO: - Train metrics: PSNR: 28.913 ; SSIM: 0.828 ; loss: 85.440
2018-05-27 03:28:11,724:INFO: - Eval metrics : PSNR: 26.930 ; SSIM: 0.819 ; loss: 122.749
2018-05-27 03:28:11,846:INFO: Epoch 5/100
2018-05-27 03:28:12,185:INFO: - Train metrics: PSNR: 28.975 ; SSIM: 0.830 ; loss: 83.922
2018-05-27 03:28:12,562:INFO: - Eval metrics : PSNR: 26.915 ; SSIM: 0.819 ; loss: 123.132
2018-05-27 03:28:12,683:INFO: Epoch 6/100
2018-05-27 03:28:13,019:INFO: - Train metrics: PSNR: 29.064 ; SSIM: 0.831 ; loss: 82.423
2018-05-27 03:28:13,378:INFO: - Eval metrics : PSNR: 26.925 ; SSIM: 0.818 ; loss: 123.362
2018-05-27 03:28:13,478:INFO: Epoch 7/100
2018-05-27 03:28:13,808:INFO: - Train metrics: PSNR: 29.163 ; SSIM: 0.832 ; loss: 81.123
2018-05-27 03:28:14,184:INFO: - Eval metrics : PSNR: 26.913 ; SSIM: 0.818 ; loss: 123.438
2018-05-27 03:28:14,285:INFO: Epoch 8/100
2018-05-27 03:28:14,616:INFO: - Train metrics: PSNR: 29.217 ; SSIM: 0.833 ; loss: 79.928
2018-05-27 03:28:14,995:INFO: - Eval metrics : PSNR: 26.916 ; SSIM: 0.818 ; loss: 123.652
2018-05-27 03:28:15,078:INFO: Epoch 9/100
2018-05-27 03:28:15,409:INFO: - Train metrics: PSNR: 29.282 ; SSIM: 0.834 ; loss: 78.864
2018-05-27 03:28:15,768:INFO: - Eval metrics : PSNR: 26.925 ; SSIM: 0.818 ; loss: 124.105
2018-05-27 03:28:15,900:INFO: Epoch 10/100
2018-05-27 03:28:16,233:INFO: - Train metrics: PSNR: 29.369 ; SSIM: 0.835 ; loss: 77.800
2018-05-27 03:28:16,614:INFO: - Eval metrics : PSNR: 26.913 ; SSIM: 0.817 ; loss: 124.768
2018-05-27 03:28:16,695:INFO: Epoch 11/100
2018-05-27 03:28:17,030:INFO: - Train metrics: PSNR: 29.442 ; SSIM: 0.836 ; loss: 76.732
2018-05-27 03:28:17,397:INFO: - Eval metrics : PSNR: 26.918 ; SSIM: 0.817 ; loss: 125.497
2018-05-27 03:28:17,475:INFO: Epoch 12/100
2018-05-27 03:28:17,806:INFO: - Train metrics: PSNR: 29.524 ; SSIM: 0.837 ; loss: 75.675
2018-05-27 03:28:18,193:INFO: - Eval metrics : PSNR: 26.916 ; SSIM: 0.816 ; loss: 126.366
2018-05-27 03:28:18,318:INFO: Epoch 13/100
2018-05-27 03:28:18,662:INFO: - Train metrics: PSNR: 29.592 ; SSIM: 0.839 ; loss: 74.726
2018-05-27 03:28:19,042:INFO: - Eval metrics : PSNR: 26.896 ; SSIM: 0.816 ; loss: 127.299
2018-05-27 03:28:19,154:INFO: Epoch 14/100
2018-05-27 03:28:19,491:INFO: - Train metrics: PSNR: 29.646 ; SSIM: 0.840 ; loss: 73.825
2018-05-27 03:28:19,851:INFO: - Eval metrics : PSNR: 26.901 ; SSIM: 0.815 ; loss: 127.945
2018-05-27 03:28:19,977:INFO: Epoch 15/100
2018-05-27 03:28:20,319:INFO: - Train metrics: PSNR: 29.726 ; SSIM: 0.841 ; loss: 72.940
2018-05-27 03:28:20,689:INFO: - Eval metrics : PSNR: 26.900 ; SSIM: 0.815 ; loss: 128.268
2018-05-27 03:28:20,816:INFO: Epoch 16/100
2018-05-27 03:28:21,150:INFO: - Train metrics: PSNR: 29.787 ; SSIM: 0.842 ; loss: 72.084
2018-05-27 03:28:21,537:INFO: - Eval metrics : PSNR: 26.890 ; SSIM: 0.815 ; loss: 128.329
2018-05-27 03:28:21,658:INFO: Epoch 17/100
2018-05-27 03:28:21,989:INFO: - Train metrics: PSNR: 29.828 ; SSIM: 0.842 ; loss: 71.238
2018-05-27 03:28:22,353:INFO: - Eval metrics : PSNR: 26.896 ; SSIM: 0.815 ; loss: 128.273
2018-05-27 03:28:22,481:INFO: Epoch 18/100
2018-05-27 03:28:22,815:INFO: - Train metrics: PSNR: 29.884 ; SSIM: 0.843 ; loss: 70.418
2018-05-27 03:28:23,198:INFO: - Eval metrics : PSNR: 26.891 ; SSIM: 0.815 ; loss: 128.312
2018-05-27 03:28:23,332:INFO: Epoch 19/100
2018-05-27 03:28:23,670:INFO: - Train metrics: PSNR: 29.937 ; SSIM: 0.844 ; loss: 69.624
2018-05-27 03:28:24,040:INFO: - Eval metrics : PSNR: 26.885 ; SSIM: 0.814 ; loss: 128.520
2018-05-27 03:28:24,166:INFO: Epoch 20/100
2018-05-27 03:28:24,494:INFO: - Train metrics: PSNR: 29.984 ; SSIM: 0.845 ; loss: 68.893
2018-05-27 03:28:24,870:INFO: - Eval metrics : PSNR: 26.889 ; SSIM: 0.814 ; loss: 128.852
2018-05-27 03:28:24,976:INFO: Epoch 21/100
2018-05-27 03:28:25,309:INFO: - Train metrics: PSNR: 30.039 ; SSIM: 0.846 ; loss: 68.158
2018-05-27 03:28:25,697:INFO: - Eval metrics : PSNR: 26.879 ; SSIM: 0.814 ; loss: 129.353
2018-05-27 03:28:25,769:INFO: Epoch 22/100
2018-05-27 03:28:26,103:INFO: - Train metrics: PSNR: 30.082 ; SSIM: 0.847 ; loss: 67.435
2018-05-27 03:28:26,485:INFO: - Eval metrics : PSNR: 26.875 ; SSIM: 0.813 ; loss: 129.904
2018-05-27 03:28:26,574:INFO: Epoch 23/100
2018-05-27 03:28:26,906:INFO: - Train metrics: PSNR: 30.136 ; SSIM: 0.848 ; loss: 66.728
2018-05-27 03:28:27,282:INFO: - Eval metrics : PSNR: 26.876 ; SSIM: 0.813 ; loss: 130.384
2018-05-27 03:28:27,414:INFO: Epoch 24/100
2018-05-27 03:28:27,743:INFO: - Train metrics: PSNR: 30.194 ; SSIM: 0.849 ; loss: 66.067
2018-05-27 03:28:28,117:INFO: - Eval metrics : PSNR: 26.866 ; SSIM: 0.813 ; loss: 130.691
2018-05-27 03:28:28,251:INFO: Epoch 25/100
2018-05-27 03:28:28,577:INFO: - Train metrics: PSNR: 30.233 ; SSIM: 0.849 ; loss: 65.419
2018-05-27 03:28:28,942:INFO: - Eval metrics : PSNR: 26.871 ; SSIM: 0.812 ; loss: 130.765
2018-05-27 03:28:29,078:INFO: Epoch 26/100
2018-05-27 03:28:29,410:INFO: - Train metrics: PSNR: 30.278 ; SSIM: 0.850 ; loss: 64.782
2018-05-27 03:28:29,786:INFO: - Eval metrics : PSNR: 26.875 ; SSIM: 0.812 ; loss: 130.806
2018-05-27 03:28:29,919:INFO: Epoch 27/100
2018-05-27 03:28:30,258:INFO: - Train metrics: PSNR: 30.323 ; SSIM: 0.851 ; loss: 64.167
2018-05-27 03:28:30,632:INFO: - Eval metrics : PSNR: 26.871 ; SSIM: 0.812 ; loss: 130.956
2018-05-27 03:28:30,760:INFO: Epoch 28/100
2018-05-27 03:28:31,096:INFO: - Train metrics: PSNR: 30.360 ; SSIM: 0.852 ; loss: 63.568
2018-05-27 03:28:31,475:INFO: - Eval metrics : PSNR: 26.873 ; SSIM: 0.812 ; loss: 131.207
2018-05-27 03:28:31,594:INFO: Epoch 29/100
2018-05-27 03:28:31,928:INFO: - Train metrics: PSNR: 30.402 ; SSIM: 0.852 ; loss: 62.989
2018-05-27 03:28:32,299:INFO: - Eval metrics : PSNR: 26.864 ; SSIM: 0.812 ; loss: 131.634
2018-05-27 03:28:32,426:INFO: Epoch 30/100
2018-05-27 03:28:32,753:INFO: - Train metrics: PSNR: 30.437 ; SSIM: 0.853 ; loss: 62.422
2018-05-27 03:28:33,082:INFO: - Eval metrics : PSNR: 26.852 ; SSIM: 0.811 ; loss: 132.200
2018-05-27 03:28:33,156:INFO: Epoch 31/100
2018-05-27 03:28:33,444:INFO: - Train metrics: PSNR: 30.474 ; SSIM: 0.854 ; loss: 61.875
2018-05-27 03:28:33,772:INFO: - Eval metrics : PSNR: 26.846 ; SSIM: 0.811 ; loss: 132.796
2018-05-27 03:28:33,886:INFO: Epoch 32/100
2018-05-27 03:28:34,222:INFO: - Train metrics: PSNR: 30.521 ; SSIM: 0.855 ; loss: 61.335
2018-05-27 03:28:34,546:INFO: - Eval metrics : PSNR: 26.832 ; SSIM: 0.811 ; loss: 133.333
2018-05-27 03:28:34,657:INFO: Epoch 33/100
2018-05-27 03:28:34,992:INFO: - Train metrics: PSNR: 30.562 ; SSIM: 0.855 ; loss: 60.808
2018-05-27 03:28:35,363:INFO: - Eval metrics : PSNR: 26.827 ; SSIM: 0.811 ; loss: 133.698
2018-05-27 03:28:35,489:INFO: Epoch 34/100
2018-05-27 03:28:35,817:INFO: - Train metrics: PSNR: 30.603 ; SSIM: 0.856 ; loss: 60.288
2018-05-27 03:28:36,195:INFO: - Eval metrics : PSNR: 26.827 ; SSIM: 0.810 ; loss: 133.931
2018-05-27 03:28:36,287:INFO: Epoch 35/100
2018-05-27 03:28:36,621:INFO: - Train metrics: PSNR: 30.645 ; SSIM: 0.857 ; loss: 59.784
2018-05-27 03:28:36,941:INFO: - Eval metrics : PSNR: 26.823 ; SSIM: 0.810 ; loss: 134.150
2018-05-27 03:28:37,040:INFO: Epoch 36/100
2018-05-27 03:28:37,375:INFO: - Train metrics: PSNR: 30.683 ; SSIM: 0.857 ; loss: 59.292
2018-05-27 03:28:37,749:INFO: - Eval metrics : PSNR: 26.825 ; SSIM: 0.810 ; loss: 134.406
2018-05-27 03:28:37,847:INFO: Epoch 37/100
2018-05-27 03:28:38,184:INFO: - Train metrics: PSNR: 30.724 ; SSIM: 0.858 ; loss: 58.814
2018-05-27 03:28:38,560:INFO: - Eval metrics : PSNR: 26.819 ; SSIM: 0.810 ; loss: 134.750
2018-05-27 03:28:38,635:INFO: Epoch 38/100
2018-05-27 03:28:38,977:INFO: - Train metrics: PSNR: 30.760 ; SSIM: 0.859 ; loss: 58.344
2018-05-27 03:28:39,358:INFO: - Eval metrics : PSNR: 26.811 ; SSIM: 0.809 ; loss: 135.158
2018-05-27 03:28:39,486:INFO: Epoch 39/100
2018-05-27 03:28:39,820:INFO: - Train metrics: PSNR: 30.795 ; SSIM: 0.859 ; loss: 57.883
2018-05-27 03:28:40,192:INFO: - Eval metrics : PSNR: 26.807 ; SSIM: 0.809 ; loss: 135.567
2018-05-27 03:28:40,262:INFO: Epoch 40/100
2018-05-27 03:28:40,610:INFO: - Train metrics: PSNR: 30.837 ; SSIM: 0.860 ; loss: 57.433
2018-05-27 03:28:40,989:INFO: - Eval metrics : PSNR: 26.798 ; SSIM: 0.809 ; loss: 135.941
2018-05-27 03:28:41,064:INFO: Epoch 41/100
2018-05-27 03:28:41,407:INFO: - Train metrics: PSNR: 30.872 ; SSIM: 0.861 ; loss: 56.990
2018-05-27 03:28:41,783:INFO: - Eval metrics : PSNR: 26.791 ; SSIM: 0.809 ; loss: 136.205
2018-05-27 03:28:41,906:INFO: Epoch 42/100
2018-05-27 03:28:42,241:INFO: - Train metrics: PSNR: 30.906 ; SSIM: 0.861 ; loss: 56.554
2018-05-27 03:28:42,625:INFO: - Eval metrics : PSNR: 26.788 ; SSIM: 0.808 ; loss: 136.397
2018-05-27 03:28:42,742:INFO: Epoch 43/100
2018-05-27 03:28:43,075:INFO: - Train metrics: PSNR: 30.941 ; SSIM: 0.862 ; loss: 56.126
2018-05-27 03:28:43,403:INFO: - Eval metrics : PSNR: 26.782 ; SSIM: 0.808 ; loss: 136.596
2018-05-27 03:28:43,505:INFO: Epoch 44/100
2018-05-27 03:28:43,839:INFO: - Train metrics: PSNR: 30.976 ; SSIM: 0.862 ; loss: 55.707
2018-05-27 03:28:44,223:INFO: - Eval metrics : PSNR: 26.779 ; SSIM: 0.808 ; loss: 136.854
2018-05-27 03:28:44,314:INFO: Epoch 45/100
2018-05-27 03:28:44,647:INFO: - Train metrics: PSNR: 31.017 ; SSIM: 0.863 ; loss: 55.297
2018-05-27 03:28:45,027:INFO: - Eval metrics : PSNR: 26.771 ; SSIM: 0.808 ; loss: 137.218
2018-05-27 03:28:45,150:INFO: Epoch 46/100
2018-05-27 03:28:45,485:INFO: - Train metrics: PSNR: 31.052 ; SSIM: 0.863 ; loss: 54.895
2018-05-27 03:28:45,854:INFO: - Eval metrics : PSNR: 26.762 ; SSIM: 0.807 ; loss: 137.635
2018-05-27 03:28:45,990:INFO: Epoch 47/100
2018-05-27 03:28:46,322:INFO: - Train metrics: PSNR: 31.087 ; SSIM: 0.864 ; loss: 54.500
2018-05-27 03:28:46,707:INFO: - Eval metrics : PSNR: 26.756 ; SSIM: 0.807 ; loss: 138.031
2018-05-27 03:28:46,789:INFO: Epoch 48/100
2018-05-27 03:28:47,126:INFO: - Train metrics: PSNR: 31.125 ; SSIM: 0.865 ; loss: 54.113
2018-05-27 03:28:47,503:INFO: - Eval metrics : PSNR: 26.747 ; SSIM: 0.807 ; loss: 138.382
2018-05-27 03:28:47,611:INFO: Epoch 49/100
2018-05-27 03:28:47,944:INFO: - Train metrics: PSNR: 31.158 ; SSIM: 0.865 ; loss: 53.731
2018-05-27 03:28:48,319:INFO: - Eval metrics : PSNR: 26.742 ; SSIM: 0.807 ; loss: 138.640
2018-05-27 03:28:48,395:INFO: Epoch 50/100
2018-05-27 03:28:48,727:INFO: - Train metrics: PSNR: 31.191 ; SSIM: 0.866 ; loss: 53.355
2018-05-27 03:28:49,110:INFO: - Eval metrics : PSNR: 26.737 ; SSIM: 0.806 ; loss: 138.837
2018-05-27 03:28:49,226:INFO: Epoch 51/100
2018-05-27 03:28:49,556:INFO: - Train metrics: PSNR: 31.221 ; SSIM: 0.866 ; loss: 52.986
2018-05-27 03:28:49,933:INFO: - Eval metrics : PSNR: 26.731 ; SSIM: 0.806 ; loss: 139.038
2018-05-27 03:28:50,058:INFO: Epoch 52/100
2018-05-27 03:28:50,393:INFO: - Train metrics: PSNR: 31.249 ; SSIM: 0.867 ; loss: 52.624
2018-05-27 03:28:50,765:INFO: - Eval metrics : PSNR: 26.727 ; SSIM: 0.806 ; loss: 139.285
2018-05-27 03:28:50,841:INFO: Epoch 53/100
2018-05-27 03:28:51,180:INFO: - Train metrics: PSNR: 31.280 ; SSIM: 0.867 ; loss: 52.266
2018-05-27 03:28:51,503:INFO: - Eval metrics : PSNR: 26.718 ; SSIM: 0.806 ; loss: 139.603
2018-05-27 03:28:51,569:INFO: Epoch 54/100
2018-05-27 03:28:51,863:INFO: - Train metrics: PSNR: 31.308 ; SSIM: 0.868 ; loss: 51.915
2018-05-27 03:28:52,192:INFO: - Eval metrics : PSNR: 26.711 ; SSIM: 0.805 ; loss: 139.937
2018-05-27 03:28:52,305:INFO: Epoch 55/100
2018-05-27 03:28:52,608:INFO: - Train metrics: PSNR: 31.337 ; SSIM: 0.868 ; loss: 51.568
2018-05-27 03:28:52,938:INFO: - Eval metrics : PSNR: 26.704 ; SSIM: 0.805 ; loss: 140.264
2018-05-27 03:28:53,065:INFO: Epoch 56/100
2018-05-27 03:28:53,354:INFO: - Train metrics: PSNR: 31.366 ; SSIM: 0.869 ; loss: 51.227
2018-05-27 03:28:53,683:INFO: - Eval metrics : PSNR: 26.697 ; SSIM: 0.805 ; loss: 140.552
2018-05-27 03:28:53,810:INFO: Epoch 57/100
2018-05-27 03:28:54,142:INFO: - Train metrics: PSNR: 31.395 ; SSIM: 0.869 ; loss: 50.891
2018-05-27 03:28:54,516:INFO: - Eval metrics : PSNR: 26.694 ; SSIM: 0.805 ; loss: 140.773
2018-05-27 03:28:54,642:INFO: Epoch 58/100
2018-05-27 03:28:54,969:INFO: - Train metrics: PSNR: 31.426 ; SSIM: 0.870 ; loss: 50.561
2018-05-27 03:28:55,349:INFO: - Eval metrics : PSNR: 26.689 ; SSIM: 0.804 ; loss: 140.960
2018-05-27 03:28:55,474:INFO: Epoch 59/100
2018-05-27 03:29:00,161:INFO: Loading the datasets...
2018-05-27 03:29:00,162:INFO: - done.
2018-05-27 03:29:05,641:INFO: Starting training for 100 epoch(s)
2018-05-27 03:29:05,641:INFO: Restoring parameters from experiments/des_norm_model/best.pth.tar
2018-05-27 03:29:05,827:INFO: Epoch 1/100
2018-05-27 03:29:06,237:INFO: - Train metrics: PSNR: 28.757 ; SSIM: 0.826 ; loss: 88.184
2018-05-27 03:29:06,605:INFO: - Eval metrics : PSNR: 26.966 ; SSIM: 0.820 ; loss: 121.184
2018-05-27 03:29:06,930:INFO: - Found new best accuracy
2018-05-27 03:29:06,931:INFO: Epoch 2/100
2018-05-27 03:29:07,220:INFO: - Train metrics: PSNR: 28.831 ; SSIM: 0.827 ; loss: 86.848
2018-05-27 03:29:07,550:INFO: - Eval metrics : PSNR: 26.964 ; SSIM: 0.820 ; loss: 122.071
2018-05-27 03:29:07,646:INFO: Epoch 3/100
2018-05-27 03:29:07,938:INFO: - Train metrics: PSNR: 28.913 ; SSIM: 0.828 ; loss: 85.440
2018-05-27 03:29:08,265:INFO: - Eval metrics : PSNR: 26.930 ; SSIM: 0.819 ; loss: 122.749
2018-05-27 03:29:08,374:INFO: Epoch 4/100
2018-05-27 03:29:08,662:INFO: - Train metrics: PSNR: 28.975 ; SSIM: 0.830 ; loss: 83.922
2018-05-27 03:29:08,994:INFO: - Eval metrics : PSNR: 26.915 ; SSIM: 0.819 ; loss: 123.132
2018-05-27 03:29:09,107:INFO: Epoch 5/100
2018-05-27 03:29:09,396:INFO: - Train metrics: PSNR: 29.064 ; SSIM: 0.831 ; loss: 82.423
2018-05-27 03:29:09,720:INFO: - Eval metrics : PSNR: 26.925 ; SSIM: 0.818 ; loss: 123.362
2018-05-27 03:29:09,798:INFO: Epoch 6/100
2018-05-27 03:29:10,136:INFO: - Train metrics: PSNR: 29.163 ; SSIM: 0.832 ; loss: 81.123
2018-05-27 03:29:10,514:INFO: - Eval metrics : PSNR: 26.913 ; SSIM: 0.818 ; loss: 123.439
2018-05-27 03:29:10,630:INFO: Epoch 7/100
2018-05-27 03:29:10,968:INFO: - Train metrics: PSNR: 29.217 ; SSIM: 0.833 ; loss: 79.928
2018-05-27 03:29:11,355:INFO: - Eval metrics : PSNR: 26.916 ; SSIM: 0.818 ; loss: 123.653
2018-05-27 03:29:11,462:INFO: Epoch 8/100
2018-05-27 03:29:11,792:INFO: - Train metrics: PSNR: 29.282 ; SSIM: 0.834 ; loss: 78.864
2018-05-27 03:29:12,175:INFO: - Eval metrics : PSNR: 26.925 ; SSIM: 0.818 ; loss: 124.105
2018-05-27 03:29:12,294:INFO: Epoch 9/100
2018-05-27 03:29:12,620:INFO: - Train metrics: PSNR: 29.369 ; SSIM: 0.835 ; loss: 77.800
2018-05-27 03:29:13,003:INFO: - Eval metrics : PSNR: 26.913 ; SSIM: 0.817 ; loss: 124.767
2018-05-27 03:29:13,079:INFO: Epoch 10/100
2018-05-27 03:29:13,365:INFO: - Train metrics: PSNR: 29.442 ; SSIM: 0.836 ; loss: 76.732
2018-05-27 03:29:13,728:INFO: - Eval metrics : PSNR: 26.917 ; SSIM: 0.817 ; loss: 125.495
2018-05-27 03:29:13,805:INFO: Epoch 11/100
2018-05-27 03:29:14,101:INFO: - Train metrics: PSNR: 29.524 ; SSIM: 0.837 ; loss: 75.675
2018-05-27 03:29:14,429:INFO: - Eval metrics : PSNR: 26.916 ; SSIM: 0.816 ; loss: 126.363
2018-05-27 03:29:14,532:INFO: Epoch 12/100
2018-05-27 03:29:14,827:INFO: - Train metrics: PSNR: 29.592 ; SSIM: 0.839 ; loss: 74.725
2018-05-27 03:29:15,159:INFO: - Eval metrics : PSNR: 26.896 ; SSIM: 0.816 ; loss: 127.296
2018-05-27 03:29:15,229:INFO: Epoch 13/100
2018-05-27 03:29:15,559:INFO: - Train metrics: PSNR: 29.646 ; SSIM: 0.840 ; loss: 73.824
2018-05-27 03:29:15,934:INFO: - Eval metrics : PSNR: 26.901 ; SSIM: 0.815 ; loss: 127.945
2018-05-27 03:29:16,000:INFO: Epoch 14/100
2018-05-27 03:29:16,295:INFO: - Train metrics: PSNR: 29.726 ; SSIM: 0.841 ; loss: 72.939
2018-05-27 03:29:16,623:INFO: - Eval metrics : PSNR: 26.899 ; SSIM: 0.815 ; loss: 128.272
2018-05-27 03:29:16,690:INFO: Epoch 15/100
2018-05-27 03:29:16,976:INFO: - Train metrics: PSNR: 29.787 ; SSIM: 0.842 ; loss: 72.083
2018-05-27 03:29:17,303:INFO: - Eval metrics : PSNR: 26.890 ; SSIM: 0.815 ; loss: 128.332
2018-05-27 03:29:17,398:INFO: Epoch 16/100
2018-05-27 03:29:17,728:INFO: - Train metrics: PSNR: 29.828 ; SSIM: 0.842 ; loss: 71.238
2018-05-27 03:29:18,081:INFO: - Eval metrics : PSNR: 26.896 ; SSIM: 0.815 ; loss: 128.275
2018-05-27 03:29:18,217:INFO: Epoch 17/100
2018-05-27 03:29:18,510:INFO: - Train metrics: PSNR: 29.884 ; SSIM: 0.843 ; loss: 70.417
2018-05-27 03:29:18,833:INFO: - Eval metrics : PSNR: 26.891 ; SSIM: 0.815 ; loss: 128.311
2018-05-27 03:29:18,932:INFO: Epoch 18/100
2018-05-27 03:29:19,226:INFO: - Train metrics: PSNR: 29.937 ; SSIM: 0.844 ; loss: 69.624
2018-05-27 03:29:19,548:INFO: - Eval metrics : PSNR: 26.885 ; SSIM: 0.814 ; loss: 128.513
2018-05-27 03:29:19,659:INFO: Epoch 19/100
2018-05-27 03:29:19,965:INFO: - Train metrics: PSNR: 29.984 ; SSIM: 0.845 ; loss: 68.893
2018-05-27 03:29:20,286:INFO: - Eval metrics : PSNR: 26.889 ; SSIM: 0.814 ; loss: 128.841
2018-05-27 03:29:20,414:INFO: Epoch 20/100
2018-05-27 03:29:20,706:INFO: - Train metrics: PSNR: 30.039 ; SSIM: 0.846 ; loss: 68.157
2018-05-27 03:29:21,042:INFO: - Eval metrics : PSNR: 26.879 ; SSIM: 0.814 ; loss: 129.337
2018-05-27 03:29:21,110:INFO: Epoch 21/100
2018-05-27 03:29:21,397:INFO: - Train metrics: PSNR: 30.082 ; SSIM: 0.847 ; loss: 67.434
2018-05-27 03:29:21,760:INFO: - Eval metrics : PSNR: 26.874 ; SSIM: 0.813 ; loss: 129.890
2018-05-27 03:29:21,863:INFO: Epoch 22/100
2018-05-27 03:29:22,152:INFO: - Train metrics: PSNR: 30.136 ; SSIM: 0.848 ; loss: 66.727
2018-05-27 03:29:22,473:INFO: - Eval metrics : PSNR: 26.875 ; SSIM: 0.813 ; loss: 130.372
2018-05-27 03:29:22,602:INFO: Epoch 23/100
2018-05-27 03:29:22,891:INFO: - Train metrics: PSNR: 30.194 ; SSIM: 0.849 ; loss: 66.066
2018-05-27 03:29:23,221:INFO: - Eval metrics : PSNR: 26.866 ; SSIM: 0.813 ; loss: 130.682
2018-05-27 03:29:23,295:INFO: Epoch 24/100
2018-05-27 03:29:23,591:INFO: - Train metrics: PSNR: 30.233 ; SSIM: 0.849 ; loss: 65.417
2018-05-27 03:29:23,963:INFO: - Eval metrics : PSNR: 26.870 ; SSIM: 0.812 ; loss: 130.762
2018-05-27 03:29:24,046:INFO: Epoch 25/100
2018-05-27 03:29:24,331:INFO: - Train metrics: PSNR: 30.278 ; SSIM: 0.850 ; loss: 64.781
2018-05-27 03:29:24,658:INFO: - Eval metrics : PSNR: 26.875 ; SSIM: 0.812 ; loss: 130.806
2018-05-27 03:29:24,790:INFO: Epoch 26/100
2018-05-27 03:29:25,113:INFO: - Train metrics: PSNR: 30.323 ; SSIM: 0.851 ; loss: 64.166
2018-05-27 03:29:25,472:INFO: - Eval metrics : PSNR: 26.871 ; SSIM: 0.812 ; loss: 130.959
2018-05-27 03:29:25,609:INFO: Epoch 27/100
2018-05-27 03:29:25,896:INFO: - Train metrics: PSNR: 30.359 ; SSIM: 0.852 ; loss: 63.568
2018-05-27 03:29:26,219:INFO: - Eval metrics : PSNR: 26.873 ; SSIM: 0.812 ; loss: 131.207
2018-05-27 03:29:26,287:INFO: Epoch 28/100
2018-05-27 03:29:26,576:INFO: - Train metrics: PSNR: 30.402 ; SSIM: 0.852 ; loss: 62.987
2018-05-27 03:29:26,843:INFO: - Eval metrics : PSNR: 26.863 ; SSIM: 0.812 ; loss: 131.632
2018-05-27 03:29:26,952:INFO: Epoch 29/100
2018-05-27 03:29:27,244:INFO: - Train metrics: PSNR: 30.437 ; SSIM: 0.853 ; loss: 62.420
2018-05-27 03:29:27,566:INFO: - Eval metrics : PSNR: 26.851 ; SSIM: 0.811 ; loss: 132.196
2018-05-27 03:29:27,694:INFO: Epoch 30/100
2018-05-27 03:29:27,980:INFO: - Train metrics: PSNR: 30.475 ; SSIM: 0.854 ; loss: 61.873
2018-05-27 03:29:28,352:INFO: - Eval metrics : PSNR: 26.846 ; SSIM: 0.811 ; loss: 132.792
2018-05-27 03:29:28,480:INFO: Epoch 31/100
2018-05-27 03:29:28,763:INFO: - Train metrics: PSNR: 30.521 ; SSIM: 0.855 ; loss: 61.334
2018-05-27 03:29:29,114:INFO: - Eval metrics : PSNR: 26.832 ; SSIM: 0.811 ; loss: 133.328
2018-05-27 03:29:29,247:INFO: Epoch 32/100
2018-05-27 03:29:29,535:INFO: - Train metrics: PSNR: 30.562 ; SSIM: 0.855 ; loss: 60.807
2018-05-27 03:29:29,856:INFO: - Eval metrics : PSNR: 26.826 ; SSIM: 0.810 ; loss: 133.698
2018-05-27 03:29:29,987:INFO: Epoch 33/100
2018-05-27 03:29:30,280:INFO: - Train metrics: PSNR: 30.604 ; SSIM: 0.856 ; loss: 60.287
2018-05-27 03:29:30,643:INFO: - Eval metrics : PSNR: 26.826 ; SSIM: 0.810 ; loss: 133.924
2018-05-27 03:29:30,726:INFO: Epoch 34/100
2018-05-27 03:29:31,020:INFO: - Train metrics: PSNR: 30.646 ; SSIM: 0.857 ; loss: 59.783
2018-05-27 03:29:31,341:INFO: - Eval metrics : PSNR: 26.823 ; SSIM: 0.810 ; loss: 134.139
2018-05-27 03:29:31,412:INFO: Epoch 35/100
2018-05-27 03:29:31,701:INFO: - Train metrics: PSNR: 30.683 ; SSIM: 0.857 ; loss: 59.291
2018-05-27 03:29:32,022:INFO: - Eval metrics : PSNR: 26.825 ; SSIM: 0.810 ; loss: 134.389
2018-05-27 03:29:32,103:INFO: Epoch 36/100
2018-05-27 03:29:32,395:INFO: - Train metrics: PSNR: 30.725 ; SSIM: 0.858 ; loss: 58.814
2018-05-27 03:29:32,715:INFO: - Eval metrics : PSNR: 26.819 ; SSIM: 0.810 ; loss: 134.738
2018-05-27 03:29:32,810:INFO: Epoch 37/100
2018-05-27 03:29:33,103:INFO: - Train metrics: PSNR: 30.760 ; SSIM: 0.859 ; loss: 58.343
2018-05-27 03:29:33,425:INFO: - Eval metrics : PSNR: 26.810 ; SSIM: 0.809 ; loss: 135.155
2018-05-27 03:29:33,542:INFO: Epoch 38/100
2018-05-27 03:29:33,880:INFO: - Train metrics: PSNR: 30.795 ; SSIM: 0.859 ; loss: 57.881
2018-05-27 03:29:34,215:INFO: - Eval metrics : PSNR: 26.807 ; SSIM: 0.809 ; loss: 135.574
2018-05-27 03:29:34,318:INFO: Epoch 39/100
2018-05-27 03:29:34,605:INFO: - Train metrics: PSNR: 30.837 ; SSIM: 0.860 ; loss: 57.431
2018-05-27 03:29:34,933:INFO: - Eval metrics : PSNR: 26.797 ; SSIM: 0.809 ; loss: 135.953
2018-05-27 03:29:35,011:INFO: Epoch 40/100
2018-05-27 03:29:35,309:INFO: - Train metrics: PSNR: 30.872 ; SSIM: 0.861 ; loss: 56.989
2018-05-27 03:29:35,676:INFO: - Eval metrics : PSNR: 26.791 ; SSIM: 0.809 ; loss: 136.214
2018-05-27 03:29:35,776:INFO: Epoch 41/100
2018-05-27 03:29:36,068:INFO: - Train metrics: PSNR: 30.906 ; SSIM: 0.861 ; loss: 56.553
2018-05-27 03:29:36,395:INFO: - Eval metrics : PSNR: 26.787 ; SSIM: 0.808 ; loss: 136.401
2018-05-27 03:29:36,470:INFO: Epoch 42/100
2018-05-27 03:29:36,767:INFO: - Train metrics: PSNR: 30.941 ; SSIM: 0.862 ; loss: 56.124
2018-05-27 03:29:37,038:INFO: - Eval metrics : PSNR: 26.782 ; SSIM: 0.808 ; loss: 136.603
2018-05-27 03:29:37,132:INFO: Epoch 43/100
2018-05-27 03:29:37,416:INFO: - Train metrics: PSNR: 30.976 ; SSIM: 0.862 ; loss: 55.706
2018-05-27 03:29:37,690:INFO: - Eval metrics : PSNR: 26.780 ; SSIM: 0.808 ; loss: 136.863
2018-05-27 03:29:37,824:INFO: Epoch 44/100
2018-05-27 03:29:38,110:INFO: - Train metrics: PSNR: 31.017 ; SSIM: 0.863 ; loss: 55.295
2018-05-27 03:29:38,462:INFO: - Eval metrics : PSNR: 26.772 ; SSIM: 0.808 ; loss: 137.227
2018-05-27 03:29:38,558:INFO: Epoch 45/100
2018-05-27 03:29:38,848:INFO: - Train metrics: PSNR: 31.053 ; SSIM: 0.863 ; loss: 54.893
2018-05-27 03:29:39,223:INFO: - Eval metrics : PSNR: 26.762 ; SSIM: 0.807 ; loss: 137.653
2018-05-27 03:29:39,344:INFO: Epoch 46/100
2018-05-27 03:29:39,638:INFO: - Train metrics: PSNR: 31.088 ; SSIM: 0.864 ; loss: 54.498
2018-05-27 03:29:39,984:INFO: - Eval metrics : PSNR: 26.756 ; SSIM: 0.807 ; loss: 138.064
2018-05-27 03:29:40,115:INFO: Epoch 47/100
2018-05-27 03:29:40,423:INFO: - Train metrics: PSNR: 31.126 ; SSIM: 0.865 ; loss: 54.111
2018-05-27 03:29:40,782:INFO: - Eval metrics : PSNR: 26.747 ; SSIM: 0.807 ; loss: 138.417
2018-05-27 03:29:40,856:INFO: Epoch 48/100
2018-05-27 03:29:41,167:INFO: - Train metrics: PSNR: 31.159 ; SSIM: 0.865 ; loss: 53.728
2018-05-27 03:29:41,516:INFO: - Eval metrics : PSNR: 26.742 ; SSIM: 0.807 ; loss: 138.665
2018-05-27 03:29:41,590:INFO: Epoch 49/100
2018-05-27 03:29:41,896:INFO: - Train metrics: PSNR: 31.192 ; SSIM: 0.866 ; loss: 53.352
2018-05-27 03:29:42,254:INFO: - Eval metrics : PSNR: 26.737 ; SSIM: 0.806 ; loss: 138.851
2018-05-27 03:29:42,362:INFO: Epoch 50/100
2018-05-27 03:29:42,665:INFO: - Train metrics: PSNR: 31.221 ; SSIM: 0.866 ; loss: 52.983
2018-05-27 03:29:43,014:INFO: - Eval metrics : PSNR: 26.730 ; SSIM: 0.806 ; loss: 139.043
2018-05-27 03:29:43,149:INFO: Epoch 51/100
2018-05-27 03:29:43,446:INFO: - Train metrics: PSNR: 31.249 ; SSIM: 0.867 ; loss: 52.621
2018-05-27 03:29:43,807:INFO: - Eval metrics : PSNR: 26.726 ; SSIM: 0.806 ; loss: 139.297
2018-05-27 03:29:43,884:INFO: Epoch 52/100
2018-05-27 03:29:44,202:INFO: - Train metrics: PSNR: 31.280 ; SSIM: 0.867 ; loss: 52.263
2018-05-27 03:29:44,555:INFO: - Eval metrics : PSNR: 26.717 ; SSIM: 0.806 ; loss: 139.633
2018-05-27 03:29:44,665:INFO: Epoch 53/100
2018-05-27 03:29:44,966:INFO: - Train metrics: PSNR: 31.308 ; SSIM: 0.868 ; loss: 51.911
2018-05-27 03:29:45,239:INFO: - Eval metrics : PSNR: 26.709 ; SSIM: 0.805 ; loss: 139.990
2018-05-27 03:29:45,314:INFO: Epoch 54/100
2018-05-27 03:29:45,607:INFO: - Train metrics: PSNR: 31.336 ; SSIM: 0.868 ; loss: 51.565
2018-05-27 03:29:45,968:INFO: - Eval metrics : PSNR: 26.702 ; SSIM: 0.805 ; loss: 140.316
2018-05-27 03:29:46,042:INFO: Epoch 55/100
2018-05-27 03:29:46,334:INFO: - Train metrics: PSNR: 31.366 ; SSIM: 0.869 ; loss: 51.224
2018-05-27 03:29:46,607:INFO: - Eval metrics : PSNR: 26.695 ; SSIM: 0.805 ; loss: 140.587
2018-05-27 03:29:46,680:INFO: Epoch 56/100
2018-05-27 03:29:46,974:INFO: - Train metrics: PSNR: 31.396 ; SSIM: 0.869 ; loss: 50.888
2018-05-27 03:29:47,312:INFO: - Eval metrics : PSNR: 26.693 ; SSIM: 0.805 ; loss: 140.795
2018-05-27 03:29:47,440:INFO: Epoch 57/100
2018-05-27 03:29:47,728:INFO: - Train metrics: PSNR: 31.427 ; SSIM: 0.870 ; loss: 50.557
2018-05-27 03:29:47,995:INFO: - Eval metrics : PSNR: 26.688 ; SSIM: 0.804 ; loss: 140.986
2018-05-27 03:29:48,063:INFO: Epoch 58/100
2018-05-27 03:29:48,353:INFO: - Train metrics: PSNR: 31.454 ; SSIM: 0.870 ; loss: 50.232
2018-05-27 03:29:48,685:INFO: - Eval metrics : PSNR: 26.685 ; SSIM: 0.804 ; loss: 141.191
2018-05-27 03:29:48,798:INFO: Epoch 59/100
2018-05-27 03:29:49,088:INFO: - Train metrics: PSNR: 31.482 ; SSIM: 0.871 ; loss: 49.913
2018-05-27 03:29:49,370:INFO: - Eval metrics : PSNR: 26.682 ; SSIM: 0.804 ; loss: 141.411
2018-05-27 03:29:49,474:INFO: Epoch 60/100
2018-05-27 03:29:49,762:INFO: - Train metrics: PSNR: 31.510 ; SSIM: 0.871 ; loss: 49.597
2018-05-27 03:29:50,130:INFO: - Eval metrics : PSNR: 26.676 ; SSIM: 0.804 ; loss: 141.656
2018-05-27 03:29:50,235:INFO: Epoch 61/100
2018-05-27 03:29:50,527:INFO: - Train metrics: PSNR: 31.536 ; SSIM: 0.872 ; loss: 49.285
2018-05-27 03:29:50,889:INFO: - Eval metrics : PSNR: 26.672 ; SSIM: 0.804 ; loss: 141.886
2018-05-27 03:29:50,974:INFO: Epoch 62/100
2018-05-27 03:29:51,278:INFO: - Train metrics: PSNR: 31.563 ; SSIM: 0.872 ; loss: 48.978
2018-05-27 03:29:51,631:INFO: - Eval metrics : PSNR: 26.666 ; SSIM: 0.803 ; loss: 142.110
2018-05-27 03:29:51,705:INFO: Epoch 63/100
2018-05-27 03:29:52,026:INFO: - Train metrics: PSNR: 31.588 ; SSIM: 0.873 ; loss: 48.674
2018-05-27 03:29:52,383:INFO: - Eval metrics : PSNR: 26.661 ; SSIM: 0.803 ; loss: 142.346
2018-05-27 03:29:52,499:INFO: Epoch 64/100
2018-05-27 03:29:52,795:INFO: - Train metrics: PSNR: 31.614 ; SSIM: 0.873 ; loss: 48.374
2018-05-27 03:30:44,508:INFO: Loading the datasets...
2018-05-27 03:30:44,704:INFO: - done.
2018-05-27 03:30:50,045:INFO: Starting training for 100 epoch(s)
2018-05-27 03:30:50,045:INFO: Restoring parameters from experiments/des_norm_model/best.pth.tar
2018-05-27 03:30:50,223:INFO: Epoch 1/100
2018-05-27 03:36:06,341:INFO: - Train metrics: PSNR: 27.273 ; SSIM: 0.800 ; loss: 128.729
2018-05-27 03:36:06,993:INFO: - Eval metrics : PSNR: 26.636 ; SSIM: 0.794 ; loss: 147.940
2018-05-27 03:36:07,309:INFO: - Found new best accuracy
2018-05-27 03:36:07,310:INFO: Epoch 2/100
2018-05-27 03:41:22,628:INFO: - Train metrics: PSNR: 27.273 ; SSIM: 0.796 ; loss: 125.921
2018-05-27 03:41:23,301:INFO: - Eval metrics : PSNR: 26.643 ; SSIM: 0.794 ; loss: 148.125
2018-05-27 03:41:23,627:INFO: - Found new best accuracy
2018-05-27 03:41:23,627:INFO: Epoch 3/100
2018-05-27 18:09:53,477:INFO: Loading the datasets...
2018-05-27 18:09:53,678:INFO: - done.
2018-05-27 18:09:59,290:INFO: Starting training for 100 epoch(s)
2018-05-27 18:09:59,291:INFO: Epoch 1/100
2018-05-27 18:10:14,465:INFO: Loading the datasets...
2018-05-27 18:10:14,671:INFO: - done.
2018-05-27 18:10:20,286:INFO: Starting training for 100 epoch(s)
2018-05-27 18:10:20,287:INFO: Epoch 1/100
2018-05-27 18:12:35,120:INFO: Loading the datasets...
2018-05-27 18:12:35,321:INFO: - done.
2018-05-27 18:12:40,268:INFO: Starting training for 100 epoch(s)
2018-05-27 18:12:40,269:INFO: Epoch 1/100
2018-05-27 18:24:55,524:INFO: - Train metrics: PSNR: 18.275 ; SSIM: 0.558 ; loss: 4821.162
2018-05-27 18:24:56,494:INFO: - Eval metrics : PSNR: 25.778 ; SSIM: 0.738 ; loss: 193.892
2018-05-27 18:24:58,245:INFO: - Found new best accuracy
2018-05-27 18:24:58,246:INFO: Epoch 2/100
2018-05-27 18:37:14,054:INFO: - Train metrics: PSNR: 25.994 ; SSIM: 0.743 ; loss: 198.883
2018-05-27 18:37:15,029:INFO: - Eval metrics : PSNR: 26.139 ; SSIM: 0.757 ; loss: 178.129
2018-05-27 18:37:16,710:INFO: - Found new best accuracy
2018-05-27 18:37:16,711:INFO: Epoch 3/100
